{"/Users/gretagrover/HackReactor/LLFEC/MockDataReviews.js": {"path":"/Users/gretagrover/HackReactor/LLFEC/MockDataReviews.js","statementMap":{"0":{"start":{"line":2,"column":23},"end":{"line":13,"column":4}},"1":{"start":{"line":14,"column":20},"end":{"line":155,"column":1}},"2":{"start":{"line":157,"column":24},"end":{"line":188,"column":1}},"3":{"start":{"line":190,"column":0},"end":{"line":194,"column":1}}},"fnMap":{},"branchMap":{},"s":{"0":1,"1":1,"2":1,"3":1},"f":{},"b":{},"_coverageSchema":"1a1c01bbd47fc00a2c39e90264f33305004495a9","hash":"17affff8781803e6f6f8ed0f0bbf3498009a430c"}
,"/Users/gretagrover/HackReactor/LLFEC/config.js": {"path":"/Users/gretagrover/HackReactor/LLFEC/config.js","statementMap":{"0":{"start":{"line":1,"column":16},"end":{"line":1,"column":58}},"1":{"start":{"line":3,"column":0},"end":{"line":3,"column":29}}},"fnMap":{},"branchMap":{},"s":{"0":1,"1":1},"f":{},"b":{},"_coverageSchema":"1a1c01bbd47fc00a2c39e90264f33305004495a9","hash":"9e947ac31f9cd66d845bb17629ea64827c096062"}
,"/Users/gretagrover/HackReactor/LLFEC/src/Components/App.jsx": {"path":"/Users/gretagrover/HackReactor/LLFEC/src/Components/App.jsx","statementMap":{"0":{"start":{"line":9,"column":12},"end":{"line":49,"column":1}},"1":{"start":{"line":11,"column":34},"end":{"line":11,"column":48}},"2":{"start":{"line":12,"column":46},"end":{"line":12,"column":60}},"3":{"start":{"line":14,"column":2},"end":{"line":36,"column":9}},"4":{"start":{"line":15,"column":18},"end":{"line":25,"column":5}},"5":{"start":{"line":26,"column":4},"end":{"line":35,"column":9}},"6":{"start":{"line":28,"column":23},"end":{"line":28,"column":35}},"7":{"start":{"line":29,"column":8},"end":{"line":29,"column":30}},"8":{"start":{"line":30,"column":20},"end":{"line":30,"column":63}},"9":{"start":{"line":31,"column":8},"end":{"line":31,"column":43}},"10":{"start":{"line":34,"column":8},"end":{"line":34,"column":25}},"11":{"start":{"line":37,"column":2},"end":{"line":48,"column":4}}},"fnMap":{"0":{"name":"(anonymous_0)","decl":{"start":{"line":9,"column":12},"end":{"line":9,"column":13}},"loc":{"start":{"line":9,"column":18},"end":{"line":49,"column":1}},"line":9},"1":{"name":"(anonymous_1)","decl":{"start":{"line":14,"column":12},"end":{"line":14,"column":13}},"loc":{"start":{"line":14,"column":18},"end":{"line":36,"column":3}},"line":14},"2":{"name":"(anonymous_2)","decl":{"start":{"line":27,"column":12},"end":{"line":27,"column":13}},"loc":{"start":{"line":27,"column":25},"end":{"line":32,"column":7}},"line":27},"3":{"name":"(anonymous_3)","decl":{"start":{"line":33,"column":13},"end":{"line":33,"column":14}},"loc":{"start":{"line":33,"column":22},"end":{"line":35,"column":7}},"line":33}},"branchMap":{"0":{"loc":{"start":{"line":39,"column":7},"end":{"line":46,"column":7}},"type":"binary-expr","locations":[{"start":{"line":39,"column":7},"end":{"line":39,"column":21}},{"start":{"line":40,"column":8},"end":{"line":45,"column":11}}],"line":39}},"s":{"0":1,"1":3,"2":2,"3":2,"4":1,"5":1,"6":1,"7":1,"8":1,"9":1,"10":0,"11":2},"f":{"0":3,"1":1,"2":1,"3":0},"b":{"0":[2,1]},"_coverageSchema":"1a1c01bbd47fc00a2c39e90264f33305004495a9","hash":"174c1ca98239960229a99eb381a14f33c3604160"}
,"/Users/gretagrover/HackReactor/LLFEC/src/Components/Navbar.jsx": {"path":"/Users/gretagrover/HackReactor/LLFEC/src/Components/Navbar.jsx","statementMap":{"0":{"start":{"line":5,"column":15},"end":{"line":96,"column":1}},"1":{"start":{"line":6,"column":2},"end":{"line":95,"column":4}}},"fnMap":{"0":{"name":"(anonymous_0)","decl":{"start":{"line":5,"column":15},"end":{"line":5,"column":16}},"loc":{"start":{"line":5,"column":21},"end":{"line":96,"column":1}},"line":5}},"branchMap":{},"s":{"0":1,"1":2},"f":{"0":2},"b":{},"_coverageSchema":"1a1c01bbd47fc00a2c39e90264f33305004495a9","hash":"14b15e3cf987ccfdfb37f15e054536a763272712"}
,"/Users/gretagrover/HackReactor/LLFEC/src/Components/NavbarSearch.jsx": {"path":"/Users/gretagrover/HackReactor/LLFEC/src/Components/NavbarSearch.jsx","statementMap":{"0":{"start":{"line":7,"column":15},"end":{"line":21,"column":3}},"1":{"start":{"line":7,"column":45},"end":{"line":21,"column":1}},"2":{"start":{"line":23,"column":26},"end":{"line":31,"column":3}},"3":{"start":{"line":23,"column":56},"end":{"line":31,"column":1}},"4":{"start":{"line":33,"column":24},"end":{"line":45,"column":3}},"5":{"start":{"line":33,"column":58},"end":{"line":45,"column":1}},"6":{"start":{"line":47,"column":18},"end":{"line":69,"column":1}},"7":{"start":{"line":48,"column":2},"end":{"line":68,"column":4}}},"fnMap":{"0":{"name":"(anonymous_0)","decl":{"start":{"line":7,"column":29},"end":{"line":7,"column":30}},"loc":{"start":{"line":7,"column":45},"end":{"line":21,"column":1}},"line":7},"1":{"name":"(anonymous_1)","decl":{"start":{"line":23,"column":40},"end":{"line":23,"column":41}},"loc":{"start":{"line":23,"column":56},"end":{"line":31,"column":1}},"line":23},"2":{"name":"(anonymous_2)","decl":{"start":{"line":33,"column":42},"end":{"line":33,"column":43}},"loc":{"start":{"line":33,"column":58},"end":{"line":45,"column":1}},"line":33},"3":{"name":"(anonymous_3)","decl":{"start":{"line":47,"column":18},"end":{"line":47,"column":19}},"loc":{"start":{"line":47,"column":24},"end":{"line":69,"column":1}},"line":47}},"branchMap":{},"s":{"0":1,"1":1,"2":1,"3":1,"4":1,"5":1,"6":1,"7":1},"f":{"0":1,"1":1,"2":1,"3":1},"b":{},"_coverageSchema":"1a1c01bbd47fc00a2c39e90264f33305004495a9","hash":"d799595f70bc753c5aee33d42c459b0c38dc067c"}
,"/Users/gretagrover/HackReactor/LLFEC/src/Components/CommonComponents/axiosRequest.jsx": {"path":"/Users/gretagrover/HackReactor/LLFEC/src/Components/CommonComponents/axiosRequest.jsx","statementMap":{"0":{"start":{"line":4,"column":20},"end":{"line":21,"column":1}},"1":{"start":{"line":5,"column":26},"end":{"line":5,"column":40}},"2":{"start":{"line":6,"column":28},"end":{"line":6,"column":40}},"3":{"start":{"line":7,"column":30},"end":{"line":7,"column":45}},"4":{"start":{"line":8,"column":2},"end":{"line":19,"column":9}},"5":{"start":{"line":9,"column":4},"end":{"line":18,"column":9}},"6":{"start":{"line":10,"column":6},"end":{"line":17,"column":7}},"7":{"start":{"line":11,"column":25},"end":{"line":11,"column":54}},"8":{"start":{"line":12,"column":8},"end":{"line":12,"column":31}},"9":{"start":{"line":14,"column":8},"end":{"line":14,"column":32}},"10":{"start":{"line":16,"column":8},"end":{"line":16,"column":24}},"11":{"start":{"line":20,"column":2},"end":{"line":20,"column":33}}},"fnMap":{"0":{"name":"(anonymous_0)","decl":{"start":{"line":4,"column":20},"end":{"line":4,"column":21}},"loc":{"start":{"line":4,"column":38},"end":{"line":21,"column":1}},"line":4},"1":{"name":"(anonymous_1)","decl":{"start":{"line":8,"column":12},"end":{"line":8,"column":13}},"loc":{"start":{"line":8,"column":18},"end":{"line":19,"column":3}},"line":8},"2":{"name":"(anonymous_2)","decl":{"start":{"line":9,"column":5},"end":{"line":9,"column":6}},"loc":{"start":{"line":9,"column":17},"end":{"line":18,"column":5}},"line":9}},"branchMap":{},"s":{"0":1,"1":0,"2":0,"3":0,"4":0,"5":0,"6":0,"7":0,"8":0,"9":0,"10":0,"11":0},"f":{"0":0,"1":0,"2":0},"b":{},"_coverageSchema":"1a1c01bbd47fc00a2c39e90264f33305004495a9","hash":"828af0d20981c34b5427e91ede901dbab2f5b69d"}
,"/Users/gretagrover/HackReactor/LLFEC/src/Components/Product_Overview/AddToCart.jsx": {"path":"/Users/gretagrover/HackReactor/LLFEC/src/Components/Product_Overview/AddToCart.jsx","statementMap":{"0":{"start":{"line":8,"column":18},"end":{"line":55,"column":1}},"1":{"start":{"line":9,"column":33},"end":{"line":9,"column":66}},"2":{"start":{"line":10,"column":31},"end":{"line":10,"column":44}},"3":{"start":{"line":11,"column":36},"end":{"line":11,"column":51}},"4":{"start":{"line":12,"column":2},"end":{"line":54,"column":4}}},"fnMap":{"0":{"name":"(anonymous_0)","decl":{"start":{"line":8,"column":18},"end":{"line":8,"column":19}},"loc":{"start":{"line":8,"column":29},"end":{"line":55,"column":1}},"line":8}},"branchMap":{},"s":{"0":1,"1":1,"2":1,"3":1,"4":1},"f":{"0":1},"b":{},"_coverageSchema":"1a1c01bbd47fc00a2c39e90264f33305004495a9","hash":"4ce7795f80fd49ed326534dc464801630a43a95d"}
,"/Users/gretagrover/HackReactor/LLFEC/src/Components/Product_Overview/ImgGallery.jsx": {"path":"/Users/gretagrover/HackReactor/LLFEC/src/Components/Product_Overview/ImgGallery.jsx","statementMap":{"0":{"start":{"line":7,"column":19},"end":{"line":97,"column":1}},"1":{"start":{"line":8,"column":20},"end":{"line":11,"column":3}},"2":{"start":{"line":9,"column":14},"end":{"line":9,"column":49}},"3":{"start":{"line":10,"column":4},"end":{"line":10,"column":25}},"4":{"start":{"line":12,"column":32},"end":{"line":14,"column":3}},"5":{"start":{"line":15,"column":48},"end":{"line":15,"column":59}},"6":{"start":{"line":17,"column":2},"end":{"line":19,"column":30}},"7":{"start":{"line":18,"column":4},"end":{"line":18,"column":62}},"8":{"start":{"line":21,"column":22},"end":{"line":47,"column":3}},"9":{"start":{"line":22,"column":23},"end":{"line":22,"column":38}},"10":{"start":{"line":23,"column":4},"end":{"line":46,"column":5}},"11":{"start":{"line":24,"column":19},"end":{"line":24,"column":31}},"12":{"start":{"line":25,"column":6},"end":{"line":25,"column":28}},"13":{"start":{"line":26,"column":6},"end":{"line":26,"column":25}},"14":{"start":{"line":27,"column":11},"end":{"line":46,"column":5}},"15":{"start":{"line":28,"column":6},"end":{"line":36,"column":7}},"16":{"start":{"line":29,"column":8},"end":{"line":29,"column":23}},"17":{"start":{"line":30,"column":8},"end":{"line":30,"column":41}},"18":{"start":{"line":31,"column":8},"end":{"line":31,"column":44}},"19":{"start":{"line":33,"column":27},"end":{"line":33,"column":66}},"20":{"start":{"line":34,"column":8},"end":{"line":34,"column":41}},"21":{"start":{"line":35,"column":8},"end":{"line":35,"column":44}},"22":{"start":{"line":37,"column":11},"end":{"line":46,"column":5}},"23":{"start":{"line":38,"column":6},"end":{"line":45,"column":7}},"24":{"start":{"line":39,"column":8},"end":{"line":39,"column":30}},"25":{"start":{"line":40,"column":8},"end":{"line":40,"column":33}},"26":{"start":{"line":42,"column":8},"end":{"line":42,"column":23}},"27":{"start":{"line":43,"column":8},"end":{"line":43,"column":41}},"28":{"start":{"line":44,"column":8},"end":{"line":44,"column":44}},"29":{"start":{"line":49,"column":2},"end":{"line":96,"column":4}},"30":{"start":{"line":69,"column":10},"end":{"line":79,"column":12}},"31":{"start":{"line":77,"column":30},"end":{"line":77,"column":56}},"32":{"start":{"line":87,"column":36},"end":{"line":87,"column":55}},"33":{"start":{"line":90,"column":36},"end":{"line":90,"column":56}}},"fnMap":{"0":{"name":"(anonymous_0)","decl":{"start":{"line":7,"column":19},"end":{"line":7,"column":20}},"loc":{"start":{"line":7,"column":30},"end":{"line":97,"column":1}},"line":7},"1":{"name":"(anonymous_1)","decl":{"start":{"line":8,"column":20},"end":{"line":8,"column":21}},"loc":{"start":{"line":8,"column":27},"end":{"line":11,"column":3}},"line":8},"2":{"name":"(anonymous_2)","decl":{"start":{"line":17,"column":12},"end":{"line":17,"column":13}},"loc":{"start":{"line":17,"column":18},"end":{"line":19,"column":3}},"line":17},"3":{"name":"(anonymous_3)","decl":{"start":{"line":21,"column":22},"end":{"line":21,"column":23}},"loc":{"start":{"line":21,"column":29},"end":{"line":47,"column":3}},"line":21},"4":{"name":"(anonymous_4)","decl":{"start":{"line":68,"column":42},"end":{"line":68,"column":43}},"loc":{"start":{"line":68,"column":60},"end":{"line":80,"column":9}},"line":68},"5":{"name":"(anonymous_5)","decl":{"start":{"line":77,"column":23},"end":{"line":77,"column":24}},"loc":{"start":{"line":77,"column":30},"end":{"line":77,"column":56}},"line":77},"6":{"name":"(anonymous_6)","decl":{"start":{"line":87,"column":29},"end":{"line":87,"column":30}},"loc":{"start":{"line":87,"column":36},"end":{"line":87,"column":55}},"line":87},"7":{"name":"(anonymous_7)","decl":{"start":{"line":90,"column":29},"end":{"line":90,"column":30}},"loc":{"start":{"line":90,"column":36},"end":{"line":90,"column":56}},"line":90}},"branchMap":{"0":{"loc":{"start":{"line":23,"column":4},"end":{"line":46,"column":5}},"type":"if","locations":[{"start":{"line":23,"column":4},"end":{"line":46,"column":5}},{"start":{"line":27,"column":11},"end":{"line":46,"column":5}}],"line":23},"1":{"loc":{"start":{"line":23,"column":8},"end":{"line":23,"column":30}},"type":"binary-expr","locations":[{"start":{"line":23,"column":8},"end":{"line":23,"column":17}},{"start":{"line":23,"column":21},"end":{"line":23,"column":30}}],"line":23},"2":{"loc":{"start":{"line":27,"column":11},"end":{"line":46,"column":5}},"type":"if","locations":[{"start":{"line":27,"column":11},"end":{"line":46,"column":5}},{"start":{"line":37,"column":11},"end":{"line":46,"column":5}}],"line":27},"3":{"loc":{"start":{"line":28,"column":6},"end":{"line":36,"column":7}},"type":"if","locations":[{"start":{"line":28,"column":6},"end":{"line":36,"column":7}},{"start":{"line":32,"column":13},"end":{"line":36,"column":7}}],"line":28},"4":{"loc":{"start":{"line":37,"column":11},"end":{"line":46,"column":5}},"type":"if","locations":[{"start":{"line":37,"column":11},"end":{"line":46,"column":5}},{"start":{},"end":{}}],"line":37},"5":{"loc":{"start":{"line":38,"column":6},"end":{"line":45,"column":7}},"type":"if","locations":[{"start":{"line":38,"column":6},"end":{"line":45,"column":7}},{"start":{"line":41,"column":13},"end":{"line":45,"column":7}}],"line":38}},"s":{"0":1,"1":1,"2":0,"3":0,"4":1,"5":1,"6":1,"7":0,"8":1,"9":0,"10":0,"11":0,"12":0,"13":0,"14":0,"15":0,"16":0,"17":0,"18":0,"19":0,"20":0,"21":0,"22":0,"23":0,"24":0,"25":0,"26":0,"27":0,"28":0,"29":1,"30":6,"31":0,"32":0,"33":0},"f":{"0":1,"1":0,"2":0,"3":0,"4":6,"5":0,"6":0,"7":0},"b":{"0":[0,0],"1":[0,0],"2":[0,0],"3":[0,0],"4":[0,0],"5":[0,0]},"_coverageSchema":"1a1c01bbd47fc00a2c39e90264f33305004495a9","hash":"6d7a2990d41bcb9723880cff5a623093722f2f6d"}
,"/Users/gretagrover/HackReactor/LLFEC/src/Components/Product_Overview/Overview.jsx": {"path":"/Users/gretagrover/HackReactor/LLFEC/src/Components/Product_Overview/Overview.jsx","statementMap":{"0":{"start":{"line":10,"column":18},"end":{"line":10,"column":48}},"1":{"start":{"line":12,"column":17},"end":{"line":68,"column":1}},"2":{"start":{"line":13,"column":25},"end":{"line":13,"column":30}},"3":{"start":{"line":14,"column":36},"end":{"line":14,"column":55}},"4":{"start":{"line":15,"column":42},"end":{"line":15,"column":72}},"5":{"start":{"line":17,"column":2},"end":{"line":35,"column":9}},"6":{"start":{"line":18,"column":18},"end":{"line":25,"column":5}},"7":{"start":{"line":27,"column":4},"end":{"line":34,"column":9}},"8":{"start":{"line":29,"column":8},"end":{"line":29,"column":36}},"9":{"start":{"line":30,"column":8},"end":{"line":30,"column":50}},"10":{"start":{"line":33,"column":8},"end":{"line":33,"column":25}},"11":{"start":{"line":36,"column":2},"end":{"line":67,"column":4}}},"fnMap":{"0":{"name":"(anonymous_0)","decl":{"start":{"line":12,"column":17},"end":{"line":12,"column":18}},"loc":{"start":{"line":12,"column":28},"end":{"line":68,"column":1}},"line":12},"1":{"name":"(anonymous_1)","decl":{"start":{"line":17,"column":12},"end":{"line":17,"column":13}},"loc":{"start":{"line":17,"column":18},"end":{"line":35,"column":3}},"line":17},"2":{"name":"(anonymous_2)","decl":{"start":{"line":28,"column":12},"end":{"line":28,"column":13}},"loc":{"start":{"line":28,"column":26},"end":{"line":31,"column":7}},"line":28},"3":{"name":"(anonymous_3)","decl":{"start":{"line":32,"column":13},"end":{"line":32,"column":14}},"loc":{"start":{"line":32,"column":22},"end":{"line":34,"column":7}},"line":32}},"branchMap":{},"s":{"0":1,"1":1,"2":2,"3":2,"4":1,"5":1,"6":0,"7":0,"8":0,"9":0,"10":0,"11":1},"f":{"0":2,"1":0,"2":0,"3":0},"b":{},"_coverageSchema":"1a1c01bbd47fc00a2c39e90264f33305004495a9","hash":"32212a2a0e1a0c6795e7ade3522c565b69cf2e3f"}
,"/Users/gretagrover/HackReactor/LLFEC/src/Components/Product_Overview/PhotoModal.jsx": {"path":"/Users/gretagrover/HackReactor/LLFEC/src/Components/Product_Overview/PhotoModal.jsx","statementMap":{"0":{"start":{"line":8,"column":14},"end":{"line":23,"column":1}},"1":{"start":{"line":25,"column":19},"end":{"line":46,"column":1}},"2":{"start":{"line":26,"column":26},"end":{"line":26,"column":41}},"3":{"start":{"line":27,"column":21},"end":{"line":27,"column":40}},"4":{"start":{"line":27,"column":27},"end":{"line":27,"column":40}},"5":{"start":{"line":28,"column":22},"end":{"line":28,"column":42}},"6":{"start":{"line":28,"column":28},"end":{"line":28,"column":42}},"7":{"start":{"line":29,"column":2},"end":{"line":29,"column":36}},"8":{"start":{"line":31,"column":2},"end":{"line":45,"column":4}},"9":{"start":{"line":42,"column":28},"end":{"line":42,"column":41}}},"fnMap":{"0":{"name":"(anonymous_0)","decl":{"start":{"line":25,"column":19},"end":{"line":25,"column":20}},"loc":{"start":{"line":25,"column":30},"end":{"line":46,"column":1}},"line":25},"1":{"name":"(anonymous_1)","decl":{"start":{"line":27,"column":21},"end":{"line":27,"column":22}},"loc":{"start":{"line":27,"column":27},"end":{"line":27,"column":40}},"line":27},"2":{"name":"(anonymous_2)","decl":{"start":{"line":28,"column":22},"end":{"line":28,"column":23}},"loc":{"start":{"line":28,"column":28},"end":{"line":28,"column":42}},"line":28},"3":{"name":"(anonymous_3)","decl":{"start":{"line":42,"column":22},"end":{"line":42,"column":23}},"loc":{"start":{"line":42,"column":28},"end":{"line":42,"column":41}},"line":42}},"branchMap":{},"s":{"0":1,"1":1,"2":1,"3":1,"4":0,"5":1,"6":0,"7":1,"8":1,"9":0},"f":{"0":1,"1":0,"2":0,"3":0},"b":{},"_coverageSchema":"1a1c01bbd47fc00a2c39e90264f33305004495a9","hash":"e8ae499cf84b96ce618b782b5a688094b46bfece"}
,"/Users/gretagrover/HackReactor/LLFEC/src/Components/Product_Overview/ProductDescription.jsx": {"path":"/Users/gretagrover/HackReactor/LLFEC/src/Components/Product_Overview/ProductDescription.jsx","statementMap":{"0":{"start":{"line":8,"column":27},"end":{"line":54,"column":1}},"1":{"start":{"line":10,"column":4},"end":{"line":15,"column":10}},"2":{"start":{"line":18,"column":4},"end":{"line":31,"column":10}},"3":{"start":{"line":33,"column":2},"end":{"line":53,"column":4}}},"fnMap":{"0":{"name":"(anonymous_0)","decl":{"start":{"line":8,"column":27},"end":{"line":8,"column":28}},"loc":{"start":{"line":8,"column":38},"end":{"line":54,"column":1}},"line":8}},"branchMap":{},"s":{"0":1,"1":1,"2":1,"3":1},"f":{"0":1},"b":{},"_coverageSchema":"1a1c01bbd47fc00a2c39e90264f33305004495a9","hash":"23921442fdd054842dda4d104941b152e1c3a9a0"}
,"/Users/gretagrover/HackReactor/LLFEC/src/Components/Product_Overview/ProductInfo.jsx": {"path":"/Users/gretagrover/HackReactor/LLFEC/src/Components/Product_Overview/ProductInfo.jsx","statementMap":{"0":{"start":{"line":11,"column":20},"end":{"line":87,"column":1}},"1":{"start":{"line":12,"column":44},"end":{"line":12,"column":55}},"2":{"start":{"line":14,"column":2},"end":{"line":29,"column":22}},"3":{"start":{"line":15,"column":18},"end":{"line":25,"column":5}},"4":{"start":{"line":26,"column":4},"end":{"line":28,"column":7}},"5":{"start":{"line":27,"column":6},"end":{"line":27,"column":52}},"6":{"start":{"line":31,"column":19},"end":{"line":37,"column":3}},"7":{"start":{"line":32,"column":4},"end":{"line":36,"column":5}},"8":{"start":{"line":33,"column":6},"end":{"line":33,"column":49}},"9":{"start":{"line":35,"column":6},"end":{"line":35,"column":13}},"10":{"start":{"line":38,"column":18},"end":{"line":53,"column":3}},"11":{"start":{"line":39,"column":4},"end":{"line":52,"column":5}},"12":{"start":{"line":40,"column":6},"end":{"line":49,"column":8}},"13":{"start":{"line":51,"column":6},"end":{"line":51,"column":71}},"14":{"start":{"line":56,"column":2},"end":{"line":86,"column":4}}},"fnMap":{"0":{"name":"(anonymous_0)","decl":{"start":{"line":11,"column":20},"end":{"line":11,"column":21}},"loc":{"start":{"line":11,"column":31},"end":{"line":87,"column":1}},"line":11},"1":{"name":"(anonymous_1)","decl":{"start":{"line":14,"column":12},"end":{"line":14,"column":13}},"loc":{"start":{"line":14,"column":18},"end":{"line":29,"column":3}},"line":14},"2":{"name":"(anonymous_2)","decl":{"start":{"line":26,"column":24},"end":{"line":26,"column":25}},"loc":{"start":{"line":26,"column":37},"end":{"line":28,"column":5}},"line":26},"3":{"name":"(anonymous_3)","decl":{"start":{"line":31,"column":19},"end":{"line":31,"column":20}},"loc":{"start":{"line":31,"column":25},"end":{"line":37,"column":3}},"line":31},"4":{"name":"(anonymous_4)","decl":{"start":{"line":38,"column":18},"end":{"line":38,"column":19}},"loc":{"start":{"line":38,"column":24},"end":{"line":53,"column":3}},"line":38}},"branchMap":{"0":{"loc":{"start":{"line":32,"column":4},"end":{"line":36,"column":5}},"type":"if","locations":[{"start":{"line":32,"column":4},"end":{"line":36,"column":5}},{"start":{"line":34,"column":11},"end":{"line":36,"column":5}}],"line":32},"1":{"loc":{"start":{"line":39,"column":4},"end":{"line":52,"column":5}},"type":"if","locations":[{"start":{"line":39,"column":4},"end":{"line":52,"column":5}},{"start":{"line":50,"column":11},"end":{"line":52,"column":5}}],"line":39}},"s":{"0":1,"1":2,"2":1,"3":0,"4":0,"5":0,"6":1,"7":1,"8":0,"9":1,"10":1,"11":1,"12":0,"13":1,"14":1},"f":{"0":2,"1":0,"2":0,"3":1,"4":1},"b":{"0":[0,1],"1":[0,1]},"_coverageSchema":"1a1c01bbd47fc00a2c39e90264f33305004495a9","hash":"57fd3d70cde5a696bc0dd1f5d89a1be86f6ef90f"}
,"/Users/gretagrover/HackReactor/LLFEC/src/Components/Product_Overview/StyleSelector.jsx": {"path":"/Users/gretagrover/HackReactor/LLFEC/src/Components/Product_Overview/StyleSelector.jsx","statementMap":{"0":{"start":{"line":8,"column":22},"end":{"line":44,"column":1}},"1":{"start":{"line":9,"column":2},"end":{"line":43,"column":4}},"2":{"start":{"line":33,"column":10},"end":{"line":39,"column":12}},"3":{"start":{"line":35,"column":29},"end":{"line":35,"column":50}}},"fnMap":{"0":{"name":"(anonymous_0)","decl":{"start":{"line":8,"column":22},"end":{"line":8,"column":23}},"loc":{"start":{"line":8,"column":33},"end":{"line":44,"column":1}},"line":8},"1":{"name":"(anonymous_1)","decl":{"start":{"line":32,"column":37},"end":{"line":32,"column":38}},"loc":{"start":{"line":32,"column":55},"end":{"line":40,"column":9}},"line":32},"2":{"name":"(anonymous_2)","decl":{"start":{"line":35,"column":23},"end":{"line":35,"column":24}},"loc":{"start":{"line":35,"column":29},"end":{"line":35,"column":50}},"line":35}},"branchMap":{},"s":{"0":1,"1":1,"2":6,"3":0},"f":{"0":1,"1":6,"2":0},"b":{},"_coverageSchema":"1a1c01bbd47fc00a2c39e90264f33305004495a9","hash":"2577018c197a8f27b10e7772a1bf2fae6cd4464d"}
,"/Users/gretagrover/HackReactor/LLFEC/src/Components/Product_Overview/dummydata.js": {"path":"/Users/gretagrover/HackReactor/LLFEC/src/Components/Product_Overview/dummydata.js","statementMap":{"0":{"start":{"line":1,"column":13},"end":{"line":395,"column":1}},"1":{"start":{"line":397,"column":0},"end":{"line":397,"column":26}}},"fnMap":{},"branchMap":{},"s":{"0":1,"1":1},"f":{},"b":{},"_coverageSchema":"1a1c01bbd47fc00a2c39e90264f33305004495a9","hash":"674ec698b35e907a7f36342e6f6e3802d5b9d266"}
,"/Users/gretagrover/HackReactor/LLFEC/src/Components/Product_Overview/addToCartButtons/AddToBag.jsx": {"path":"/Users/gretagrover/HackReactor/LLFEC/src/Components/Product_Overview/addToCartButtons/AddToBag.jsx","statementMap":{"0":{"start":{"line":4,"column":17},"end":{"line":22,"column":1}},"1":{"start":{"line":5,"column":2},"end":{"line":21,"column":3}},"2":{"start":{"line":6,"column":4},"end":{"line":18,"column":6}},"3":{"start":{"line":20,"column":4},"end":{"line":20,"column":11}}},"fnMap":{"0":{"name":"(anonymous_0)","decl":{"start":{"line":4,"column":17},"end":{"line":4,"column":18}},"loc":{"start":{"line":4,"column":28},"end":{"line":22,"column":1}},"line":4}},"branchMap":{"0":{"loc":{"start":{"line":5,"column":2},"end":{"line":21,"column":3}},"type":"if","locations":[{"start":{"line":5,"column":2},"end":{"line":21,"column":3}},{"start":{"line":19,"column":9},"end":{"line":21,"column":3}}],"line":5}},"s":{"0":1,"1":1,"2":1,"3":0},"f":{"0":1},"b":{"0":[1,0]},"_coverageSchema":"1a1c01bbd47fc00a2c39e90264f33305004495a9","hash":"a255c05c02aff62027b94037531d642f77ffc06e"}
,"/Users/gretagrover/HackReactor/LLFEC/src/Components/Product_Overview/addToCartButtons/Favorite.jsx": {"path":"/Users/gretagrover/HackReactor/LLFEC/src/Components/Product_Overview/addToCartButtons/Favorite.jsx","statementMap":{"0":{"start":{"line":8,"column":34},"end":{"line":8,"column":49}},"1":{"start":{"line":10,"column":2},"end":{"line":44,"column":3}},"2":{"start":{"line":11,"column":4},"end":{"line":26,"column":6}},"3":{"start":{"line":21,"column":10},"end":{"line":21,"column":33}},"4":{"start":{"line":28,"column":4},"end":{"line":43,"column":6}},"5":{"start":{"line":38,"column":10},"end":{"line":38,"column":33}}},"fnMap":{"0":{"name":"(anonymous_0)","decl":{"start":{"line":7,"column":15},"end":{"line":7,"column":16}},"loc":{"start":{"line":7,"column":27},"end":{"line":45,"column":1}},"line":7},"1":{"name":"(anonymous_1)","decl":{"start":{"line":20,"column":18},"end":{"line":20,"column":19}},"loc":{"start":{"line":20,"column":24},"end":{"line":22,"column":9}},"line":20},"2":{"name":"(anonymous_2)","decl":{"start":{"line":37,"column":18},"end":{"line":37,"column":19}},"loc":{"start":{"line":37,"column":24},"end":{"line":39,"column":9}},"line":37}},"branchMap":{"0":{"loc":{"start":{"line":10,"column":2},"end":{"line":44,"column":3}},"type":"if","locations":[{"start":{"line":10,"column":2},"end":{"line":44,"column":3}},{"start":{"line":27,"column":9},"end":{"line":44,"column":3}}],"line":10}},"s":{"0":1,"1":1,"2":1,"3":0,"4":0,"5":0},"f":{"0":1,"1":0,"2":0},"b":{"0":[1,0]},"_coverageSchema":"1a1c01bbd47fc00a2c39e90264f33305004495a9","hash":"00f0e837a42f7dabe075d8e9dab86dcd9e5d3c68"}
,"/Users/gretagrover/HackReactor/LLFEC/src/Components/Product_Overview/addToCartButtons/SelectQuantity.jsx": {"path":"/Users/gretagrover/HackReactor/LLFEC/src/Components/Product_Overview/addToCartButtons/SelectQuantity.jsx","statementMap":{"0":{"start":{"line":4,"column":29},"end":{"line":95,"column":1}},"1":{"start":{"line":5,"column":34},"end":{"line":5,"column":48}},"2":{"start":{"line":7,"column":15},"end":{"line":7,"column":32}},"3":{"start":{"line":8,"column":22},"end":{"line":10,"column":3}},"4":{"start":{"line":9,"column":4},"end":{"line":9,"column":37}},"5":{"start":{"line":11,"column":22},"end":{"line":13,"column":3}},"6":{"start":{"line":12,"column":4},"end":{"line":12,"column":22}},"7":{"start":{"line":15,"column":23},"end":{"line":18,"column":3}},"8":{"start":{"line":16,"column":4},"end":{"line":16,"column":20}},"9":{"start":{"line":17,"column":4},"end":{"line":17,"column":18}},"10":{"start":{"line":20,"column":14},"end":{"line":20,"column":47}},"11":{"start":{"line":22,"column":26},"end":{"line":22,"column":52}},"12":{"start":{"line":24,"column":2},"end":{"line":28,"column":3}},"13":{"start":{"line":25,"column":4},"end":{"line":25,"column":37}},"14":{"start":{"line":26,"column":9},"end":{"line":28,"column":3}},"15":{"start":{"line":27,"column":4},"end":{"line":27,"column":22}},"16":{"start":{"line":30,"column":2},"end":{"line":94,"column":3}},"17":{"start":{"line":32,"column":4},"end":{"line":51,"column":6}},"18":{"start":{"line":53,"column":4},"end":{"line":93,"column":6}},"19":{"start":{"line":82,"column":12},"end":{"line":89,"column":14}},"20":{"start":{"line":85,"column":32},"end":{"line":85,"column":64}}},"fnMap":{"0":{"name":"(anonymous_0)","decl":{"start":{"line":4,"column":29},"end":{"line":4,"column":30}},"loc":{"start":{"line":4,"column":40},"end":{"line":95,"column":1}},"line":4},"1":{"name":"(anonymous_1)","decl":{"start":{"line":8,"column":22},"end":{"line":8,"column":23}},"loc":{"start":{"line":8,"column":33},"end":{"line":10,"column":3}},"line":8},"2":{"name":"(anonymous_2)","decl":{"start":{"line":11,"column":22},"end":{"line":11,"column":23}},"loc":{"start":{"line":11,"column":28},"end":{"line":13,"column":3}},"line":11},"3":{"name":"(anonymous_3)","decl":{"start":{"line":15,"column":23},"end":{"line":15,"column":24}},"loc":{"start":{"line":15,"column":30},"end":{"line":18,"column":3}},"line":15},"4":{"name":"(anonymous_4)","decl":{"start":{"line":81,"column":59},"end":{"line":81,"column":60}},"loc":{"start":{"line":81,"column":69},"end":{"line":90,"column":11}},"line":81},"5":{"name":"(anonymous_5)","decl":{"start":{"line":85,"column":25},"end":{"line":85,"column":26}},"loc":{"start":{"line":85,"column":32},"end":{"line":85,"column":64}},"line":85}},"branchMap":{"0":{"loc":{"start":{"line":24,"column":2},"end":{"line":28,"column":3}},"type":"if","locations":[{"start":{"line":24,"column":2},"end":{"line":28,"column":3}},{"start":{"line":26,"column":9},"end":{"line":28,"column":3}}],"line":24},"1":{"loc":{"start":{"line":26,"column":9},"end":{"line":28,"column":3}},"type":"if","locations":[{"start":{"line":26,"column":9},"end":{"line":28,"column":3}},{"start":{},"end":{}}],"line":26},"2":{"loc":{"start":{"line":30,"column":2},"end":{"line":94,"column":3}},"type":"if","locations":[{"start":{"line":30,"column":2},"end":{"line":94,"column":3}},{"start":{"line":52,"column":9},"end":{"line":94,"column":3}}],"line":30},"3":{"loc":{"start":{"line":44,"column":23},"end":{"line":44,"column":54}},"type":"cond-expr","locations":[{"start":{"line":44,"column":30},"end":{"line":44,"column":42}},{"start":{"line":44,"column":45},"end":{"line":44,"column":54}}],"line":44},"4":{"loc":{"start":{"line":46,"column":23},"end":{"line":46,"column":48}},"type":"cond-expr","locations":[{"start":{"line":46,"column":30},"end":{"line":46,"column":36}},{"start":{"line":46,"column":39},"end":{"line":46,"column":48}}],"line":46},"5":{"loc":{"start":{"line":65,"column":25},"end":{"line":65,"column":56}},"type":"cond-expr","locations":[{"start":{"line":65,"column":32},"end":{"line":65,"column":44}},{"start":{"line":65,"column":47},"end":{"line":65,"column":56}}],"line":65},"6":{"loc":{"start":{"line":67,"column":25},"end":{"line":67,"column":50}},"type":"cond-expr","locations":[{"start":{"line":67,"column":32},"end":{"line":67,"column":38}},{"start":{"line":67,"column":41},"end":{"line":67,"column":50}}],"line":67}},"s":{"0":1,"1":1,"2":1,"3":1,"4":0,"5":1,"6":0,"7":1,"8":0,"9":0,"10":1,"11":1,"12":1,"13":0,"14":1,"15":0,"16":1,"17":1,"18":0,"19":0,"20":0},"f":{"0":1,"1":0,"2":0,"3":0,"4":0,"5":0},"b":{"0":[0,1],"1":[0,1],"2":[1,0],"3":[0,1],"4":[0,1],"5":[0,0],"6":[0,0]},"_coverageSchema":"1a1c01bbd47fc00a2c39e90264f33305004495a9","hash":"c258fef0c57b0f3f07ad47654cb28773e729c3cc"}
,"/Users/gretagrover/HackReactor/LLFEC/src/Components/Product_Overview/addToCartButtons/SelectSize.jsx": {"path":"/Users/gretagrover/HackReactor/LLFEC/src/Components/Product_Overview/addToCartButtons/SelectSize.jsx","statementMap":{"0":{"start":{"line":4,"column":25},"end":{"line":93,"column":1}},"1":{"start":{"line":5,"column":34},"end":{"line":5,"column":48}},"2":{"start":{"line":6,"column":15},"end":{"line":6,"column":32}},"3":{"start":{"line":7,"column":22},"end":{"line":9,"column":3}},"4":{"start":{"line":8,"column":4},"end":{"line":8,"column":37}},"5":{"start":{"line":10,"column":22},"end":{"line":12,"column":3}},"6":{"start":{"line":11,"column":4},"end":{"line":11,"column":22}},"7":{"start":{"line":14,"column":23},"end":{"line":18,"column":3}},"8":{"start":{"line":15,"column":4},"end":{"line":15,"column":24}},"9":{"start":{"line":16,"column":4},"end":{"line":16,"column":20}},"10":{"start":{"line":17,"column":4},"end":{"line":17,"column":22}},"11":{"start":{"line":19,"column":14},"end":{"line":19,"column":47}},"12":{"start":{"line":21,"column":19},"end":{"line":29,"column":3}},"13":{"start":{"line":22,"column":4},"end":{"line":26,"column":5}},"14":{"start":{"line":22,"column":17},"end":{"line":22,"column":18}},"15":{"start":{"line":23,"column":6},"end":{"line":25,"column":7}},"16":{"start":{"line":24,"column":8},"end":{"line":24,"column":21}},"17":{"start":{"line":27,"column":4},"end":{"line":27,"column":29}},"18":{"start":{"line":28,"column":4},"end":{"line":28,"column":16}},"19":{"start":{"line":31,"column":2},"end":{"line":92,"column":3}},"20":{"start":{"line":32,"column":4},"end":{"line":51,"column":6}},"21":{"start":{"line":53,"column":4},"end":{"line":91,"column":6}},"22":{"start":{"line":81,"column":12},"end":{"line":87,"column":13}},"23":{"start":{"line":82,"column":14},"end":{"line":86,"column":16}},"24":{"start":{"line":83,"column":49},"end":{"line":83,"column":67}}},"fnMap":{"0":{"name":"(anonymous_0)","decl":{"start":{"line":4,"column":25},"end":{"line":4,"column":26}},"loc":{"start":{"line":4,"column":36},"end":{"line":93,"column":1}},"line":4},"1":{"name":"(anonymous_1)","decl":{"start":{"line":7,"column":22},"end":{"line":7,"column":23}},"loc":{"start":{"line":7,"column":33},"end":{"line":9,"column":3}},"line":7},"2":{"name":"(anonymous_2)","decl":{"start":{"line":10,"column":22},"end":{"line":10,"column":23}},"loc":{"start":{"line":10,"column":28},"end":{"line":12,"column":3}},"line":10},"3":{"name":"(anonymous_3)","decl":{"start":{"line":14,"column":23},"end":{"line":14,"column":24}},"loc":{"start":{"line":14,"column":33},"end":{"line":18,"column":3}},"line":14},"4":{"name":"(anonymous_4)","decl":{"start":{"line":21,"column":19},"end":{"line":21,"column":20}},"loc":{"start":{"line":21,"column":25},"end":{"line":29,"column":3}},"line":21},"5":{"name":"(anonymous_5)","decl":{"start":{"line":80,"column":21},"end":{"line":80,"column":22}},"loc":{"start":{"line":80,"column":34},"end":{"line":88,"column":11}},"line":80},"6":{"name":"(anonymous_6)","decl":{"start":{"line":83,"column":43},"end":{"line":83,"column":44}},"loc":{"start":{"line":83,"column":49},"end":{"line":83,"column":67}},"line":83}},"branchMap":{"0":{"loc":{"start":{"line":23,"column":6},"end":{"line":25,"column":7}},"type":"if","locations":[{"start":{"line":23,"column":6},"end":{"line":25,"column":7}},{"start":{},"end":{}}],"line":23},"1":{"loc":{"start":{"line":31,"column":2},"end":{"line":92,"column":3}},"type":"if","locations":[{"start":{"line":31,"column":2},"end":{"line":92,"column":3}},{"start":{"line":52,"column":9},"end":{"line":92,"column":3}}],"line":31},"2":{"loc":{"start":{"line":43,"column":25},"end":{"line":43,"column":56}},"type":"cond-expr","locations":[{"start":{"line":43,"column":32},"end":{"line":43,"column":44}},{"start":{"line":43,"column":47},"end":{"line":43,"column":56}}],"line":43},"3":{"loc":{"start":{"line":45,"column":25},"end":{"line":45,"column":50}},"type":"cond-expr","locations":[{"start":{"line":45,"column":32},"end":{"line":45,"column":38}},{"start":{"line":45,"column":41},"end":{"line":45,"column":50}}],"line":45},"4":{"loc":{"start":{"line":64,"column":25},"end":{"line":64,"column":56}},"type":"cond-expr","locations":[{"start":{"line":64,"column":32},"end":{"line":64,"column":44}},{"start":{"line":64,"column":47},"end":{"line":64,"column":56}}],"line":64},"5":{"loc":{"start":{"line":66,"column":25},"end":{"line":66,"column":50}},"type":"cond-expr","locations":[{"start":{"line":66,"column":32},"end":{"line":66,"column":38}},{"start":{"line":66,"column":41},"end":{"line":66,"column":50}}],"line":66},"6":{"loc":{"start":{"line":81,"column":12},"end":{"line":87,"column":13}},"type":"if","locations":[{"start":{"line":81,"column":12},"end":{"line":87,"column":13}},{"start":{},"end":{}}],"line":81}},"s":{"0":1,"1":1,"2":1,"3":1,"4":0,"5":1,"6":0,"7":1,"8":0,"9":0,"10":0,"11":1,"12":1,"13":1,"14":1,"15":1,"16":1,"17":0,"18":0,"19":1,"20":0,"21":1,"22":6,"23":6,"24":0},"f":{"0":1,"1":0,"2":0,"3":0,"4":1,"5":6,"6":0},"b":{"0":[1,0],"1":[0,1],"2":[0,0],"3":[0,0],"4":[0,1],"5":[0,1],"6":[6,0]},"_coverageSchema":"1a1c01bbd47fc00a2c39e90264f33305004495a9","hash":"1a3298e0a2b5a5c32ea3036f815a830124489d13"}
,"/Users/gretagrover/HackReactor/LLFEC/src/Components/QuestionsAnswers/AddAnswer.jsx": {"path":"/Users/gretagrover/HackReactor/LLFEC/src/Components/QuestionsAnswers/AddAnswer.jsx","statementMap":{"0":{"start":{"line":5,"column":18},"end":{"line":22,"column":1}},"1":{"start":{"line":6,"column":2},"end":{"line":21,"column":3}}},"fnMap":{"0":{"name":"(anonymous_0)","decl":{"start":{"line":5,"column":18},"end":{"line":5,"column":19}},"loc":{"start":{"line":5,"column":98},"end":{"line":22,"column":1}},"line":5}},"branchMap":{},"s":{"0":1,"1":0},"f":{"0":0},"b":{},"_coverageSchema":"1a1c01bbd47fc00a2c39e90264f33305004495a9","hash":"1bc1d5ee0c9a4f951f26aa91f947cc2bee66323d"}
,"/Users/gretagrover/HackReactor/LLFEC/src/Components/QuestionsAnswers/AddQuestions.jsx": {"path":"/Users/gretagrover/HackReactor/LLFEC/src/Components/QuestionsAnswers/AddQuestions.jsx","statementMap":{"0":{"start":{"line":5,"column":21},"end":{"line":22,"column":1}},"1":{"start":{"line":6,"column":2},"end":{"line":21,"column":3}}},"fnMap":{"0":{"name":"(anonymous_0)","decl":{"start":{"line":5,"column":21},"end":{"line":5,"column":22}},"loc":{"start":{"line":5,"column":101},"end":{"line":22,"column":1}},"line":5}},"branchMap":{},"s":{"0":1,"1":0},"f":{"0":0},"b":{},"_coverageSchema":"1a1c01bbd47fc00a2c39e90264f33305004495a9","hash":"a918231bb0a56f000f95b6a86c4b785dea11462d"}
,"/Users/gretagrover/HackReactor/LLFEC/src/Components/QuestionsAnswers/AnswerList.jsx": {"path":"/Users/gretagrover/HackReactor/LLFEC/src/Components/QuestionsAnswers/AnswerList.jsx","statementMap":{"0":{"start":{"line":8,"column":19},"end":{"line":34,"column":1}},"1":{"start":{"line":10,"column":0},"end":{"line":33,"column":3}},"2":{"start":{"line":11,"column":4},"end":{"line":24,"column":5}},"3":{"start":{"line":14,"column":51},"end":{"line":14,"column":288}},"4":{"start":{"line":26,"column":4},"end":{"line":32,"column":5}},"5":{"start":{"line":29,"column":51},"end":{"line":29,"column":288}}},"fnMap":{"0":{"name":"(anonymous_0)","decl":{"start":{"line":8,"column":19},"end":{"line":8,"column":20}},"loc":{"start":{"line":8,"column":230},"end":{"line":34,"column":1}},"line":8},"1":{"name":"(anonymous_1)","decl":{"start":{"line":14,"column":39},"end":{"line":14,"column":40}},"loc":{"start":{"line":14,"column":51},"end":{"line":14,"column":288}},"line":14},"2":{"name":"(anonymous_2)","decl":{"start":{"line":29,"column":39},"end":{"line":29,"column":40}},"loc":{"start":{"line":29,"column":51},"end":{"line":29,"column":288}},"line":29}},"branchMap":{"0":{"loc":{"start":{"line":10,"column":0},"end":{"line":33,"column":3}},"type":"if","locations":[{"start":{"line":10,"column":0},"end":{"line":33,"column":3}},{"start":{"line":25,"column":9},"end":{"line":33,"column":3}}],"line":10}},"s":{"0":1,"1":0,"2":0,"3":0,"4":0,"5":0},"f":{"0":0,"1":0,"2":0},"b":{"0":[0,0]},"_coverageSchema":"1a1c01bbd47fc00a2c39e90264f33305004495a9","hash":"d7a1befc5bd706ce0a3c0f6afcbdb5829c88bfad"}
,"/Users/gretagrover/HackReactor/LLFEC/src/Components/QuestionsAnswers/AnswerListItem.jsx": {"path":"/Users/gretagrover/HackReactor/LLFEC/src/Components/QuestionsAnswers/AnswerListItem.jsx","statementMap":{"0":{"start":{"line":5,"column":23},"end":{"line":45,"column":1}},"1":{"start":{"line":6,"column":16},"end":{"line":6,"column":32}},"2":{"start":{"line":7,"column":2},"end":{"line":44,"column":3}},"3":{"start":{"line":8,"column":4},"end":{"line":26,"column":5}},"4":{"start":{"line":16,"column":37},"end":{"line":16,"column":114}},"5":{"start":{"line":28,"column":4},"end":{"line":43,"column":5}}},"fnMap":{"0":{"name":"(anonymous_0)","decl":{"start":{"line":5,"column":23},"end":{"line":5,"column":24}},"loc":{"start":{"line":5,"column":101},"end":{"line":45,"column":1}},"line":5},"1":{"name":"(anonymous_1)","decl":{"start":{"line":16,"column":26},"end":{"line":16,"column":27}},"loc":{"start":{"line":16,"column":37},"end":{"line":16,"column":114}},"line":16}},"branchMap":{"0":{"loc":{"start":{"line":7,"column":2},"end":{"line":44,"column":3}},"type":"if","locations":[{"start":{"line":7,"column":2},"end":{"line":44,"column":3}},{"start":{"line":27,"column":9},"end":{"line":44,"column":3}}],"line":7}},"s":{"0":1,"1":0,"2":0,"3":0,"4":0,"5":0},"f":{"0":0,"1":0},"b":{"0":[0,0]},"_coverageSchema":"1a1c01bbd47fc00a2c39e90264f33305004495a9","hash":"0424ae0c08761bfd64f4a391419af17b4224080a"}
,"/Users/gretagrover/HackReactor/LLFEC/src/Components/QuestionsAnswers/AnswerModal.jsx": {"path":"/Users/gretagrover/HackReactor/LLFEC/src/Components/QuestionsAnswers/AnswerModal.jsx","statementMap":{"0":{"start":{"line":8,"column":14},"end":{"line":18,"column":1}},"1":{"start":{"line":20,"column":20},"end":{"line":75,"column":1}},"2":{"start":{"line":21,"column":26},"end":{"line":21,"column":47}},"3":{"start":{"line":23,"column":21},"end":{"line":25,"column":3}},"4":{"start":{"line":24,"column":4},"end":{"line":24,"column":18}},"5":{"start":{"line":27,"column":22},"end":{"line":29,"column":3}},"6":{"start":{"line":28,"column":4},"end":{"line":28,"column":19}},"7":{"start":{"line":31,"column":29},"end":{"line":34,"column":3}},"8":{"start":{"line":32,"column":4},"end":{"line":32,"column":21}},"9":{"start":{"line":33,"column":4},"end":{"line":33,"column":18}},"10":{"start":{"line":36,"column":2},"end":{"line":74,"column":4}},"11":{"start":{"line":61,"column":44},"end":{"line":61,"column":117}}},"fnMap":{"0":{"name":"(anonymous_0)","decl":{"start":{"line":20,"column":20},"end":{"line":20,"column":21}},"loc":{"start":{"line":20,"column":164},"end":{"line":75,"column":1}},"line":20},"1":{"name":"(anonymous_1)","decl":{"start":{"line":23,"column":21},"end":{"line":23,"column":22}},"loc":{"start":{"line":23,"column":27},"end":{"line":25,"column":3}},"line":23},"2":{"name":"(anonymous_2)","decl":{"start":{"line":27,"column":22},"end":{"line":27,"column":23}},"loc":{"start":{"line":27,"column":28},"end":{"line":29,"column":3}},"line":27},"3":{"name":"(anonymous_3)","decl":{"start":{"line":31,"column":29},"end":{"line":31,"column":30}},"loc":{"start":{"line":31,"column":35},"end":{"line":34,"column":3}},"line":31},"4":{"name":"(anonymous_4)","decl":{"start":{"line":61,"column":33},"end":{"line":61,"column":34}},"loc":{"start":{"line":61,"column":44},"end":{"line":61,"column":117}},"line":61}},"branchMap":{},"s":{"0":1,"1":1,"2":0,"3":0,"4":0,"5":0,"6":0,"7":0,"8":0,"9":0,"10":0,"11":0},"f":{"0":0,"1":0,"2":0,"3":0,"4":0},"b":{},"_coverageSchema":"1a1c01bbd47fc00a2c39e90264f33305004495a9","hash":"3a71474cd7c214907567e88c99f3c6a67a0c253c"}
,"/Users/gretagrover/HackReactor/LLFEC/src/Components/QuestionsAnswers/AnswerModalPhotos.jsx": {"path":"/Users/gretagrover/HackReactor/LLFEC/src/Components/QuestionsAnswers/AnswerModalPhotos.jsx","statementMap":{"0":{"start":{"line":9,"column":14},"end":{"line":19,"column":1}},"1":{"start":{"line":21,"column":26},"end":{"line":146,"column":1}},"2":{"start":{"line":22,"column":26},"end":{"line":22,"column":47}},"3":{"start":{"line":23,"column":21},"end":{"line":25,"column":3}},"4":{"start":{"line":24,"column":4},"end":{"line":24,"column":18}},"5":{"start":{"line":26,"column":22},"end":{"line":28,"column":3}},"6":{"start":{"line":27,"column":4},"end":{"line":27,"column":19}},"7":{"start":{"line":30,"column":2},"end":{"line":145,"column":3}},"8":{"start":{"line":31,"column":4},"end":{"line":57,"column":6}},"9":{"start":{"line":47,"column":44},"end":{"line":47,"column":117}},"10":{"start":{"line":58,"column":9},"end":{"line":145,"column":3}},"11":{"start":{"line":59,"column":4},"end":{"line":102,"column":6}},"12":{"start":{"line":82,"column":83},"end":{"line":82,"column":104}},"13":{"start":{"line":86,"column":44},"end":{"line":86,"column":117}},"14":{"start":{"line":104,"column":4},"end":{"line":144,"column":6}},"15":{"start":{"line":127,"column":83},"end":{"line":127,"column":104}}},"fnMap":{"0":{"name":"(anonymous_0)","decl":{"start":{"line":21,"column":26},"end":{"line":21,"column":27}},"loc":{"start":{"line":21,"column":98},"end":{"line":146,"column":1}},"line":21},"1":{"name":"(anonymous_1)","decl":{"start":{"line":23,"column":21},"end":{"line":23,"column":22}},"loc":{"start":{"line":23,"column":27},"end":{"line":25,"column":3}},"line":23},"2":{"name":"(anonymous_2)","decl":{"start":{"line":26,"column":22},"end":{"line":26,"column":23}},"loc":{"start":{"line":26,"column":28},"end":{"line":28,"column":3}},"line":26},"3":{"name":"(anonymous_3)","decl":{"start":{"line":47,"column":33},"end":{"line":47,"column":34}},"loc":{"start":{"line":47,"column":44},"end":{"line":47,"column":117}},"line":47},"4":{"name":"(anonymous_4)","decl":{"start":{"line":82,"column":77},"end":{"line":82,"column":78}},"loc":{"start":{"line":82,"column":83},"end":{"line":82,"column":104}},"line":82},"5":{"name":"(anonymous_5)","decl":{"start":{"line":86,"column":33},"end":{"line":86,"column":34}},"loc":{"start":{"line":86,"column":44},"end":{"line":86,"column":117}},"line":86},"6":{"name":"(anonymous_6)","decl":{"start":{"line":127,"column":77},"end":{"line":127,"column":78}},"loc":{"start":{"line":127,"column":83},"end":{"line":127,"column":104}},"line":127}},"branchMap":{"0":{"loc":{"start":{"line":30,"column":2},"end":{"line":145,"column":3}},"type":"if","locations":[{"start":{"line":30,"column":2},"end":{"line":145,"column":3}},{"start":{"line":58,"column":9},"end":{"line":145,"column":3}}],"line":30},"1":{"loc":{"start":{"line":58,"column":9},"end":{"line":145,"column":3}},"type":"if","locations":[{"start":{"line":58,"column":9},"end":{"line":145,"column":3}},{"start":{"line":103,"column":9},"end":{"line":145,"column":3}}],"line":58}},"s":{"0":1,"1":1,"2":0,"3":0,"4":0,"5":0,"6":0,"7":0,"8":0,"9":0,"10":0,"11":0,"12":0,"13":0,"14":0,"15":0},"f":{"0":0,"1":0,"2":0,"3":0,"4":0,"5":0,"6":0},"b":{"0":[0,0],"1":[0,0]},"_coverageSchema":"1a1c01bbd47fc00a2c39e90264f33305004495a9","hash":"9d0b07b38b267177aa1f775989211f2e26f0e07a"}
,"/Users/gretagrover/HackReactor/LLFEC/src/Components/QuestionsAnswers/AnswerModalText.jsx": {"path":"/Users/gretagrover/HackReactor/LLFEC/src/Components/QuestionsAnswers/AnswerModalText.jsx","statementMap":{"0":{"start":{"line":8,"column":14},"end":{"line":18,"column":1}},"1":{"start":{"line":20,"column":24},"end":{"line":75,"column":1}},"2":{"start":{"line":21,"column":26},"end":{"line":21,"column":47}},"3":{"start":{"line":23,"column":21},"end":{"line":25,"column":3}},"4":{"start":{"line":24,"column":4},"end":{"line":24,"column":18}},"5":{"start":{"line":27,"column":22},"end":{"line":29,"column":3}},"6":{"start":{"line":28,"column":4},"end":{"line":28,"column":19}},"7":{"start":{"line":31,"column":29},"end":{"line":34,"column":3}},"8":{"start":{"line":32,"column":4},"end":{"line":32,"column":21}},"9":{"start":{"line":33,"column":4},"end":{"line":33,"column":18}},"10":{"start":{"line":36,"column":2},"end":{"line":74,"column":4}},"11":{"start":{"line":61,"column":44},"end":{"line":61,"column":117}}},"fnMap":{"0":{"name":"(anonymous_0)","decl":{"start":{"line":20,"column":24},"end":{"line":20,"column":25}},"loc":{"start":{"line":20,"column":168},"end":{"line":75,"column":1}},"line":20},"1":{"name":"(anonymous_1)","decl":{"start":{"line":23,"column":21},"end":{"line":23,"column":22}},"loc":{"start":{"line":23,"column":27},"end":{"line":25,"column":3}},"line":23},"2":{"name":"(anonymous_2)","decl":{"start":{"line":27,"column":22},"end":{"line":27,"column":23}},"loc":{"start":{"line":27,"column":28},"end":{"line":29,"column":3}},"line":27},"3":{"name":"(anonymous_3)","decl":{"start":{"line":31,"column":29},"end":{"line":31,"column":30}},"loc":{"start":{"line":31,"column":35},"end":{"line":34,"column":3}},"line":31},"4":{"name":"(anonymous_4)","decl":{"start":{"line":61,"column":33},"end":{"line":61,"column":34}},"loc":{"start":{"line":61,"column":44},"end":{"line":61,"column":117}},"line":61}},"branchMap":{},"s":{"0":1,"1":1,"2":0,"3":0,"4":0,"5":0,"6":0,"7":0,"8":0,"9":0,"10":0,"11":0},"f":{"0":0,"1":0,"2":0,"3":0,"4":0},"b":{},"_coverageSchema":"1a1c01bbd47fc00a2c39e90264f33305004495a9","hash":"f93cfc130826d4015dc989f3e819b614af46d518"}
,"/Users/gretagrover/HackReactor/LLFEC/src/Components/QuestionsAnswers/QuestionList.jsx": {"path":"/Users/gretagrover/HackReactor/LLFEC/src/Components/QuestionsAnswers/QuestionList.jsx","statementMap":{"0":{"start":{"line":7,"column":21},"end":{"line":31,"column":1}},"1":{"start":{"line":9,"column":2},"end":{"line":30,"column":3}},"2":{"start":{"line":12,"column":47},"end":{"line":12,"column":350}}},"fnMap":{"0":{"name":"(anonymous_0)","decl":{"start":{"line":7,"column":21},"end":{"line":7,"column":22}},"loc":{"start":{"line":7,"column":167},"end":{"line":31,"column":1}},"line":7},"1":{"name":"(anonymous_1)","decl":{"start":{"line":12,"column":33},"end":{"line":12,"column":34}},"loc":{"start":{"line":12,"column":47},"end":{"line":12,"column":350}},"line":12}},"branchMap":{},"s":{"0":1,"1":1,"2":0},"f":{"0":1,"1":0},"b":{},"_coverageSchema":"1a1c01bbd47fc00a2c39e90264f33305004495a9","hash":"8e0f68f507d2537025bf258167bbadee7f744d3c"}
,"/Users/gretagrover/HackReactor/LLFEC/src/Components/QuestionsAnswers/QuestionListItem.jsx": {"path":"/Users/gretagrover/HackReactor/LLFEC/src/Components/QuestionsAnswers/QuestionListItem.jsx","statementMap":{"0":{"start":{"line":8,"column":25},"end":{"line":218,"column":1}},"1":{"start":{"line":9,"column":38},"end":{"line":9,"column":50}},"2":{"start":{"line":10,"column":36},"end":{"line":10,"column":51}},"3":{"start":{"line":11,"column":44},"end":{"line":11,"column":56}},"4":{"start":{"line":12,"column":40},"end":{"line":12,"column":52}},"5":{"start":{"line":13,"column":34},"end":{"line":13,"column":46}},"6":{"start":{"line":14,"column":46},"end":{"line":14,"column":57}},"7":{"start":{"line":15,"column":48},"end":{"line":15,"column":60}},"8":{"start":{"line":16,"column":58},"end":{"line":16,"column":69}},"9":{"start":{"line":17,"column":32},"end":{"line":17,"column":43}},"10":{"start":{"line":18,"column":36},"end":{"line":18,"column":48}},"11":{"start":{"line":19,"column":34},"end":{"line":19,"column":46}},"12":{"start":{"line":21,"column":16},"end":{"line":21,"column":41}},"13":{"start":{"line":23,"column":27},"end":{"line":25,"column":3}},"14":{"start":{"line":24,"column":4},"end":{"line":24,"column":29}},"15":{"start":{"line":27,"column":25},"end":{"line":62,"column":3}},"16":{"start":{"line":28,"column":4},"end":{"line":28,"column":29}},"17":{"start":{"line":29,"column":4},"end":{"line":61,"column":9}},"18":{"start":{"line":37,"column":22},"end":{"line":43,"column":9}},"19":{"start":{"line":44,"column":8},"end":{"line":57,"column":13}},"20":{"start":{"line":46,"column":23},"end":{"line":46,"column":39}},"21":{"start":{"line":47,"column":24},"end":{"line":47,"column":106}},"22":{"start":{"line":47,"column":56},"end":{"line":47,"column":105}},"23":{"start":{"line":48,"column":12},"end":{"line":48,"column":32}},"24":{"start":{"line":49,"column":12},"end":{"line":49,"column":63}},"25":{"start":{"line":50,"column":12},"end":{"line":50,"column":33}},"26":{"start":{"line":51,"column":12},"end":{"line":51,"column":31}},"27":{"start":{"line":52,"column":12},"end":{"line":52,"column":28}},"28":{"start":{"line":53,"column":12},"end":{"line":53,"column":29}},"29":{"start":{"line":56,"column":12},"end":{"line":56,"column":29}},"30":{"start":{"line":60,"column":8},"end":{"line":60,"column":34}},"31":{"start":{"line":64,"column":28},"end":{"line":66,"column":3}},"32":{"start":{"line":65,"column":4},"end":{"line":65,"column":37}},"33":{"start":{"line":68,"column":30},"end":{"line":70,"column":3}},"34":{"start":{"line":69,"column":4},"end":{"line":69,"column":35}},"35":{"start":{"line":72,"column":27},"end":{"line":74,"column":3}},"36":{"start":{"line":73,"column":4},"end":{"line":73,"column":32}},"37":{"start":{"line":76,"column":22},"end":{"line":78,"column":3}},"38":{"start":{"line":77,"column":4},"end":{"line":77,"column":32}},"39":{"start":{"line":80,"column":25},"end":{"line":83,"column":3}},"40":{"start":{"line":81,"column":4},"end":{"line":81,"column":42}},"41":{"start":{"line":82,"column":4},"end":{"line":82,"column":20}},"42":{"start":{"line":85,"column":23},"end":{"line":89,"column":3}},"43":{"start":{"line":86,"column":4},"end":{"line":86,"column":32}},"44":{"start":{"line":87,"column":15},"end":{"line":87,"column":32}},"45":{"start":{"line":88,"column":4},"end":{"line":88,"column":43}},"46":{"start":{"line":91,"column":22},"end":{"line":111,"column":3}},"47":{"start":{"line":92,"column":20},"end":{"line":92,"column":31}},"48":{"start":{"line":93,"column":4},"end":{"line":110,"column":8}},"49":{"start":{"line":95,"column":22},"end":{"line":101,"column":9}},"50":{"start":{"line":102,"column":8},"end":{"line":109,"column":13}},"51":{"start":{"line":104,"column":12},"end":{"line":104,"column":80}},"52":{"start":{"line":105,"column":12},"end":{"line":105,"column":44}},"53":{"start":{"line":108,"column":12},"end":{"line":108,"column":29}},"54":{"start":{"line":113,"column":25},"end":{"line":133,"column":3}},"55":{"start":{"line":114,"column":20},"end":{"line":114,"column":31}},"56":{"start":{"line":115,"column":4},"end":{"line":132,"column":8}},"57":{"start":{"line":117,"column":22},"end":{"line":123,"column":9}},"58":{"start":{"line":124,"column":8},"end":{"line":131,"column":13}},"59":{"start":{"line":126,"column":12},"end":{"line":126,"column":80}},"60":{"start":{"line":127,"column":12},"end":{"line":127,"column":44}},"61":{"start":{"line":130,"column":12},"end":{"line":130,"column":29}},"62":{"start":{"line":135,"column":33},"end":{"line":137,"column":3}},"63":{"start":{"line":136,"column":4},"end":{"line":136,"column":54}},"64":{"start":{"line":139,"column":33},"end":{"line":141,"column":3}},"65":{"start":{"line":140,"column":4},"end":{"line":140,"column":54}},"66":{"start":{"line":143,"column":2},"end":{"line":159,"column":38}},"67":{"start":{"line":144,"column":18},"end":{"line":150,"column":5}},"68":{"start":{"line":151,"column":4},"end":{"line":158,"column":9}},"69":{"start":{"line":153,"column":8},"end":{"line":153,"column":76}},"70":{"start":{"line":154,"column":8},"end":{"line":154,"column":40}},"71":{"start":{"line":157,"column":8},"end":{"line":157,"column":25}},"72":{"start":{"line":161,"column":2},"end":{"line":217,"column":3}},"73":{"start":{"line":162,"column":4},"end":{"line":187,"column":5}},"74":{"start":{"line":189,"column":6},"end":{"line":216,"column":7}}},"fnMap":{"0":{"name":"(anonymous_0)","decl":{"start":{"line":8,"column":25},"end":{"line":8,"column":26}},"loc":{"start":{"line":8,"column":129},"end":{"line":218,"column":1}},"line":8},"1":{"name":"(anonymous_1)","decl":{"start":{"line":23,"column":27},"end":{"line":23,"column":28}},"loc":{"start":{"line":23,"column":33},"end":{"line":25,"column":3}},"line":23},"2":{"name":"(anonymous_2)","decl":{"start":{"line":27,"column":25},"end":{"line":27,"column":26}},"loc":{"start":{"line":27,"column":31},"end":{"line":62,"column":3}},"line":27},"3":{"name":"(anonymous_3)","decl":{"start":{"line":36,"column":12},"end":{"line":36,"column":13}},"loc":{"start":{"line":36,"column":18},"end":{"line":58,"column":7}},"line":36},"4":{"name":"(anonymous_4)","decl":{"start":{"line":45,"column":16},"end":{"line":45,"column":17}},"loc":{"start":{"line":45,"column":25},"end":{"line":54,"column":11}},"line":45},"5":{"name":"(anonymous_5)","decl":{"start":{"line":47,"column":46},"end":{"line":47,"column":47}},"loc":{"start":{"line":47,"column":56},"end":{"line":47,"column":105}},"line":47},"6":{"name":"(anonymous_6)","decl":{"start":{"line":55,"column":17},"end":{"line":55,"column":18}},"loc":{"start":{"line":55,"column":26},"end":{"line":57,"column":11}},"line":55},"7":{"name":"(anonymous_7)","decl":{"start":{"line":59,"column":13},"end":{"line":59,"column":14}},"loc":{"start":{"line":59,"column":22},"end":{"line":61,"column":7}},"line":59},"8":{"name":"(anonymous_8)","decl":{"start":{"line":64,"column":28},"end":{"line":64,"column":29}},"loc":{"start":{"line":64,"column":35},"end":{"line":66,"column":3}},"line":64},"9":{"name":"(anonymous_9)","decl":{"start":{"line":68,"column":30},"end":{"line":68,"column":31}},"loc":{"start":{"line":68,"column":37},"end":{"line":70,"column":3}},"line":68},"10":{"name":"(anonymous_10)","decl":{"start":{"line":72,"column":27},"end":{"line":72,"column":28}},"loc":{"start":{"line":72,"column":34},"end":{"line":74,"column":3}},"line":72},"11":{"name":"(anonymous_11)","decl":{"start":{"line":76,"column":22},"end":{"line":76,"column":23}},"loc":{"start":{"line":76,"column":29},"end":{"line":78,"column":3}},"line":76},"12":{"name":"(anonymous_12)","decl":{"start":{"line":80,"column":25},"end":{"line":80,"column":26}},"loc":{"start":{"line":80,"column":32},"end":{"line":83,"column":3}},"line":80},"13":{"name":"(anonymous_13)","decl":{"start":{"line":85,"column":23},"end":{"line":85,"column":24}},"loc":{"start":{"line":85,"column":30},"end":{"line":89,"column":3}},"line":85},"14":{"name":"(anonymous_14)","decl":{"start":{"line":91,"column":22},"end":{"line":91,"column":23}},"loc":{"start":{"line":91,"column":29},"end":{"line":111,"column":3}},"line":91},"15":{"name":"(anonymous_15)","decl":{"start":{"line":94,"column":12},"end":{"line":94,"column":13}},"loc":{"start":{"line":94,"column":18},"end":{"line":110,"column":7}},"line":94},"16":{"name":"(anonymous_16)","decl":{"start":{"line":103,"column":16},"end":{"line":103,"column":17}},"loc":{"start":{"line":103,"column":25},"end":{"line":106,"column":11}},"line":103},"17":{"name":"(anonymous_17)","decl":{"start":{"line":107,"column":17},"end":{"line":107,"column":18}},"loc":{"start":{"line":107,"column":26},"end":{"line":109,"column":11}},"line":107},"18":{"name":"(anonymous_18)","decl":{"start":{"line":113,"column":25},"end":{"line":113,"column":26}},"loc":{"start":{"line":113,"column":32},"end":{"line":133,"column":3}},"line":113},"19":{"name":"(anonymous_19)","decl":{"start":{"line":116,"column":12},"end":{"line":116,"column":13}},"loc":{"start":{"line":116,"column":18},"end":{"line":132,"column":7}},"line":116},"20":{"name":"(anonymous_20)","decl":{"start":{"line":125,"column":16},"end":{"line":125,"column":17}},"loc":{"start":{"line":125,"column":25},"end":{"line":128,"column":11}},"line":125},"21":{"name":"(anonymous_21)","decl":{"start":{"line":129,"column":17},"end":{"line":129,"column":18}},"loc":{"start":{"line":129,"column":26},"end":{"line":131,"column":11}},"line":129},"22":{"name":"(anonymous_22)","decl":{"start":{"line":135,"column":33},"end":{"line":135,"column":34}},"loc":{"start":{"line":135,"column":39},"end":{"line":137,"column":3}},"line":135},"23":{"name":"(anonymous_23)","decl":{"start":{"line":139,"column":33},"end":{"line":139,"column":34}},"loc":{"start":{"line":139,"column":39},"end":{"line":141,"column":3}},"line":139},"24":{"name":"(anonymous_24)","decl":{"start":{"line":143,"column":12},"end":{"line":143,"column":13}},"loc":{"start":{"line":143,"column":18},"end":{"line":159,"column":3}},"line":143},"25":{"name":"(anonymous_25)","decl":{"start":{"line":152,"column":12},"end":{"line":152,"column":13}},"loc":{"start":{"line":152,"column":21},"end":{"line":155,"column":7}},"line":152},"26":{"name":"(anonymous_26)","decl":{"start":{"line":156,"column":13},"end":{"line":156,"column":14}},"loc":{"start":{"line":156,"column":22},"end":{"line":158,"column":7}},"line":156}},"branchMap":{"0":{"loc":{"start":{"line":161,"column":2},"end":{"line":217,"column":3}},"type":"if","locations":[{"start":{"line":161,"column":2},"end":{"line":217,"column":3}},{"start":{"line":188,"column":9},"end":{"line":217,"column":3}}],"line":161}},"s":{"0":1,"1":0,"2":0,"3":0,"4":0,"5":0,"6":0,"7":0,"8":0,"9":0,"10":0,"11":0,"12":0,"13":0,"14":0,"15":0,"16":0,"17":0,"18":0,"19":0,"20":0,"21":0,"22":0,"23":0,"24":0,"25":0,"26":0,"27":0,"28":0,"29":0,"30":0,"31":0,"32":0,"33":0,"34":0,"35":0,"36":0,"37":0,"38":0,"39":0,"40":0,"41":0,"42":0,"43":0,"44":0,"45":0,"46":0,"47":0,"48":0,"49":0,"50":0,"51":0,"52":0,"53":0,"54":0,"55":0,"56":0,"57":0,"58":0,"59":0,"60":0,"61":0,"62":0,"63":0,"64":0,"65":0,"66":0,"67":0,"68":0,"69":0,"70":0,"71":0,"72":0,"73":0,"74":0},"f":{"0":0,"1":0,"2":0,"3":0,"4":0,"5":0,"6":0,"7":0,"8":0,"9":0,"10":0,"11":0,"12":0,"13":0,"14":0,"15":0,"16":0,"17":0,"18":0,"19":0,"20":0,"21":0,"22":0,"23":0,"24":0,"25":0,"26":0},"b":{"0":[0,0]},"_coverageSchema":"1a1c01bbd47fc00a2c39e90264f33305004495a9","hash":"24851a637bed2b8f276098ea7af744cc40877e48"}
,"/Users/gretagrover/HackReactor/LLFEC/src/Components/QuestionsAnswers/QuestionModal.jsx": {"path":"/Users/gretagrover/HackReactor/LLFEC/src/Components/QuestionsAnswers/QuestionModal.jsx","statementMap":{"0":{"start":{"line":7,"column":14},"end":{"line":17,"column":1}},"1":{"start":{"line":19,"column":22},"end":{"line":69,"column":1}},"2":{"start":{"line":20,"column":26},"end":{"line":20,"column":47}},"3":{"start":{"line":22,"column":21},"end":{"line":24,"column":3}},"4":{"start":{"line":23,"column":4},"end":{"line":23,"column":18}},"5":{"start":{"line":26,"column":22},"end":{"line":28,"column":3}},"6":{"start":{"line":27,"column":4},"end":{"line":27,"column":19}},"7":{"start":{"line":30,"column":29},"end":{"line":34,"column":3}},"8":{"start":{"line":31,"column":4},"end":{"line":31,"column":25}},"9":{"start":{"line":32,"column":4},"end":{"line":32,"column":20}},"10":{"start":{"line":33,"column":4},"end":{"line":33,"column":18}},"11":{"start":{"line":36,"column":2},"end":{"line":68,"column":4}}},"fnMap":{"0":{"name":"(anonymous_0)","decl":{"start":{"line":19,"column":22},"end":{"line":19,"column":23}},"loc":{"start":{"line":19,"column":102},"end":{"line":69,"column":1}},"line":19},"1":{"name":"(anonymous_1)","decl":{"start":{"line":22,"column":21},"end":{"line":22,"column":22}},"loc":{"start":{"line":22,"column":27},"end":{"line":24,"column":3}},"line":22},"2":{"name":"(anonymous_2)","decl":{"start":{"line":26,"column":22},"end":{"line":26,"column":23}},"loc":{"start":{"line":26,"column":28},"end":{"line":28,"column":3}},"line":26},"3":{"name":"(anonymous_3)","decl":{"start":{"line":30,"column":29},"end":{"line":30,"column":30}},"loc":{"start":{"line":30,"column":35},"end":{"line":34,"column":3}},"line":30}},"branchMap":{},"s":{"0":1,"1":1,"2":1,"3":1,"4":0,"5":1,"6":0,"7":1,"8":0,"9":0,"10":0,"11":1},"f":{"0":1,"1":0,"2":0,"3":0},"b":{},"_coverageSchema":"1a1c01bbd47fc00a2c39e90264f33305004495a9","hash":"823cb5865988fdf27f2b2476dc2619d860b0ee76"}
,"/Users/gretagrover/HackReactor/LLFEC/src/Components/QuestionsAnswers/Questions.jsx": {"path":"/Users/gretagrover/HackReactor/LLFEC/src/Components/QuestionsAnswers/Questions.jsx","statementMap":{"0":{"start":{"line":17,"column":18},"end":{"line":256,"column":1}},"1":{"start":{"line":18,"column":36},"end":{"line":18,"column":48}},"2":{"start":{"line":19,"column":48},"end":{"line":19,"column":60}},"3":{"start":{"line":20,"column":28},"end":{"line":20,"column":40}},"4":{"start":{"line":21,"column":34},"end":{"line":21,"column":46}},"5":{"start":{"line":22,"column":46},"end":{"line":22,"column":57}},"6":{"start":{"line":23,"column":52},"end":{"line":23,"column":64}},"7":{"start":{"line":24,"column":34},"end":{"line":24,"column":46}},"8":{"start":{"line":26,"column":27},"end":{"line":28,"column":3}},"9":{"start":{"line":27,"column":4},"end":{"line":27,"column":39}},"10":{"start":{"line":30,"column":24},"end":{"line":32,"column":3}},"11":{"start":{"line":31,"column":4},"end":{"line":31,"column":29}},"12":{"start":{"line":34,"column":23},"end":{"line":36,"column":3}},"13":{"start":{"line":35,"column":4},"end":{"line":35,"column":32}},"14":{"start":{"line":38,"column":16},"end":{"line":67,"column":3}},"15":{"start":{"line":39,"column":22},"end":{"line":39,"column":33}},"16":{"start":{"line":40,"column":4},"end":{"line":66,"column":9}},"17":{"start":{"line":43,"column":22},"end":{"line":52,"column":9}},"18":{"start":{"line":53,"column":8},"end":{"line":65,"column":13}},"19":{"start":{"line":55,"column":23},"end":{"line":59,"column":13}},"20":{"start":{"line":57,"column":16},"end":{"line":58,"column":50}},"21":{"start":{"line":60,"column":12},"end":{"line":60,"column":31}},"22":{"start":{"line":61,"column":12},"end":{"line":61,"column":64}},"23":{"start":{"line":64,"column":12},"end":{"line":64,"column":29}},"24":{"start":{"line":69,"column":19},"end":{"line":95,"column":3}},"25":{"start":{"line":70,"column":22},"end":{"line":70,"column":33}},"26":{"start":{"line":71,"column":4},"end":{"line":94,"column":9}},"27":{"start":{"line":74,"column":22},"end":{"line":83,"column":9}},"28":{"start":{"line":84,"column":8},"end":{"line":93,"column":13}},"29":{"start":{"line":86,"column":23},"end":{"line":86,"column":127}},"30":{"start":{"line":86,"column":55},"end":{"line":86,"column":126}},"31":{"start":{"line":88,"column":12},"end":{"line":88,"column":31}},"32":{"start":{"line":89,"column":12},"end":{"line":89,"column":64}},"33":{"start":{"line":92,"column":12},"end":{"line":92,"column":29}},"34":{"start":{"line":97,"column":24},"end":{"line":133,"column":3}},"35":{"start":{"line":98,"column":4},"end":{"line":132,"column":9}},"36":{"start":{"line":106,"column":22},"end":{"line":115,"column":9}},"37":{"start":{"line":116,"column":8},"end":{"line":131,"column":13}},"38":{"start":{"line":118,"column":23},"end":{"line":122,"column":13}},"39":{"start":{"line":120,"column":16},"end":{"line":121,"column":50}},"40":{"start":{"line":123,"column":24},"end":{"line":125,"column":13}},"41":{"start":{"line":124,"column":24},"end":{"line":124,"column":77}},"42":{"start":{"line":126,"column":12},"end":{"line":126,"column":31}},"43":{"start":{"line":127,"column":12},"end":{"line":127,"column":67}},"44":{"start":{"line":130,"column":12},"end":{"line":130,"column":29}},"45":{"start":{"line":135,"column":25},"end":{"line":137,"column":3}},"46":{"start":{"line":136,"column":4},"end":{"line":136,"column":32}},"47":{"start":{"line":139,"column":28},"end":{"line":141,"column":3}},"48":{"start":{"line":140,"column":4},"end":{"line":140,"column":42}},"49":{"start":{"line":143,"column":2},"end":{"line":167,"column":9}},"50":{"start":{"line":144,"column":18},"end":{"line":153,"column":5}},"51":{"start":{"line":154,"column":4},"end":{"line":166,"column":9}},"52":{"start":{"line":156,"column":19},"end":{"line":160,"column":9}},"53":{"start":{"line":158,"column":12},"end":{"line":159,"column":46}},"54":{"start":{"line":161,"column":8},"end":{"line":161,"column":27}},"55":{"start":{"line":162,"column":8},"end":{"line":162,"column":60}},"56":{"start":{"line":165,"column":8},"end":{"line":165,"column":25}},"57":{"start":{"line":169,"column":2},"end":{"line":193,"column":23}},"58":{"start":{"line":170,"column":18},"end":{"line":179,"column":5}},"59":{"start":{"line":180,"column":4},"end":{"line":192,"column":9}},"60":{"start":{"line":182,"column":19},"end":{"line":186,"column":9}},"61":{"start":{"line":184,"column":12},"end":{"line":185,"column":46}},"62":{"start":{"line":187,"column":8},"end":{"line":187,"column":27}},"63":{"start":{"line":188,"column":8},"end":{"line":188,"column":60}},"64":{"start":{"line":191,"column":8},"end":{"line":191,"column":25}},"65":{"start":{"line":195,"column":2},"end":{"line":231,"column":16}},"66":{"start":{"line":196,"column":15},"end":{"line":196,"column":17}},"67":{"start":{"line":197,"column":4},"end":{"line":230,"column":5}},"68":{"start":{"line":198,"column":6},"end":{"line":204,"column":7}},"69":{"start":{"line":199,"column":8},"end":{"line":203,"column":9}},"70":{"start":{"line":202,"column":10},"end":{"line":202,"column":29}},"71":{"start":{"line":205,"column":6},"end":{"line":205,"column":33}},"72":{"start":{"line":207,"column":20},"end":{"line":216,"column":7}},"73":{"start":{"line":217,"column":6},"end":{"line":229,"column":11}},"74":{"start":{"line":219,"column":21},"end":{"line":223,"column":11}},"75":{"start":{"line":221,"column":14},"end":{"line":222,"column":48}},"76":{"start":{"line":224,"column":10},"end":{"line":224,"column":29}},"77":{"start":{"line":225,"column":10},"end":{"line":225,"column":62}},"78":{"start":{"line":228,"column":10},"end":{"line":228,"column":27}},"79":{"start":{"line":233,"column":2},"end":{"line":255,"column":4}}},"fnMap":{"0":{"name":"(anonymous_0)","decl":{"start":{"line":17,"column":18},"end":{"line":17,"column":19}},"loc":{"start":{"line":17,"column":39},"end":{"line":256,"column":1}},"line":17},"1":{"name":"(anonymous_1)","decl":{"start":{"line":26,"column":27},"end":{"line":26,"column":28}},"loc":{"start":{"line":26,"column":34},"end":{"line":28,"column":3}},"line":26},"2":{"name":"(anonymous_2)","decl":{"start":{"line":30,"column":24},"end":{"line":30,"column":25}},"loc":{"start":{"line":30,"column":31},"end":{"line":32,"column":3}},"line":30},"3":{"name":"(anonymous_3)","decl":{"start":{"line":34,"column":23},"end":{"line":34,"column":24}},"loc":{"start":{"line":34,"column":30},"end":{"line":36,"column":3}},"line":34},"4":{"name":"(anonymous_4)","decl":{"start":{"line":38,"column":16},"end":{"line":38,"column":17}},"loc":{"start":{"line":38,"column":23},"end":{"line":67,"column":3}},"line":38},"5":{"name":"(anonymous_5)","decl":{"start":{"line":42,"column":12},"end":{"line":42,"column":13}},"loc":{"start":{"line":42,"column":18},"end":{"line":66,"column":7}},"line":42},"6":{"name":"(anonymous_6)","decl":{"start":{"line":54,"column":16},"end":{"line":54,"column":17}},"loc":{"start":{"line":54,"column":25},"end":{"line":62,"column":11}},"line":54},"7":{"name":"(anonymous_7)","decl":{"start":{"line":56,"column":14},"end":{"line":56,"column":15}},"loc":{"start":{"line":57,"column":16},"end":{"line":58,"column":50}},"line":57},"8":{"name":"(anonymous_8)","decl":{"start":{"line":63,"column":17},"end":{"line":63,"column":18}},"loc":{"start":{"line":63,"column":26},"end":{"line":65,"column":11}},"line":63},"9":{"name":"(anonymous_9)","decl":{"start":{"line":69,"column":19},"end":{"line":69,"column":20}},"loc":{"start":{"line":69,"column":26},"end":{"line":95,"column":3}},"line":69},"10":{"name":"(anonymous_10)","decl":{"start":{"line":73,"column":12},"end":{"line":73,"column":13}},"loc":{"start":{"line":73,"column":18},"end":{"line":94,"column":7}},"line":73},"11":{"name":"(anonymous_11)","decl":{"start":{"line":85,"column":16},"end":{"line":85,"column":17}},"loc":{"start":{"line":85,"column":25},"end":{"line":90,"column":11}},"line":85},"12":{"name":"(anonymous_12)","decl":{"start":{"line":86,"column":45},"end":{"line":86,"column":46}},"loc":{"start":{"line":86,"column":55},"end":{"line":86,"column":126}},"line":86},"13":{"name":"(anonymous_13)","decl":{"start":{"line":91,"column":17},"end":{"line":91,"column":18}},"loc":{"start":{"line":91,"column":26},"end":{"line":93,"column":11}},"line":91},"14":{"name":"(anonymous_14)","decl":{"start":{"line":97,"column":24},"end":{"line":97,"column":25}},"loc":{"start":{"line":97,"column":30},"end":{"line":133,"column":3}},"line":97},"15":{"name":"(anonymous_15)","decl":{"start":{"line":105,"column":12},"end":{"line":105,"column":13}},"loc":{"start":{"line":105,"column":18},"end":{"line":132,"column":7}},"line":105},"16":{"name":"(anonymous_16)","decl":{"start":{"line":117,"column":16},"end":{"line":117,"column":17}},"loc":{"start":{"line":117,"column":25},"end":{"line":128,"column":11}},"line":117},"17":{"name":"(anonymous_17)","decl":{"start":{"line":119,"column":14},"end":{"line":119,"column":15}},"loc":{"start":{"line":120,"column":16},"end":{"line":121,"column":50}},"line":120},"18":{"name":"(anonymous_18)","decl":{"start":{"line":124,"column":14},"end":{"line":124,"column":15}},"loc":{"start":{"line":124,"column":24},"end":{"line":124,"column":77}},"line":124},"19":{"name":"(anonymous_19)","decl":{"start":{"line":129,"column":17},"end":{"line":129,"column":18}},"loc":{"start":{"line":129,"column":26},"end":{"line":131,"column":11}},"line":129},"20":{"name":"(anonymous_20)","decl":{"start":{"line":135,"column":25},"end":{"line":135,"column":26}},"loc":{"start":{"line":135,"column":32},"end":{"line":137,"column":3}},"line":135},"21":{"name":"(anonymous_21)","decl":{"start":{"line":139,"column":28},"end":{"line":139,"column":29}},"loc":{"start":{"line":139,"column":34},"end":{"line":141,"column":3}},"line":139},"22":{"name":"(anonymous_22)","decl":{"start":{"line":143,"column":12},"end":{"line":143,"column":13}},"loc":{"start":{"line":143,"column":18},"end":{"line":167,"column":3}},"line":143},"23":{"name":"(anonymous_23)","decl":{"start":{"line":155,"column":12},"end":{"line":155,"column":13}},"loc":{"start":{"line":155,"column":21},"end":{"line":163,"column":7}},"line":155},"24":{"name":"(anonymous_24)","decl":{"start":{"line":157,"column":10},"end":{"line":157,"column":11}},"loc":{"start":{"line":158,"column":12},"end":{"line":159,"column":46}},"line":158},"25":{"name":"(anonymous_25)","decl":{"start":{"line":164,"column":13},"end":{"line":164,"column":14}},"loc":{"start":{"line":164,"column":22},"end":{"line":166,"column":7}},"line":164},"26":{"name":"(anonymous_26)","decl":{"start":{"line":169,"column":12},"end":{"line":169,"column":13}},"loc":{"start":{"line":169,"column":18},"end":{"line":193,"column":3}},"line":169},"27":{"name":"(anonymous_27)","decl":{"start":{"line":181,"column":12},"end":{"line":181,"column":13}},"loc":{"start":{"line":181,"column":21},"end":{"line":189,"column":7}},"line":181},"28":{"name":"(anonymous_28)","decl":{"start":{"line":183,"column":10},"end":{"line":183,"column":11}},"loc":{"start":{"line":184,"column":12},"end":{"line":185,"column":46}},"line":184},"29":{"name":"(anonymous_29)","decl":{"start":{"line":190,"column":13},"end":{"line":190,"column":14}},"loc":{"start":{"line":190,"column":22},"end":{"line":192,"column":7}},"line":190},"30":{"name":"(anonymous_30)","decl":{"start":{"line":195,"column":12},"end":{"line":195,"column":13}},"loc":{"start":{"line":195,"column":18},"end":{"line":231,"column":3}},"line":195},"31":{"name":"(anonymous_31)","decl":{"start":{"line":218,"column":14},"end":{"line":218,"column":15}},"loc":{"start":{"line":218,"column":23},"end":{"line":226,"column":9}},"line":218},"32":{"name":"(anonymous_32)","decl":{"start":{"line":220,"column":12},"end":{"line":220,"column":13}},"loc":{"start":{"line":221,"column":14},"end":{"line":222,"column":48}},"line":221},"33":{"name":"(anonymous_33)","decl":{"start":{"line":227,"column":15},"end":{"line":227,"column":16}},"loc":{"start":{"line":227,"column":24},"end":{"line":229,"column":9}},"line":227}},"branchMap":{"0":{"loc":{"start":{"line":197,"column":4},"end":{"line":230,"column":5}},"type":"if","locations":[{"start":{"line":197,"column":4},"end":{"line":230,"column":5}},{"start":{"line":206,"column":11},"end":{"line":230,"column":5}}],"line":197},"1":{"loc":{"start":{"line":199,"column":8},"end":{"line":203,"column":9}},"type":"if","locations":[{"start":{"line":199,"column":8},"end":{"line":203,"column":9}},{"start":{},"end":{}}],"line":199}},"s":{"0":1,"1":1,"2":1,"3":1,"4":1,"5":1,"6":1,"7":1,"8":1,"9":0,"10":1,"11":0,"12":1,"13":0,"14":1,"15":0,"16":0,"17":0,"18":0,"19":0,"20":0,"21":0,"22":0,"23":0,"24":1,"25":0,"26":0,"27":0,"28":0,"29":0,"30":0,"31":0,"32":0,"33":0,"34":1,"35":0,"36":0,"37":0,"38":0,"39":0,"40":0,"41":0,"42":0,"43":0,"44":0,"45":1,"46":0,"47":1,"48":0,"49":1,"50":0,"51":0,"52":0,"53":0,"54":0,"55":0,"56":0,"57":1,"58":0,"59":0,"60":0,"61":0,"62":0,"63":0,"64":0,"65":1,"66":0,"67":0,"68":0,"69":0,"70":0,"71":0,"72":0,"73":0,"74":0,"75":0,"76":0,"77":0,"78":0,"79":1},"f":{"0":1,"1":0,"2":0,"3":0,"4":0,"5":0,"6":0,"7":0,"8":0,"9":0,"10":0,"11":0,"12":0,"13":0,"14":0,"15":0,"16":0,"17":0,"18":0,"19":0,"20":0,"21":0,"22":0,"23":0,"24":0,"25":0,"26":0,"27":0,"28":0,"29":0,"30":0,"31":0,"32":0,"33":0},"b":{"0":[0,0],"1":[0,0]},"_coverageSchema":"1a1c01bbd47fc00a2c39e90264f33305004495a9","hash":"4cc393c7fb21cd84cacb33b8669a17ce64e70e5f"}
,"/Users/gretagrover/HackReactor/LLFEC/src/Components/QuestionsAnswers/Search.jsx": {"path":"/Users/gretagrover/HackReactor/LLFEC/src/Components/QuestionsAnswers/Search.jsx","statementMap":{"0":{"start":{"line":6,"column":15},"end":{"line":18,"column":1}},"1":{"start":{"line":7,"column":2},"end":{"line":17,"column":3}}},"fnMap":{"0":{"name":"(anonymous_0)","decl":{"start":{"line":6,"column":15},"end":{"line":6,"column":16}},"loc":{"start":{"line":6,"column":37},"end":{"line":18,"column":1}},"line":6}},"branchMap":{},"s":{"0":1,"1":1},"f":{"0":1},"b":{},"_coverageSchema":"1a1c01bbd47fc00a2c39e90264f33305004495a9","hash":"ab54e9311785a971580d98bd1e3b529e453b2595"}
,"/Users/gretagrover/HackReactor/LLFEC/src/Components/Reviews/reviewApp.jsx": {"path":"/Users/gretagrover/HackReactor/LLFEC/src/Components/Reviews/reviewApp.jsx","statementMap":{"0":{"start":{"line":11,"column":18},"end":{"line":111,"column":1}},"1":{"start":{"line":12,"column":46},"end":{"line":12,"column":67}},"2":{"start":{"line":13,"column":46},"end":{"line":13,"column":60}},"3":{"start":{"line":14,"column":46},"end":{"line":14,"column":60}},"4":{"start":{"line":15,"column":44},"end":{"line":15,"column":56}},"5":{"start":{"line":19,"column":15},"end":{"line":25,"column":5}},"6":{"start":{"line":19,"column":45},"end":{"line":25,"column":3}},"7":{"start":{"line":27,"column":2},"end":{"line":32,"column":3}},"8":{"start":{"line":28,"column":21},"end":{"line":28,"column":22}},"9":{"start":{"line":29,"column":4},"end":{"line":31,"column":5}},"10":{"start":{"line":30,"column":6},"end":{"line":30,"column":61}},"11":{"start":{"line":33,"column":24},"end":{"line":36,"column":1}},"12":{"start":{"line":34,"column":2},"end":{"line":34,"column":20}},"13":{"start":{"line":35,"column":2},"end":{"line":35,"column":22}},"14":{"start":{"line":37,"column":25},"end":{"line":48,"column":3}},"15":{"start":{"line":38,"column":4},"end":{"line":38,"column":22}},"16":{"start":{"line":39,"column":20},"end":{"line":39,"column":33}},"17":{"start":{"line":40,"column":4},"end":{"line":45,"column":5}},"18":{"start":{"line":41,"column":6},"end":{"line":41,"column":28}},"19":{"start":{"line":43,"column":18},"end":{"line":43,"column":47}},"20":{"start":{"line":44,"column":6},"end":{"line":44,"column":31}},"21":{"start":{"line":46,"column":24},"end":{"line":46,"column":41}},"22":{"start":{"line":47,"column":4},"end":{"line":47,"column":35}},"23":{"start":{"line":51,"column":2},"end":{"line":69,"column":9}},"24":{"start":{"line":52,"column":18},"end":{"line":61,"column":5}},"25":{"start":{"line":62,"column":4},"end":{"line":68,"column":9}},"26":{"start":{"line":64,"column":8},"end":{"line":64,"column":40}},"27":{"start":{"line":67,"column":8},"end":{"line":67,"column":25}},"28":{"start":{"line":71,"column":2},"end":{"line":110,"column":4}}},"fnMap":{"0":{"name":"(anonymous_0)","decl":{"start":{"line":11,"column":18},"end":{"line":11,"column":19}},"loc":{"start":{"line":11,"column":39},"end":{"line":111,"column":1}},"line":11},"1":{"name":"(anonymous_1)","decl":{"start":{"line":19,"column":29},"end":{"line":19,"column":30}},"loc":{"start":{"line":19,"column":45},"end":{"line":25,"column":3}},"line":19},"2":{"name":"(anonymous_2)","decl":{"start":{"line":33,"column":24},"end":{"line":33,"column":25}},"loc":{"start":{"line":33,"column":31},"end":{"line":36,"column":1}},"line":33},"3":{"name":"(anonymous_3)","decl":{"start":{"line":37,"column":25},"end":{"line":37,"column":26}},"loc":{"start":{"line":37,"column":40},"end":{"line":48,"column":3}},"line":37},"4":{"name":"(anonymous_4)","decl":{"start":{"line":51,"column":12},"end":{"line":51,"column":13}},"loc":{"start":{"line":51,"column":18},"end":{"line":69,"column":3}},"line":51},"5":{"name":"(anonymous_5)","decl":{"start":{"line":63,"column":12},"end":{"line":63,"column":13}},"loc":{"start":{"line":63,"column":25},"end":{"line":65,"column":7}},"line":63},"6":{"name":"(anonymous_6)","decl":{"start":{"line":66,"column":13},"end":{"line":66,"column":14}},"loc":{"start":{"line":66,"column":22},"end":{"line":68,"column":7}},"line":66}},"branchMap":{"0":{"loc":{"start":{"line":27,"column":2},"end":{"line":32,"column":3}},"type":"if","locations":[{"start":{"line":27,"column":2},"end":{"line":32,"column":3}},{"start":{},"end":{}}],"line":27},"1":{"loc":{"start":{"line":40,"column":4},"end":{"line":45,"column":5}},"type":"if",
[...]
ne":13,"column":18},"end":{"line":22,"column":5}},"4":{"start":{"line":23,"column":4},"end":{"line":38,"column":8}},"5":{"start":{"line":26,"column":26},"end":{"line":26,"column":27}},"6":{"start":{"line":27,"column":27},"end":{"line":27,"column":28}},"7":{"start":{"line":28,"column":8},"end":{"line":31,"column":9}},"8":{"start":{"line":29,"column":10},"end":{"line":29,"column":76}},"9":{"start":{"line":30,"column":10},"end":{"line":30,"column":61}},"10":{"start":{"line":32,"column":24},"end":{"line":32,"column":50}},"11":{"start":{"line":34,"column":8},"end":{"line":34,"column":28}},"12":{"start":{"line":37,"column":8},"end":{"line":37,"column":24}},"13":{"start":{"line":41,"column":2},"end":{"line":50,"column":4}}},"fnMap":{"0":{"name":"(anonymous_0)","decl":{"start":{"line":8,"column":14},"end":{"line":8,"column":15}},"loc":{"start":{"line":8,"column":48},"end":{"line":51,"column":1}},"line":8},"1":{"name":"(anonymous_1)","decl":{"start":{"line":12,"column":18},"end":{"line":12,"column":19}},"loc":{"start":{"line":12,"column":24},"end":{"line":39,"column":3}},"line":12},"2":{"name":"(anonymous_2)","decl":{"start":{"line":24,"column":12},"end":{"line":24,"column":13}},"loc":{"start":{"line":24,"column":25},"end":{"line":35,"column":7}},"line":24},"3":{"name":"(anonymous_3)","decl":{"start":{"line":36,"column":13},"end":{"line":36,"column":14}},"loc":{"start":{"line":36,"column":20},"end":{"line":38,"column":7}},"line":36}},"branchMap":{"0":{"loc":{"start":{"line":8,"column":29},"end":{"line":8,"column":41}},"type":"default-arg","locations":[{"start":{"line":8,"column":34},"end":{"line":8,"column":41}}],"line":8},"1":{"loc":{"start":{"line":47,"column":7},"end":{"line":48,"column":87}},"type":"binary-expr","locations":[{"start":{"line":47,"column":7},"end":{"line":47,"column":13}},{"start":{"line":48,"column":8},"end":{"line":48,"column":87}}],"line":47}},"s":{"0":1,"1":1,"2":1,"3":0,"4":0,"5":0,"6":0,"7":0,"8":0,"9":0,"10":0,"11":0,"12":0,"13":1},"f":{"0":1,"1":0,"2":0,"3":0},"b":{"0":[1],"1":[1,0]},"_coverageSchema":"1a1c01bbd47fc00a2c39e90264f33305004495a9","hash":"f7c75ec614e71df4725c1131abdf18138d98eadd"}
,"/Users/gretagrover/HackReactor/LLFEC/src/Components/Reviews/FormComponents/formBodyInput.jsx": {"path":"/Users/gretagrover/HackReactor/LLFEC/src/Components/Reviews/FormComponents/formBodyInput.jsx","statementMap":{"0":{"start":{"line":4,"column":22},"end":{"line":34,"column":1}},"1":{"start":{"line":6,"column":38},"end":{"line":6,"column":50}},"2":{"start":{"line":8,"column":27},"end":{"line":13,"column":3}},"3":{"start":{"line":9,"column":4},"end":{"line":9,"column":22}},"4":{"start":{"line":10,"column":21},"end":{"line":10,"column":35}},"5":{"start":{"line":11,"column":28},"end":{"line":11,"column":50}},"6":{"start":{"line":12,"column":4},"end":{"line":12,"column":36}},"7":{"start":{"line":15,"column":2},"end":{"line":33,"column":9}},"8":{"start":{"line":29,"column":27},"end":{"line":29,"column":46}}},"fnMap":{"0":{"name":"(anonymous_0)","decl":{"start":{"line":4,"column":22},"end":{"line":4,"column":23}},"loc":{"start":{"line":4,"column":28},"end":{"line":34,"column":1}},"line":4},"1":{"name":"(anonymous_1)","decl":{"start":{"line":8,"column":27},"end":{"line":8,"column":28}},"loc":{"start":{"line":8,"column":34},"end":{"line":13,"column":3}},"line":8},"2":{"name":"(anonymous_2)","decl":{"start":{"line":29,"column":18},"end":{"line":29,"column":19}},"loc":{"start":{"line":29,"column":25},"end":{"line":29,"column":48}},"line":29}},"branchMap":{"0":{"loc":{"start":{"line":31,"column":35},"end":{"line":31,"column":123}},"type":"cond-expr","locations":[{"start":{"line":31,"column":53},"end":{"line":31,"column":102}},{"start":{"line":31,"column":105},"end":{"line":31,"column":123}}],"line":31}},"s":{"0":1,"1":0,"2":0,"3":0,"4":0,"5":0,"6":0,"7":0,"8":0},"f":{"0":0,"1":0,"2":0},"b":{"0":[0,0]},"_coverageSchema":"1a1c01bbd47fc00a2c39e90264f33305004495a9","hash":"1465d62d9ae56c8920fd3c53c2d8dcf7e83493c3"}
,"/Users/gretagrover/HackReactor/LLFEC/src/Components/Reviews/FormComponents/formCharInput.jsx": {"path":"/Users/gretagrover/HackReactor/LLFEC/src/Components/Reviews/FormComponents/formCharInput.jsx","statementMap":{"0":{"start":{"line":11,"column":22},"end":{"line":50,"column":1}},"1":{"start":{"line":12,"column":48},"end":{"line":12,"column":87}},"2":{"start":{"line":13,"column":36},"end":{"line":13,"column":50}},"3":{"start":{"line":16,"column":2},"end":{"line":19,"column":8}},"4":{"start":{"line":17,"column":22},"end":{"line":17,"column":62}},"5":{"start":{"line":18,"column":4},"end":{"line":18,"column":27}},"6":{"start":{"line":21,"column":2},"end":{"line":49,"column":4}},"7":{"start":{"line":24,"column":8},"end":{"line":45,"column":16}},"8":{"start":{"line":34,"column":28},"end":{"line":37,"column":14}}},"fnMap":{"0":{"name":"(anonymous_0)","decl":{"start":{"line":11,"column":22},"end":{"line":11,"column":23}},"loc":{"start":{"line":11,"column":40},"end":{"line":50,"column":1}},"line":11},"1":{"name":"(anonymous_1)","decl":{"start":{"line":16,"column":12},"end":{"line":16,"column":13}},"loc":{"start":{"line":16,"column":18},"end":{"line":19,"column":3}},"line":16},"2":{"name":"(anonymous_2)","decl":{"start":{"line":23,"column":34},"end":{"line":23,"column":35}},"loc":{"start":{"line":24,"column":8},"end":{"line":45,"column":16}},"line":24},"3":{"name":"(anonymous_3)","decl":{"start":{"line":34,"column":21},"end":{"line":34,"column":22}},"loc":{"start":{"line":34,"column":28},"end":{"line":37,"column":14}},"line":34}},"branchMap":{"0":{"loc":{"start":{"line":23,"column":7},"end":{"line":46,"column":8}},"type":"binary-expr","locations":[{"start":{"line":23,"column":7},"end":{"line":23,"column":16}},{"start":{"line":23,"column":20},"end":{"line":46,"column":8}}],"line":23},"1":{"loc":{"start":{"line":25,"column":11},"end":{"line":29,"column":15}},"type":"binary-expr","locations":[{"start":{"line":25,"column":11},"end":{"line":25,"column":26}},{"start":{"line":26,"column":12},"end":{"line":29,"column":15}}],"line":25},"2":{"loc":{"start":{"line":28,"column":46},"end":{"line":28,"column":137}},"type":"cond-expr","locations":[{"start":{"line":28,"column":80},"end":{"line":28,"column":111}},{"start":{"line":28,"column":114},"end":{"line":28,"column":137}}],"line":28}},"s":{"0":1,"1":0,"2":0,"3":0,"4":0,"5":0,"6":0,"7":0,"8":0},"f":{"0":0,"1":0,"2":0,"3":0},"b":{"0":[0,0],"1":[0,0],"2":[0,0]},"_coverageSchema":"1a1c01bbd47fc00a2c39e90264f33305004495a9","hash":"88ccb7d3430f1a52e423285431f8e52b8ec27cac"}
,"/Users/gretagrover/HackReactor/LLFEC/src/Components/Reviews/FormComponents/formEmailInput.jsx": {"path":"/Users/gretagrover/HackReactor/LLFEC/src/Components/Reviews/FormComponents/formEmailInput.jsx","statementMap":{"0":{"start":{"line":5,"column":23},"end":{"line":25,"column":1}},"1":{"start":{"line":6,"column":34},"end":{"line":6,"column":49}},"2":{"start":{"line":9,"column":2},"end":{"line":24,"column":9}},"3":{"start":{"line":21,"column":23},"end":{"line":21,"column":41}}},"fnMap":{"0":{"name":"(anonymous_0)","decl":{"start":{"line":5,"column":23},"end":{"line":5,"column":24}},"loc":{"start":{"line":5,"column":29},"end":{"line":25,"column":1}},"line":5},"1":{"name":"(anonymous_1)","decl":{"start":{"line":21,"column":18},"end":{"line":21,"column":19}},"loc":{"start":{"line":21,"column":22},"end":{"line":21,"column":42}},"line":21}},"branchMap":{"0":{"loc":{"start":{"line":23,"column":3},"end":{"line":23,"column":105}},"type":"binary-expr","locations":[{"start":{"line":23,"column":3},"end":{"line":23,"column":12}},{"start":{"line":23,"column":16},"end":{"line":23,"column":105}}],"line":23}},"s":{"0":1,"1":0,"2":0,"3":0},"f":{"0":0,"1":0},"b":{"0":[0,0]},"_coverageSchema":"1a1c01bbd47fc00a2c39e90264f33305004495a9","hash":"c9334f6d76a49c1ff9b33827ad5559b45e335c18"}
,"/Users/gretagrover/HackReactor/LLFEC/src/Components/Reviews/FormComponents/formNicknameInput.jsx": {"path":"/Users/gretagrover/HackReactor/LLFEC/src/Components/Reviews/FormComponents/formNicknameInput.jsx","statementMap":{"0":{"start":{"line":4,"column":26},"end":{"line":27,"column":1}},"1":{"start":{"line":5,"column":40},"end":{"line":5,"column":55}},"2":{"start":{"line":8,"column":2},"end":{"line":26,"column":9}},"3":{"start":{"line":22,"column":10},"end":{"line":22,"column":31}}},"fnMap":{"0":{"name":"(anonymous_0)","decl":{"start":{"line":4,"column":26},"end":{"line":4,"column":27}},"loc":{"start":{"line":4,"column":32},"end":{"line":27,"column":1}},"line":4},"1":{"name":"(anonymous_1)","decl":{"start":{"line":21,"column":18},"end":{"line":21,"column":19}},"loc":{"start":{"line":21,"column":23},"end":{"line":23,"column":9}},"line":21}},"branchMap":{"0":{"loc":{"start":{"line":25,"column":1},"end":{"line":25,"column":121}},"type":"binary-expr","locations":[{"start":{"line":25,"column":1},"end":{"line":25,"column":13}},{"start":{"line":25,"column":17},"end":{"line":25,"column":121}}],"line":25}},"s":{"0":1,"1":0,"2":0,"3":0},"f":{"0":0,"1":0},"b":{"0":[0,0]},"_coverageSchema":"1a1c01bbd47fc00a2c39e90264f33305004495a9","hash":"47dc4cd6947bb96339552c10ee329cf95ae31477"}
,"/Users/gretagrover/HackReactor/LLFEC/src/Components/Reviews/FormComponents/formPhotoInput.jsx": {"path":"/Users/gretagrover/HackReactor/LLFEC/src/Components/Reviews/FormComponents/formPhotoInput.jsx","statementMap":{"0":{"start":{"line":10,"column":23},"end":{"line":114,"column":1}},"1":{"start":{"line":11,"column":30},"end":{"line":11,"column":42}},"2":{"start":{"line":12,"column":42},"end":{"line":12,"column":54}},"3":{"start":{"line":13,"column":26},"end":{"line":13,"column":41}},"4":{"start":{"line":14,"column":21},"end":{"line":14,"column":40}},"5":{"start":{"line":14,"column":27},"end":{"line":14,"column":40}},"6":{"start":{"line":15,"column":22},"end":{"line":15,"column":42}},"7":{"start":{"line":15,"column":28},"end":{"line":15,"column":42}},"8":{"start":{"line":17,"column":32},"end":{"line":17,"column":47}},"9":{"start":{"line":19,"column":28},"end":{"line":34,"column":3}},"10":{"start":{"line":20,"column":4},"end":{"line":20,"column":55}},"11":{"start":{"line":21,"column":21},"end":{"line":21,"column":35}},"12":{"start":{"line":22,"column":27},"end":{"line":22,"column":39}},"13":{"start":{"line":23,"column":4},"end":{"line":28,"column":5}},"14":{"start":{"line":24,"column":16},"end":{"line":24,"column":46}},"15":{"start":{"line":27,"column":16},"end":{"line":27,"column":17}},"16":{"start":{"line":29,"column":4},"end":{"line":29,"column":20}},"17":{"start":{"line":30,"column":4},"end":{"line":30,"column":26}},"18":{"start":{"line":31,"column":4},"end":{"line":31,"column":42}},"19":{"start":{"line":32,"column":4},"end":{"line":32,"column":30}},"20":{"start":{"line":33,"column":4},"end":{"line":33,"column":42}},"21":{"start":{"line":36,"column":28},"end":{"line":43,"column":3}},"22":{"start":{"line":37,"column":21},"end":{"line":37,"column":27}},"23":{"start":{"line":38,"column":27},"end":{"line":38,"column":39}},"24":{"start":{"line":39,"column":4},"end":{"line":39,"column":31}},"25":{"start":{"line":40,"column":4},"end":{"line":40,"column":37}},"26":{"start":{"line":41,"column":4},"end":{"line":41,"column":30}},"27":{"start":{"line":42,"column":4},"end":{"line":42,"column":42}},"28":{"start":{"line":45,"column":23},"end":{"line":49,"column":3}},"29":{"start":{"line":46,"column":4},"end":{"line":46,"column":32}},"30":{"start":{"line":47,"column":15},"end":{"line":47,"column":32}},"31":{"start":{"line":48,"column":4},"end":{"line":48,"column":49}},"32":{"start":{"line":53,"column":15},"end":{"line":59,"column":5}},"33":{"start":{"line":53,"column":45},"end":{"line":59,"column":3}},"34":{"start":{"line":60,"column":16},"end":{"line":73,"column":3}},"35":{"start":{"line":76,"column":2},"end":{"line":113,"column":4}},"36":{"start":{"line":81,"column":10},"end":{"line":81,"column":22}},"37":{"start":{"line":106,"column":12},"end":{"line":106,"column":145}},"38":{"start":{"line":106,"column":111},"end":{"line":106,"column":135}}},"fnMap":{"0":{"name":"(anonymous_0)","decl":{"start":{"line":10,"column":23},"end":{"line":10,"column":24}},"loc":{"start":{"line":10,"column":32},"end":{"line":114,"column":1}},"line":10},"1":{"name":"(anonymous_1)","decl":{"start":{"line":14,"column":21},"end":{"line":14,"column":22}},"loc":{"start":{"line":14,"column":27},"end":{"line":14,"column":40}},"line":14},"2":{"name":"(anonymous_2)","decl":{"start":{"line":15,"column":22},"end":{"line":15,"column":23}},"loc":{"start":{"line":15,"column":28},"end":{"line":15,"column":42}},"line":15},"3":{"name":"(anonymous_3)","decl":{"start":{"line":19,"column":28},"end":{"line":19,"column":29}},"loc":{"start":{"line":19,"column":35},"end":{"line":34,"column":3}},"line":19},"4":{"name":"(anonymous_4)","decl":{"start":{"line":36,"column":28},"end":{"line":36,"column":29}},"loc":{"start":{"line":36,"column":39},"end":{"line":43,"column":3}},"line":36},"5":{"name":"(anonymous_5)","decl":{"start":{"line":45,"column":23},"end":{"line":45,"column":24}},"loc":{"start":{"line":45,"column":30},"end":{"line":49,"column":3}},"line":45},"6":{"name":"(anonymous_6)","decl":{"start":{"line":53,"column":29},"end":{"line":53,"column":30}},"loc":{"start":{"line":53,"column":45},"end":{"line":59,"column":3}},"line":53},"7":{"name":"(anonymous_7)","decl":{"start":{"line":80,"column":83},"end":{"line":80,"column":84}},"loc":{"start":{"line":80,"column":89},"end":{"line":82,"column":9}},"line":80},"8":{"name":"(anonymous_8)","decl":{"start":{"line":105,"column":21},"end":{"line":105,"column":22}},"loc":{"start":{"line":106,"column":12},"end":{"line":106,"column":145}},"line":106},"9":{"name":"(anonymous_9)","decl":{"start":{"line":106,"column":98},"end":{"line":106,"column":99}},"loc":{"start":{"line":106,"column":109},"end":{"line":106,"column":137}},"line":106}},"branchMap":{"0":{"loc":{"start":{"line":23,"column":4},"end":{"line":28,"column":5}},"type":"if","locations":[{"start":{"line":23,"column":4},"end":{"line":28,"column":5}},{"start":{"line":26,"column":11},"end":{"line":28,"column":5}}],"line":23},"1":{"loc":{"start":{"line":80,"column":9},"end":{"line":84,"column":17}},"type":"binary-expr","locations":[{"start":{"line":80,"column":9},"end":{"line":80,"column":26}},{"start":{"line":80,"column":30},"end":{"line":84,"column":17}}],"line":80},"2":{"loc":{"start":{"line":104,"column":9},"end":{"line":107,"column":12}},"type":"binary-expr","locations":[{"start":{"line":104,"column":9},"end":{"line":104,"column":26}},{"start":{"line":105,"column":10},"end":{"line":107,"column":12}}],"line":104}},"s":{"0":1,"1":0,"2":0,"3":0,"4":0,"5":0,"6":0,"7":0,"8":0,"9":0,"10":0,"11":0,"12":0,"13":0,"14":0,"15":0,"16":0,"17":0,"18":0,"19":0,"20":0,"21":0,"22":0,"23":0,"24":0,"25":0,"26":0,"27":0,"28":0,"29":0,"30":0,"31":0,"32":0,"33":0,"34":0,"35":0,"36":0,"37":0,"38":0},"f":{"0":0,"1":0,"2":0,"3":0,"4":0,"5":0,"6":0,"7":0,"8":0,"9":0},"b":{"0":[0,0],"1":[0,0],"2":[0,0]},"_coverageSchema":"1a1c01bbd47fc00a2c39e90264f33305004495a9","hash":"b5c1466b1ce275209cae4003bbd9d342c881a1de"}
,"/Users/gretagrover/HackReactor/LLFEC/src/Components/Reviews/FormComponents/formPhotoModal.jsx": {"path":"/Users/gretagrover/HackReactor/LLFEC/src/Components/Reviews/FormComponents/formPhotoModal.jsx","statementMap":{"0":{"start":{"line":15,"column":23},"end":{"line":87,"column":1}},"1":{"start":{"line":17,"column":15},"end":{"line":23,"column":5}},"2":{"start":{"line":17,"column":45},"end":{"line":23,"column":3}},"3":{"start":{"line":24,"column":16},"end":{"line":38,"column":3}},"4":{"start":{"line":41,"column":2},"end":{"line":86,"column":4}},"5":{"start":{"line":48,"column":10},"end":{"line":48,"column":28}},"6":{"start":{"line":50,"column":10},"end":{"line":50,"column":23}},"7":{"start":{"line":63,"column":105},"end":{"line":63,"column":126}},"8":{"start":{"line":69,"column":18},"end":{"line":69,"column":151}},"9":{"start":{"line":69,"column":117},"end":{"line":69,"column":141}}},"fnMap":{"0":{"name":"(anonymous_0)","decl":{"start":{"line":15,"column":23},"end":{"line":15,"column":24}},"loc":{"start":{"line":15,"column":104},"end":{"line":87,"column":1}},"line":15},"1":{"name":"(anonymous_1)","decl":{"start":{"line":17,"column":29},"end":{"line":17,"column":30}},"loc":{"start":{"line":17,"column":45},"end":{"line":23,"column":3}},"line":17},"2":{"name":"(anonymous_2)","decl":{"start":{"line":47,"column":24},"end":{"line":47,"column":25}},"loc":{"start":{"line":47,"column":31},"end":{"line":51,"column":9}},"line":47},"3":{"name":"(anonymous_3)","decl":{"start":{"line":63,"column":99},"end":{"line":63,"column":100}},"loc":{"start":{"line":63,"column":105},"end":{"line":63,"column":126}},"line":63},"4":{"name":"(anonymous_4)","decl":{"start":{"line":68,"column":27},"end":{"line":68,"column":28}},"loc":{"start":{"line":69,"column":18},"end":{"line":69,"column":151}},"line":69},"5":{"name":"(anonymous_5)","decl":{"start":{"line":69,"column":104},"end":{"line":69,"column":105}},"loc":{"start":{"line":69,"column":115},"end":{"line":69,"column":143}},"line":69}},"branchMap":{"0":{"loc":{"start":{"line":67,"column":15},"end":{"line":70,"column":18}},"type":"binary-expr","locations":[{"start":{"line":67,"column":15},"end":{"line":67,"column":32}},{"start":{"line":68,"column":16},"end":{"line":70,"column":18}}],"line":67}},"s":{"0":1,"1":0,"2":0,"3":0,"4":0,"5":0,"6":0,"7":0,"8":0,"9":0},"f":{"0":0,"1":0,"2":0,"3":0,"4":0,"5":0},"b":{"0":[0,0]},"_coverageSchema":"1a1c01bbd47fc00a2c39e90264f33305004495a9","hash":"d8146806e3d1d9b2c3873c7707c3d1187d1b5e25"}
,"/Users/gretagrover/HackReactor/LLFEC/src/Components/Reviews/FormComponents/formRatingInput.jsx": {"path":"/Users/gretagrover/HackReactor/LLFEC/src/Components/Reviews/FormComponents/formRatingInput.jsx","statementMap":{"0":{"start":{"line":7,"column":24},"end":{"line":37,"column":1}},"1":{"start":{"line":8,"column":38},"end":{"line":8,"column":53}},"2":{"start":{"line":9,"column":28},"end":{"line":9,"column":39}},"3":{"start":{"line":12,"column":18},"end":{"line":18,"column":1}},"4":{"start":{"line":19,"column":2},"end":{"line":36,"column":6}},"5":{"start":{"line":29,"column":12},"end":{"line":29,"column":32}},"6":{"start":{"line":30,"column":12},"end":{"line":30,"column":31}}},"fnMap":{"0":{"name":"(anonymous_0)","decl":{"start":{"line":7,"column":24},"end":{"line":7,"column":25}},"loc":{"start":{"line":7,"column":30},"end":{"line":37,"column":1}},"line":7},"1":{"name":"(anonymous_1)","decl":{"start":{"line":28,"column":20},"end":{"line":28,"column":21}},"loc":{"start":{"line":28,"column":40},"end":{"line":31,"column":11}},"line":28}},"branchMap":{"0":{"loc":{"start":{"line":33,"column":9},"end":{"line":33,"column":80}},"type":"binary-expr","locations":[{"start":{"line":33,"column":9},"end":{"line":33,"column":20}},{"start":{"line":33,"column":24},"end":{"line":33,"column":80}}],"line":33}},"s":{"0":1,"1":0,"2":0,"3":0,"4":0,"5":0,"6":0},"f":{"0":0,"1":0},"b":{"0":[0,0]},"_coverageSchema":"1a1c01bbd47fc00a2c39e90264f33305004495a9","hash":"c9cb3d6fe07b27449e4a287047dfa38e793ee98d"}
,"/Users/gretagrover/HackReactor/LLFEC/src/Components/Reviews/FormComponents/formValidate.jsx": {"path":"/Users/gretagrover/HackReactor/LLFEC/src/Components/Reviews/FormComponents/formValidate.jsx","statementMap":{"0":{"start":{"line":6,"column":21},"end":{"line":18,"column":1}},"1":{"start":{"line":9,"column":2},"end":{"line":16,"column":4}}},"fnMap":{"0":{"name":"(anonymous_0)","decl":{"start":{"line":6,"column":21},"end":{"line":6,"column":22}},"loc":{"start":{"line":6,"column":39},"end":{"line":18,"column":1}},"line":6}},"branchMap":{"0":{"loc":{"start":{"line":11,"column":7},"end":{"line":14,"column":14}},"type":"binary-expr","locations":[{"start":{"line":11,"column":7},"end":{"line":11,"column":15}},{"start":{"line":11,"column":19},"end":{"line":14,"column":14}}],"line":11}},"s":{"0":1,"1":0},"f":{"0":0},"b":{"0":[0,0]},"_coverageSchema":"1a1c01bbd47fc00a2c39e90264f33305004495a9","hash":"c1989700454f8ecd1206563f3d274999503f1764"}
}
