{"/Users/jremedyy/hackreactor/Senior Phase/LLFEC/config.js": {"path":"/Users/jremedyy/hackreactor/Senior Phase/LLFEC/config.js","statementMap":{"0":{"start":{"line":1,"column":16},"end":{"line":1,"column":58}},"1":{"start":{"line":3,"column":0},"end":{"line":3,"column":31}}},"fnMap":{},"branchMap":{},"s":{"0":2,"1":2},"f":{},"b":{},"_coverageSchema":"1a1c01bbd47fc00a2c39e90264f33305004495a9","hash":"c9194702fe2c426b40a4c3d1924c70ec24ab13b7"}
,"/Users/jremedyy/hackreactor/Senior Phase/LLFEC/src/Components/App.jsx": {"path":"/Users/jremedyy/hackreactor/Senior Phase/LLFEC/src/Components/App.jsx","statementMap":{"0":{"start":{"line":10,"column":12},"end":{"line":52,"column":1}},"1":{"start":{"line":12,"column":34},"end":{"line":12,"column":48}},"2":{"start":{"line":13,"column":46},"end":{"line":13,"column":60}},"3":{"start":{"line":15,"column":2},"end":{"line":37,"column":9}},"4":{"start":{"line":16,"column":18},"end":{"line":26,"column":5}},"5":{"start":{"line":27,"column":4},"end":{"line":36,"column":9}},"6":{"start":{"line":29,"column":23},"end":{"line":29,"column":35}},"7":{"start":{"line":30,"column":8},"end":{"line":30,"column":30}},"8":{"start":{"line":31,"column":20},"end":{"line":31,"column":63}},"9":{"start":{"line":32,"column":8},"end":{"line":32,"column":43}},"10":{"start":{"line":35,"column":8},"end":{"line":35,"column":25}},"11":{"start":{"line":38,"column":2},"end":{"line":51,"column":4}}},"fnMap":{"0":{"name":"(anonymous_0)","decl":{"start":{"line":10,"column":12},"end":{"line":10,"column":13}},"loc":{"start":{"line":10,"column":18},"end":{"line":52,"column":1}},"line":10},"1":{"name":"(anonymous_1)","decl":{"start":{"line":15,"column":12},"end":{"line":15,"column":13}},"loc":{"start":{"line":15,"column":18},"end":{"line":37,"column":3}},"line":15},"2":{"name":"(anonymous_2)","decl":{"start":{"line":28,"column":12},"end":{"line":28,"column":13}},"loc":{"start":{"line":28,"column":25},"end":{"line":33,"column":7}},"line":28},"3":{"name":"(anonymous_3)","decl":{"start":{"line":34,"column":13},"end":{"line":34,"column":14}},"loc":{"start":{"line":34,"column":22},"end":{"line":36,"column":7}},"line":34}},"branchMap":{"0":{"loc":{"start":{"line":40,"column":7},"end":{"line":49,"column":7}},"type":"binary-expr","locations":[{"start":{"line":40,"column":7},"end":{"line":40,"column":21}},{"start":{"line":41,"column":8},"end":{"line":48,"column":11}}],"line":40}},"s":{"0":2,"1":1,"2":1,"3":1,"4":1,"5":1,"6":0,"7":0,"8":0,"9":0,"10":0,"11":1},"f":{"0":1,"1":1,"2":0,"3":0},"b":{"0":[1,0]},"_coverageSchema":"1a1c01bbd47fc00a2c39e90264f33305004495a9","hash":"6b7302747dbc5deba19ffa1e4b6b08aab1439ac7"}
,"/Users/jremedyy/hackreactor/Senior Phase/LLFEC/src/Components/Navbar.jsx": {"path":"/Users/jremedyy/hackreactor/Senior Phase/LLFEC/src/Components/Navbar.jsx","statementMap":{"0":{"start":{"line":5,"column":15},"end":{"line":94,"column":1}},"1":{"start":{"line":6,"column":2},"end":{"line":93,"column":4}}},"fnMap":{"0":{"name":"(anonymous_0)","decl":{"start":{"line":5,"column":15},"end":{"line":5,"column":16}},"loc":{"start":{"line":5,"column":21},"end":{"line":94,"column":1}},"line":5}},"branchMap":{},"s":{"0":2,"1":0},"f":{"0":0},"b":{},"_coverageSchema":"1a1c01bbd47fc00a2c39e90264f33305004495a9","hash":"f9798e482d4a1521ede3804266c2c0e19d8d02f0"}
,"/Users/jremedyy/hackreactor/Senior Phase/LLFEC/src/Components/NavbarSearch.jsx": {"path":"/Users/jremedyy/hackreactor/Senior Phase/LLFEC/src/Components/NavbarSearch.jsx","statementMap":{"0":{"start":{"line":7,"column":15},"end":{"line":21,"column":3}},"1":{"start":{"line":7,"column":45},"end":{"line":21,"column":1}},"2":{"start":{"line":23,"column":26},"end":{"line":31,"column":3}},"3":{"start":{"line":23,"column":56},"end":{"line":31,"column":1}},"4":{"start":{"line":33,"column":24},"end":{"line":45,"column":3}},"5":{"start":{"line":33,"column":58},"end":{"line":45,"column":1}},"6":{"start":{"line":47,"column":18},"end":{"line":69,"column":1}},"7":{"start":{"line":48,"column":2},"end":{"line":68,"column":4}}},"fnMap":{"0":{"name":"(anonymous_0)","decl":{"start":{"line":7,"column":29},"end":{"line":7,"column":30}},"loc":{"start":{"line":7,"column":45},"end":{"line":21,"column":1}},"line":7},"1":{"name":"(anonymous_1)","decl":{"start":{"line":23,"column":40},"end":{"line":23,"column":41}},"loc":{"start":{"line":23,"column":56},"end":{"line":31,"column":1}},"line":23},"2":{"name":"(anonymous_2)","decl":{"start":{"line":33,"column":42},"end":{"line":33,"column":43}},"loc":{"start":{"line":33,"column":58},"end":{"line":45,"column":1}},"line":33},"3":{"name":"(anonymous_3)","decl":{"start":{"line":47,"column":18},"end":{"line":47,"column":19}},"loc":{"start":{"line":47,"column":24},"end":{"line":69,"column":1}},"line":47}},"branchMap":{},"s":{"0":2,"1":0,"2":2,"3":0,"4":2,"5":0,"6":2,"7":0},"f":{"0":0,"1":0,"2":0,"3":0},"b":{},"_coverageSchema":"1a1c01bbd47fc00a2c39e90264f33305004495a9","hash":"548d7f8fb66171a3efe675caacfbe8f44cabbfb9"}
,"/Users/jremedyy/hackreactor/Senior Phase/LLFEC/src/Components/CommonComponents/axiosRequest.jsx": {"path":"/Users/jremedyy/hackreactor/Senior Phase/LLFEC/src/Components/CommonComponents/axiosRequest.jsx","statementMap":{"0":{"start":{"line":4,"column":20},"end":{"line":21,"column":1}},"1":{"start":{"line":5,"column":26},"end":{"line":5,"column":40}},"2":{"start":{"line":6,"column":28},"end":{"line":6,"column":40}},"3":{"start":{"line":7,"column":30},"end":{"line":7,"column":45}},"4":{"start":{"line":8,"column":2},"end":{"line":19,"column":9}},"5":{"start":{"line":9,"column":4},"end":{"line":18,"column":9}},"6":{"start":{"line":10,"column":6},"end":{"line":17,"column":7}},"7":{"start":{"line":11,"column":25},"end":{"line":11,"column":54}},"8":{"start":{"line":12,"column":8},"end":{"line":12,"column":31}},"9":{"start":{"line":14,"column":8},"end":{"line":14,"column":32}},"10":{"start":{"line":16,"column":8},"end":{"line":16,"column":24}},"11":{"start":{"line":20,"column":2},"end":{"line":20,"column":33}}},"fnMap":{"0":{"name":"(anonymous_0)","decl":{"start":{"line":4,"column":20},"end":{"line":4,"column":21}},"loc":{"start":{"line":4,"column":38},"end":{"line":21,"column":1}},"line":4},"1":{"name":"(anonymous_1)","decl":{"start":{"line":8,"column":12},"end":{"line":8,"column":13}},"loc":{"start":{"line":8,"column":18},"end":{"line":19,"column":3}},"line":8},"2":{"name":"(anonymous_2)","decl":{"start":{"line":9,"column":5},"end":{"line":9,"column":6}},"loc":{"start":{"line":9,"column":17},"end":{"line":18,"column":5}},"line":9}},"branchMap":{},"s":{"0":2,"1":0,"2":0,"3":0,"4":0,"5":0,"6":0,"7":0,"8":0,"9":0,"10":0,"11":0},"f":{"0":0,"1":0,"2":0},"b":{},"_coverageSchema":"1a1c01bbd47fc00a2c39e90264f33305004495a9","hash":"686f36cd825777cc850bd57c78d0ab4c263caccb"}
,"/Users/jremedyy/hackreactor/Senior Phase/LLFEC/src/Components/Product_Overview/AddToCart.jsx": {"path":"/Users/jremedyy/hackreactor/Senior Phase/LLFEC/src/Components/Product_Overview/AddToCart.jsx","statementMap":{"0":{"start":{"line":8,"column":18},"end":{"line":56,"column":1}},"1":{"start":{"line":9,"column":33},"end":{"line":9,"column":66}},"2":{"start":{"line":10,"column":31},"end":{"line":10,"column":44}},"3":{"start":{"line":11,"column":36},"end":{"line":11,"column":51}},"4":{"start":{"line":13,"column":2},"end":{"line":55,"column":4}}},"fnMap":{"0":{"name":"(anonymous_0)","decl":{"start":{"line":8,"column":18},"end":{"line":8,"column":19}},"loc":{"start":{"line":8,"column":29},"end":{"line":56,"column":1}},"line":8}},"branchMap":{},"s":{"0":2,"1":2,"2":1,"3":1,"4":1},"f":{"0":2},"b":{},"_coverageSchema":"1a1c01bbd47fc00a2c39e90264f33305004495a9","hash":"602b060e8869bd49f484c5534cdd5012e2f3d37c"}
,"/Users/jremedyy/hackreactor/Senior Phase/LLFEC/src/Components/Product_Overview/ImgGallery.jsx": {"path":"/Users/jremedyy/hackreactor/Senior Phase/LLFEC/src/Components/Product_Overview/ImgGallery.jsx","statementMap":{"0":{"start":{"line":9,"column":19},"end":{"line":139,"column":1}},"1":{"start":{"line":10,"column":20},"end":{"line":13,"column":3}},"2":{"start":{"line":11,"column":14},"end":{"line":11,"column":49}},"3":{"start":{"line":12,"column":4},"end":{"line":12,"column":25}},"4":{"start":{"line":14,"column":32},"end":{"line":16,"column":3}},"5":{"start":{"line":17,"column":48},"end":{"line":17,"column":59}},"6":{"start":{"line":19,"column":29},"end":{"line":19,"column":57}},"7":{"start":{"line":21,"column":2},"end":{"line":23,"column":3}},"8":{"start":{"line":22,"column":4},"end":{"line":22,"column":68}},"9":{"start":{"line":24,"column":40},"end":{"line":24,"column":70}},"10":{"start":{"line":26,"column":2},"end":{"line":28,"column":30}},"11":{"start":{"line":27,"column":4},"end":{"line":27,"column":62}},"12":{"start":{"line":31,"column":22},"end":{"line":65,"column":3}},"13":{"start":{"line":32,"column":23},"end":{"line":32,"column":38}},"14":{"start":{"line":33,"column":4},"end":{"line":64,"column":5}},"15":{"start":{"line":34,"column":19},"end":{"line":34,"column":31}},"16":{"start":{"line":35,"column":6},"end":{"line":35,"column":28}},"17":{"start":{"line":36,"column":6},"end":{"line":36,"column":25}},"18":{"start":{"line":37,"column":11},"end":{"line":64,"column":5}},"19":{"start":{"line":38,"column":6},"end":{"line":46,"column":7}},"20":{"start":{"line":39,"column":8},"end":{"line":39,"column":23}},"21":{"start":{"line":40,"column":8},"end":{"line":40,"column":41}},"22":{"start":{"line":41,"column":8},"end":{"line":41,"column":44}},"23":{"start":{"line":43,"column":27},"end":{"line":43,"column":66}},"24":{"start":{"line":44,"column":8},"end":{"line":44,"column":41}},"25":{"start":{"line":45,"column":8},"end":{"line":45,"column":44}},"26":{"start":{"line":47,"column":11},"end":{"line":64,"column":5}},"27":{"start":{"line":48,"column":6},"end":{"line":55,"column":7}},"28":{"start":{"line":49,"column":8},"end":{"line":49,"column":30}},"29":{"start":{"line":50,"column":8},"end":{"line":50,"column":33}},"30":{"start":{"line":52,"column":8},"end":{"line":52,"column":23}},"31":{"start":{"line":53,"column":8},"end":{"line":53,"column":41}},"32":{"start":{"line":54,"column":8},"end":{"line":54,"column":44}},"33":{"start":{"line":56,"column":11},"end":{"line":64,"column":5}},"34":{"start":{"line":57,"column":6},"end":{"line":57,"column":24}},"35":{"start":{"line":58,"column":11},"end":{"line":64,"column":5}},"36":{"start":{"line":59,"column":6},"end":{"line":59,"column":26}},"37":{"start":{"line":67,"column":2},"end":{"line":138,"column":4}},"38":{"start":{"line":99,"column":46},"end":{"line":99,"column":63}},"39":{"start":{"line":102,"column":10},"end":{"line":118,"column":12}},"40":{"start":{"line":116,"column":29},"end":{"line":116,"column":47}},"41":{"start":{"line":121,"column":48},"end":{"line":121,"column":67}},"42":{"start":{"line":129,"column":36},"end":{"line":129,"column":55}},"43":{"start":{"line":132,"column":36},"end":{"line":132,"column":56}}},"fnMap":{"0":{"name":"(anonymous_0)","decl":{"start":{"line":9,"column":19},"end":{"line":9,"column":20}},"loc":{"start":{"line":9,"column":30},"end":{"line":139,"column":1}},"line":9},"1":{"name":"(anonymous_1)","decl":{"start":{"line":10,"column":20},"end":{"line":10,"column":21}},"loc":{"start":{"line":10,"column":27},"end":{"line":13,"column":3}},"line":10},"2":{"name":"(anonymous_2)","decl":{"start":{"line":26,"column":12},"end":{"line":26,"column":13}},"loc":{"start":{"line":26,"column":18},"end":{"line":28,"column":3}},"line":26},"3":{"name":"(anonymous_3)","decl":{"start":{"line":31,"column":22},"end":{"line":31,"column":23}},"loc":{"start":{"line":31,"column":29},"end":{"line":65,"column":3}},"line":31},"4":{"name":"(anonymous_4)","decl":{"start":{"line":70,"column":15},"end":{"line":70,"column":16}},"loc":{"start":{"line":70,"column":21},"end":{"line":73,"column":7}},"line":70},"5":{"name":"(anonymous_5)","decl":{"start":{"line":99,"column":40},"end":{"line":99,"column":41}},"loc":{"start":{"line":99,"column":46},"end":{"line":99,"column":63}},"line":99},"6":{"name":"(anonymous_6)","decl":{"start":{"line":101,"column":34},"end":{"line":101,"column":35}},"loc":{"start":{"line":101,"column":52},"end":{"line":119,"column":9}},"line":101},"7":{"name":"(anonymous_7)","decl":{"start":{"line":116,"column":23},"end":{"line":116,"column":24}},"loc":{"start":{"line":116,"column":29},"end":{"line":116,"column":47}},"line":116},"8":{"name":"(anonymous_8)","decl":{"start":{"line":121,"column":42},"end":{"line":121,"column":43}},"loc":{"start":{"line":121,"column":48},"end":{"line":121,"column":67}},"line":121},"9":{"name":"(anonymous_9)","decl":{"start":{"line":129,"column":29},"end":{"line":129,"column":30}},"loc":{"start":{"line":129,"column":36},"end":{"line":129,"column":55}},"line":129},"10":{"name":"(anonymous_10)","decl":{"start":{"line":132,"column":29},"end":{"line":132,"column":30}},"loc":{"start":{"line":132,"column":36},"end":{"line":132,"column":56}},"line":132}},"branchMap":{"0":{"loc":{"start":{"line":21,"column":2},"end":{"line":23,"column":3}},"type":"if","locations":[{"start":{"line":21,"column":2},"end":{"line":23,"column":3}},{"start":{},"end":{}}],"line":21},"1":{"loc":{"start":{"line":33,"column":4},"end":{"line":64,"column":5}},"type":"if","locations":[{"start":{"line":33,"column":4},"end":{"line":64,"column":5}},{"start":{"line":37,"column":11},"end":{"line":64,"column":5}}],"line":33},"2":{"loc":{"start":{"line":33,"column":8},"end":{"line":33,"column":30}},"type":"binary-expr","locations":[{"start":{"line":33,"column":8},"end":{"line":33,"column":17}},{"start":{"line":33,"column":21},"end":{"line":33,"column":30}}],"line":33},"3":{"loc":{"start":{"line":37,"column":11},"end":{"line":64,"column":5}},"type":"if","locations":[{"start":{"line":37,"column":11},"end":{"line":64,"column":5}},{"start":{"line":47,"column":11},"end":{"line":64,"column":5}}],"line":37},"4":{"loc":{"start":{"line":38,"column":6},"end":{"line":46,"column":7}},"type":"if","locations":[{"start":{"line":38,"column":6},"end":{"line":46,"column":7}},{"start":{"line":42,"column":13},"end":{"line":46,"column":7}}],"line":38},"5":{"loc":{"start":{"line":47,"column":11},"end":{"line":64,"column":5}},"type":"if","locations":[{"start":{"line":47,"column":11},"end":{"line":64,"column":5}},{"start":{"line":56,"column":11},"end":{"line":64,"column":5}}],"line":47},"6":{"loc":{"start":{"line":48,"column":6},"end":{"line":55,"column":7}},"type":"if","locations":[{"start":{"line":48,"column":6},"end":{"line":55,"column":7}},{"start":{"line":51,"column":13},"end":{"line":55,"column":7}}],"line":48},"7":{"loc":{"start":{"line":56,"column":11},"end":{"line":64,"column":5}},"type":"if","locations":[{"start":{"line":56,"column":11},"end":{"line":64,"column":5}},{"start":{"line":58,"column":11},"end":{"line":64,"column":5}}],"line":56},"8":{"loc":{"start":{"line":58,"column":11},"end":{"line":64,"column":5}},"type":"if","locations":[{"start":{"line":58,"column":11},"end":{"line":64,"column":5}},{"start":{},"end":{}}],"line":58}},"s":{"0":2,"1":0,"2":0,"3":0,"4":0,"5":0,"6":0,"7":0,"8":0,"9":0,"10":0,"11":0,"12":0,"13":0,"14":0,"15":0,"16":0,"17":0,"18":0,"19":0,"20":0,"21":0,"22":0,"23":0,"24":0,"25":0,"26":0,"27":0,"28":0,"29":0,"30":0,"31":0,"32":0,"33":0,"34":0,"35":0,"36":0,"37":0,"38":0,"39":0,"40":0,"41":0,"42":0,"43":0},"f":{"0":0,"1":0,"2":0,"3":0,"4":0,"5":0,"6":0,"7":0,"8":0,"9":0,"10":0},"b":{"0":[0,0],"1":[0,0],"2":[0,0],"3":[0,0],"4":[0,0],"5":[0,0],"6":[0,0],"7":[0,0],"8":[0,0]},"_coverageSchema":"1a1c01bbd47fc00a2c39e90264f33305004495a9","hash":"b8abc8bbc804029ba753043c508bfe3457b71892"}
,"/Users/jremedyy/hackreactor/Senior Phase/LLFEC/src/Components/Product_Overview/Overview.jsx": {"path":"/Users/jremedyy/hackreactor/Senior Phase/LLFEC/src/Components/Product_Overview/Overview.jsx","statementMap":{"0":{"start":{"line":10,"column":18},"end":{"line":10,"column":48}},"1":{"start":{"line":12,"column":17},"end":{"line":81,"column":1}},"2":{"start":{"line":14,"column":25},"end":{"line":14,"column":30}},"3":{"start":{"line":15,"column":36},"end":{"line":15,"column":55}},"4":{"start":{"line":16,"column":42},"end":{"line":16,"column":72}},"5":{"start":{"line":18,"column":2},"end":{"line":43,"column":9}},"6":{"start":{"line":19,"column":18},"end":{"line":26,"column":5}},"7":{"start":{"line":28,"column":4},"end":{"line":42,"column":9}},"8":{"start":{"line":30,"column":8},"end":{"line":38,"column":9}},"9":{"start":{"line":31,"column":10},"end":{"line":31,"column":38}},"10":{"start":{"line":32,"column":10},"end":{"line":32,"column":52}},"11":{"start":{"line":34,"column":10},"end":{"line":34,"column":38}},"12":{"start":{"line":37,"column":10},"end":{"line":37,"column":52}},"13":{"start":{"line":41,"column":8},"end":{"line":41,"column":25}},"14":{"start":{"line":45,"column":2},"end":{"line":80,"column":4}}},"fnMap":{"0":{"name":"(anonymous_0)","decl":{"start":{"line":12,"column":17},"end":{"line":12,"column":18}},"loc":{"start":{"line":12,"column":28},"end":{"line":81,"column":1}},"line":12},"1":{"name":"(anonymous_1)","decl":{"start":{"line":18,"column":12},"end":{"line":18,"column":13}},"loc":{"start":{"line":18,"column":18},"end":{"line":43,"column":3}},"line":18},"2":{"name":"(anonymous_2)","decl":{"start":{"line":29,"column":12},"end":{"line":29,"column":13}},"loc":{"start":{"line":29,"column":26},"end":{"line":39,"column":7}},"line":29},"3":{"name":"(anonymous_3)","decl":{"start":{"line":40,"column":13},"end":{"line":40,"column":14}},"loc":{"start":{"line":40,"column":22},"end":{"line":42,"column":7}},"line":40}},"branchMap":{"0":{"loc":{"start":{"line":30,"column":8},"end":{"line":38,"column":9}},"type":"if","locations":[{"start":{"line":30,"column":8},"end":{"line":38,"column":9}},{"start":{"line":33,"column":15},"end":{"line":38,"column":9}}],"line":30}},"s":{"0":2,"1":2,"2":0,"3":0,"4":0,"5":0,"6":0,"7":0,"8":0,"9":0,"10":0,"11":0,"12":0,"13":0,"14":0},"f":{"0":0,"1":0,"2":0,"3":0},"b":{"0":[0,0]},"_coverageSchema":"1a1c01bbd47fc00a2c39e90264f33305004495a9","hash":"fe59ce6aed2d0bcdce98c0880fe8f1f4bcdab7e4"}
,"/Users/jremedyy/hackreactor/Senior Phase/LLFEC/src/Components/Product_Overview/PhotoModal.jsx": {"path":"/Users/jremedyy/hackreactor/Senior Phase/LLFEC/src/Components/Product_Overview/PhotoModal.jsx","statementMap":{"0":{"start":{"line":8,"column":14},"end":{"line":23,"column":1}},"1":{"start":{"line":25,"column":19},"end":{"line":46,"column":1}},"2":{"start":{"line":26,"column":26},"end":{"line":26,"column":41}},"3":{"start":{"line":27,"column":21},"end":{"line":27,"column":40}},"4":{"start":{"line":27,"column":27},"end":{"line":27,"column":40}},"5":{"start":{"line":28,"column":22},"end":{"line":28,"column":42}},"6":{"start":{"line":28,"column":28},"end":{"line":28,"column":42}},"7":{"start":{"line":29,"column":2},"end":{"line":29,"column":36}},"8":{"start":{"line":31,"column":2},"end":{"line":45,"column":4}},"9":{"start":{"line":42,"column":28},"end":{"line":42,"column":41}}},"fnMap":{"0":{"name":"(anonymous_0)","decl":{"start":{"line":25,"column":19},"end":{"line":25,"column":20}},"loc":{"start":{"line":25,"column":30},"end":{"line":46,"column":1}},"line":25},"1":{"name":"(anonymous_1)","decl":{"start":{"line":27,"column":21},"end":{"line":27,"column":22}},"loc":{"start":{"line":27,"column":27},"end":{"line":27,"column":40}},"line":27},"2":{"name":"(anonymous_2)","decl":{"start":{"line":28,"column":22},"end":{"line":28,"column":23}},"loc":{"start":{"line":28,"column":28},"end":{"line":28,"column":42}},"line":28},"3":{"name":"(anonymous_3)","decl":{"start":{"line":42,"column":22},"end":{"line":42,"column":23}},"loc":{"start":{"line":42,"column":28},"end":{"line":42,"column":41}},"line":42}},"branchMap":{},"s":{"0":2,"1":2,"2":0,"3":0,"4":0,"5":0,"6":0,"7":0,"8":0,"9":0},"f":{"0":0,"1":0,"2":0,"3":0},"b":{},"_coverageSchema":"1a1c01bbd47fc00a2c39e90264f33305004495a9","hash":"8c3ead938881279b4913dfd044f6fed9cb02a8ef"}
,"/Users/jremedyy/hackreactor/Senior Phase/LLFEC/src/Components/Product_Overview/ProductDescription.jsx": {"path":"/Users/jremedyy/hackreactor/Senior Phase/LLFEC/src/Components/Product_Overview/ProductDescription.jsx","statementMap":{"0":{"start":{"line":8,"column":27},"end":{"line":54,"column":1}},"1":{"start":{"line":10,"column":4},"end":{"line":15,"column":10}},"2":{"start":{"line":18,"column":4},"end":{"line":31,"column":10}},"3":{"start":{"line":33,"column":2},"end":{"line":53,"column":4}}},"fnMap":{"0":{"name":"(anonymous_0)","decl":{"start":{"line":8,"column":27},"end":{"line":8,"column":28}},"loc":{"start":{"line":8,"column":38},"end":{"line":54,"column":1}},"line":8}},"branchMap":{},"s":{"0":2,"1":0,"2":0,"3":0},"f":{"0":0},"b":{},"_coverageSchema":"1a1c01bbd47fc00a2c39e90264f33305004495a9","hash":"2244e499dcb25e1d6cea82cab193b00223f92a02"}
,"/Users/jremedyy/hackreactor/Senior Phase/LLFEC/src/Components/Product_Overview/ProductInfo.jsx": {"path":"/Users/jremedyy/hackreactor/Senior Phase/LLFEC/src/Components/Product_Overview/ProductInfo.jsx","statementMap":{"0":{"start":{"line":10,"column":13},"end":{"line":10,"column":24}},"1":{"start":{"line":12,"column":20},"end":{"line":103,"column":1}},"2":{"start":{"line":13,"column":44},"end":{"line":13,"column":55}},"3":{"start":{"line":15,"column":2},"end":{"line":30,"column":22}},"4":{"start":{"line":16,"column":18},"end":{"line":26,"column":5}},"5":{"start":{"line":27,"column":4},"end":{"line":29,"column":7}},"6":{"start":{"line":28,"column":6},"end":{"line":28,"column":52}},"7":{"start":{"line":32,"column":19},"end":{"line":38,"column":3}},"8":{"start":{"line":33,"column":4},"end":{"line":37,"column":5}},"9":{"start":{"line":34,"column":6},"end":{"line":34,"column":49}},"10":{"start":{"line":36,"column":6},"end":{"line":36,"column":13}},"11":{"start":{"line":39,"column":18},"end":{"line":54,"column":3}},"12":{"start":{"line":40,"column":4},"end":{"line":53,"column":5}},"13":{"start":{"line":41,"column":6},"end":{"line":50,"column":8}},"14":{"start":{"line":52,"column":6},"end":{"line":52,"column":71}},"15":{"start":{"line":58,"column":2},"end":{"line":102,"column":4}}},"fnMap":{"0":{"name":"(anonymous_0)","decl":{"start":{"line":12,"column":20},"end":{"line":12,"column":21}},"loc":{"start":{"line":12,"column":31},"end":{"line":103,"column":1}},"line":12},"1":{"name":"(anonymous_1)","decl":{"start":{"line":15,"column":12},"end":{"line":15,"column":13}},"loc":{"start":{"line":15,"column":18},"end":{"line":30,"column":3}},"line":15},"2":{"name":"(anonymous_2)","decl":{"start":{"line":27,"column":24},"end":{"line":27,"column":25}},"loc":{"start":{"line":27,"column":37},"end":{"line":29,"column":5}},"line":27},"3":{"name":"(anonymous_3)","decl":{"start":{"line":32,"column":19},"end":{"line":32,"column":20}},"loc":{"start":{"line":32,"column":25},"end":{"line":38,"column":3}},"line":32},"4":{"name":"(anonymous_4)","decl":{"start":{"line":39,"column":18},"end":{"line":39,"column":19}},"loc":{"start":{"line":39,"column":24},"end":{"line":54,"column":3}},"line":39}},"branchMap":{"0":{"loc":{"start":{"line":33,"column":4},"end":{"line":37,"column":5}},"type":"if","locations":[{"start":{"line":33,"column":4},"end":{"line":37,"column":5}},{"start":{"line":35,"column":11},"end":{"line":37,"column":5}}],"line":33},"1":{"loc":{"start":{"line":40,"column":4},"end":{"line":53,"column":5}},"type":"if","locations":[{"start":{"line":40,"column":4},"end":{"line":53,"column":5}},{"start":{"line":51,"column":11},"end":{"line":53,"column":5}}],"line":40}},"s":{"0":2,"1":2,"2":0,"3":0,"4":0,"5":0,"6":0,"7":0,"8":0,"9":0,"10":0,"11":0,"12":0,"13":0,"14":0,"15":0},"f":{"0":0,"1":0,"2":0,"3":0,"4":0},"b":{"0":[0,0],"1":[0,0]},"_coverageSchema":"1a1c01bbd47fc00a2c39e90264f33305004495a9","hash":"58f1ee67b9b3eb2d6ba365b72f7f849ac670e563"}
,"/Users/jremedyy/hackreactor/Senior Phase/LLFEC/src/Components/Product_Overview/StyleSelector.jsx": {"path":"/Users/jremedyy/hackreactor/Senior Phase/LLFEC/src/Components/Product_Overview/StyleSelector.jsx","statementMap":{"0":{"start":{"line":6,"column":22},"end":{"line":68,"column":1}},"1":{"start":{"line":7,"column":2},"end":{"line":67,"column":4}},"2":{"start":{"line":33,"column":10},"end":{"line":63,"column":11}},"3":{"start":{"line":34,"column":12},"end":{"line":47,"column":14}},"4":{"start":{"line":42,"column":33},"end":{"line":42,"column":54}},"5":{"start":{"line":49,"column":12},"end":{"line":62,"column":14}},"6":{"start":{"line":57,"column":33},"end":{"line":57,"column":54}}},"fnMap":{"0":{"name":"(anonymous_0)","decl":{"start":{"line":6,"column":22},"end":{"line":6,"column":23}},"loc":{"start":{"line":6,"column":33},"end":{"line":68,"column":1}},"line":6},"1":{"name":"(anonymous_1)","decl":{"start":{"line":31,"column":37},"end":{"line":31,"column":38}},"loc":{"start":{"line":31,"column":55},"end":{"line":64,"column":9}},"line":31},"2":{"name":"(anonymous_2)","decl":{"start":{"line":42,"column":27},"end":{"line":42,"column":28}},"loc":{"start":{"line":42,"column":33},"end":{"line":42,"column":54}},"line":42},"3":{"name":"(anonymous_3)","decl":{"start":{"line":57,"column":27},"end":{"line":57,"column":28}},"loc":{"start":{"line":57,"column":33},"end":{"line":57,"column":54}},"line":57}},"branchMap":{"0":{"loc":{"start":{"line":33,"column":10},"end":{"line":63,"column":11}},"type":"if","locations":[{"start":{"line":33,"column":10},"end":{"line":63,"column":11}},{"start":{"line":48,"column":17},"end":{"line":63,"column":11}}],"line":33}},"s":{"0":2,"1":0,"2":0,"3":0,"4":0,"5":0,"6":0},"f":{"0":0,"1":0,"2":0,"3":0},"b":{"0":[0,0]},"_coverageSchema":"1a1c01bbd47fc00a2c39e90264f33305004495a9","hash":"3c9ccf541bea1e23481c150cf4afdd920ae8e225"}
,"/Users/jremedyy/hackreactor/Senior Phase/LLFEC/src/Components/Product_Overview/dummydata.js": {"path":"/Users/jremedyy/hackreactor/Senior Phase/LLFEC/src/Components/Product_Overview/dummydata.js","statementMap":{"0":{"start":{"line":1,"column":13},"end":{"line":395,"column":1}},"1":{"start":{"line":397,"column":0},"end":{"line":397,"column":26}}},"fnMap":{},"branchMap":{},"s":{"0":2,"1":2},"f":{},"b":{},"_coverageSchema":"1a1c01bbd47fc00a2c39e90264f33305004495a9","hash":"6aa15c4ed6054a170253f32285de981dea01baf8"}
,"/Users/jremedyy/hackreactor/Senior Phase/LLFEC/src/Components/Product_Overview/addToCartButtons/AddToBag.jsx": {"path":"/Users/jremedyy/hackreactor/Senior Phase/LLFEC/src/Components/Product_Overview/addToCartButtons/AddToBag.jsx","statementMap":{"0":{"start":{"line":6,"column":17},"end":{"line":33,"column":1}},"1":{"start":{"line":7,"column":20},"end":{"line":13,"column":3}},"2":{"start":{"line":8,"column":4},"end":{"line":12,"column":5}},"3":{"start":{"line":9,"column":6},"end":{"line":9,"column":36}},"4":{"start":{"line":15,"column":2},"end":{"line":32,"column":3}},"5":{"start":{"line":16,"column":4},"end":{"line":29,"column":6}},"6":{"start":{"line":18,"column":23},"end":{"line":18,"column":36}},"7":{"start":{"line":31,"column":4},"end":{"line":31,"column":11}}},"fnMap":{"0":{"name":"(anonymous_0)","decl":{"start":{"line":6,"column":17},"end":{"line":6,"column":18}},"loc":{"start":{"line":6,"column":28},"end":{"line":33,"column":1}},"line":6},"1":{"name":"(anonymous_1)","decl":{"start":{"line":7,"column":20},"end":{"line":7,"column":21}},"loc":{"start":{"line":7,"column":26},"end":{"line":13,"column":3}},"line":7},"2":{"name":"(anonymous_2)","decl":{"start":{"line":18,"column":17},"end":{"line":18,"column":18}},"loc":{"start":{"line":18,"column":23},"end":{"line":18,"column":36}},"line":18}},"branchMap":{"0":{"loc":{"start":{"line":8,"column":4},"end":{"line":12,"column":5}},"type":"if","locations":[{"start":{"line":8,"column":4},"end":{"line":12,"column":5}},{"start":{},"end":{}}],"line":8},"1":{"loc":{"start":{"line":15,"column":2},"end":{"line":32,"column":3}},"type":"if","locations":[{"start":{"line":15,"column":2},"end":{"line":32,"column":3}},{"start":{"line":30,"column":9},"end":{"line":32,"column":3}}],"line":15}},"s":{"0":2,"1":1,"2":0,"3":0,"4":1,"5":1,"6":0,"7":0},"f":{"0":1,"1":0,"2":0},"b":{"0":[0,0],"1":[1,0]},"_coverageSchema":"1a1c01bbd47fc00a2c39e90264f33305004495a9","hash":"7e0b6d8454e2cd0dbc9af252af792d20221705c1"}
,"/Users/jremedyy/hackreactor/Senior Phase/LLFEC/src/Components/Product_Overview/addToCartButtons/Favorite.jsx": {"path":"/Users/jremedyy/hackreactor/Senior Phase/LLFEC/src/Components/Product_Overview/addToCartButtons/Favorite.jsx","statementMap":{"0":{"start":{"line":8,"column":34},"end":{"line":8,"column":49}},"1":{"start":{"line":10,"column":2},"end":{"line":44,"column":3}},"2":{"start":{"line":11,"column":4},"end":{"line":26,"column":6}},"3":{"start":{"line":21,"column":10},"end":{"line":21,"column":33}},"4":{"start":{"line":28,"column":4},"end":{"line":43,"column":6}},"5":{"start":{"line":38,"column":10},"end":{"line":38,"column":33}}},"fnMap":{"0":{"name":"(anonymous_0)","decl":{"start":{"line":7,"column":15},"end":{"line":7,"column":16}},"loc":{"start":{"line":7,"column":27},"end":{"line":45,"column":1}},"line":7},"1":{"name":"(anonymous_1)","decl":{"start":{"line":20,"column":18},"end":{"line":20,"column":19}},"loc":{"start":{"line":20,"column":24},"end":{"line":22,"column":9}},"line":20},"2":{"name":"(anonymous_2)","decl":{"start":{"line":37,"column":18},"end":{"line":37,"column":19}},"loc":{"start":{"line":37,"column":24},"end":{"line":39,"column":9}},"line":37}},"branchMap":{"0":{"loc":{"start":{"line":10,"column":2},"end":{"line":44,"column":3}},"type":"if","locations":[{"start":{"line":10,"column":2},"end":{"line":44,"column":3}},{"start":{"line":27,"column":9},"end":{"line":44,"column":3}}],"line":10}},"s":{"0":1,"1":1,"2":1,"3":0,"4":0,"5":0},"f":{"0":1,"1":0,"2":0},"b":{"0":[1,0]},"_coverageSchema":"1a1c01bbd47fc00a2c39e90264f33305004495a9","hash":"7b506d942eaf0e9a0ed70655dceaa831e2229d1e"}
,"/Users/jremedyy/hackreactor/Senior Phase/LLFEC/src/Components/Product_Overview/addToCartButtons/SelectQuantity.jsx": {"path":"/Users/jremedyy/hackreactor/Senior Phase/LLFEC/src/Components/Product_Overview/addToCartButtons/SelectQuantity.jsx","statementMap":{"0":{"start":{"line":5,"column":29},"end":{"line":96,"column":1}},"1":{"start":{"line":6,"column":34},"end":{"line":6,"column":48}},"2":{"start":{"line":8,"column":15},"end":{"line":8,"column":32}},"3":{"start":{"line":9,"column":22},"end":{"line":11,"column":3}},"4":{"start":{"line":10,"column":4},"end":{"line":10,"column":37}},"5":{"start":{"line":12,"column":22},"end":{"line":14,"column":3}},"6":{"start":{"line":13,"column":4},"end":{"line":13,"column":22}},"7":{"start":{"line":16,"column":23},"end":{"line":19,"column":3}},"8":{"start":{"line":17,"column":4},"end":{"line":17,"column":20}},"9":{"start":{"line":18,"column":4},"end":{"line":18,"column":18}},"10":{"start":{"line":21,"column":14},"end":{"line":21,"column":47}},"11":{"start":{"line":23,"column":26},"end":{"line":23,"column":52}},"12":{"start":{"line":25,"column":2},"end":{"line":29,"column":3}},"13":{"start":{"line":26,"column":4},"end":{"line":26,"column":37}},"14":{"start":{"line":27,"column":9},"end":{"line":29,"column":3}},"15":{"start":{"line":28,"column":4},"end":{"line":28,"column":22}},"16":{"start":{"line":31,"column":2},"end":{"line":95,"column":3}},"17":{"start":{"line":33,"column":4},"end":{"line":52,"column":6}},"18":{"start":{"line":54,"column":4},"end":{"line":94,"column":6}},"19":{"start":{"line":83,"column":12},"end":{"line":90,"column":14}},"20":{"start":{"line":86,"column":32},"end":{"line":86,"column":64}}},"fnMap":{"0":{"name":"(anonymous_0)","decl":{"start":{"line":5,"column":29},"end":{"line":5,"column":30}},"loc":{"start":{"line":5,"column":40},"end":{"line":96,"column":1}},"line":5},"1":{"name":"(anonymous_1)","decl":{"start":{"line":9,"column":22},"end":{"line":9,"column":23}},"loc":{"start":{"line":9,"column":33},"end":{"line":11,"column":3}},"line":9},"2":{"name":"(anonymous_2)","decl":{"start":{"line":12,"column":22},"end":{"line":12,"column":23}},"loc":{"start":{"line":12,"column":28},"end":{"line":14,"column":3}},"line":12},"3":{"name":"(anonymous_3)","decl":{"start":{"line":16,"column":23},"end":{"line":16,"column":24}},"loc":{"start":{"line":16,"column":30},"end":{"line":19,"column":3}},"line":16},"4":{"name":"(anonymous_4)","decl":{"start":{"line":82,"column":59},"end":{"line":82,"column":60}},"loc":{"start":{"line":82,"column":69},"end":{"line":91,"column":11}},"line":82},"5":{"name":"(anonymous_5)","decl":{"start":{"line":86,"column":25},"end":{"line":86,"column":26}},"loc":{"start":{"line":86,"column":32},"end":{"line":86,"column":64}},"line":86}},"branchMap":{"0":{"loc":{"start":{"line":25,"column":2},"end":{"line":29,"column":3}},"type":"if","locations":[{"start":{"line":25,"column":2},"end":{"line":29,"column":3}},{"start":{"line":27,"column":9},"end":{"line":29,"column":3}}],"line":25},"1":{"loc":{"start":{"line":27,"column":9},"end":{"line":29,"column":3}},"type":"if","locations":[{"start":{"line":27,"column":9},"end":{"line":29,"column":3}},{"start":{},"end":{}}],"line":27},"2":{"loc":{"start":{"line":31,"column":2},"end":{"line":95,"column":3}},"type":"if","locations":[{"start":{"line":31,"column":2},"end":{"line":95,"column":3}},{"start":{"line":53,"column":9},"end":{"line":95,"column":3}}],"line":31},"3":{"loc":{"start":{"line":45,"column":23},"end":{"line":45,"column":54}},"type":"cond-expr","locations":[{"start":{"line":45,"column":30},"end":{"line":45,"column":42}},{"start":{"line":45,"column":45},"end":{"line":45,"column":54}}],"line":45},"4":{"loc":{"start":{"line":47,"column":23},"end":{"line":47,"column":48}},"type":"cond-expr","locations":[{"start":{"line":47,"column":30},"end":{"line":47,"column":36}},{"start":{"line":47,"column":39},"end":{"line":47,"column":48}}],"line":47},"5":{"loc":{"start":{"line":66,"column":25},"end":{"line":66,"column":56}},"type":"cond-expr","locations":[{"start":{"line":66,"column":32},"end":{"line":66,"column":44}},{"start":{"line":66,"column":47},"end":{"line":66,"column":56}}],"line":66},"6":{"loc":{"start":{"line":68,"column":25},"end":{"line":68,"column":50}},"type":"cond-expr","locations":[{"start":{"line":68,"column":32},"end":{"line":68,"column":38}},{"start":{"line":68,"column":41},"end":{"line":68,"column":50}}],"line":68}},"s":{"0":2,"1":1,"2":1,"3":1,"4":0,"5":1,"6":0,"7":1,"8":0,"9":0,"10":1,"11":1,"12":1,"13":0,"14":1,"15":0,"16":1,"17":1,"18":0,"19":0,"20":0},"f":{"0":1,"1":0,"2":0,"3":0,"4":0,"5":0},"b":{"0":[0,1],"1":[0,1],"2":[1,0],"3":[0,1],"4":[0,1],"5":[0,0],"6":[0,0]},"_coverageSchema":"1a1c01bbd47fc00a2c39e90264f33305004495a9","hash":"86799af3ddb6e43995410b4caa3fa3fc623ca139"}
,"/Users/jremedyy/hackreactor/Senior Phase/LLFEC/src/Components/Product_Overview/addToCartButtons/SelectSize.jsx": {"path":"/Users/jremedyy/hackreactor/Senior Phase/LLFEC/src/Components/Product_Overview/addToCartButtons/SelectSize.jsx","statementMap":{"0":{"start":{"line":5,"column":25},"end":{"line":97,"column":1}},"1":{"start":{"line":6,"column":34},"end":{"line":6,"column":48}},"2":{"start":{"line":7,"column":15},"end":{"line":7,"column":32}},"3":{"start":{"line":8,"column":22},"end":{"line":11,"column":3}},"4":{"start":{"line":9,"column":4},"end":{"line":9,"column":37}},"5":{"start":{"line":10,"column":4},"end":{"line":10,"column":37}},"6":{"start":{"line":12,"column":22},"end":{"line":14,"column":3}},"7":{"start":{"line":13,"column":4},"end":{"line":13,"column":22}},"8":{"start":{"line":16,"column":23},"end":{"line":20,"column":3}},"9":{"start":{"line":17,"column":4},"end":{"line":17,"column":24}},"10":{"start":{"line":18,"column":4},"end":{"line":18,"column":20}},"11":{"start":{"line":19,"column":4},"end":{"line":19,"column":22}},"12":{"start":{"line":22,"column":14},"end":{"line":22,"column":47}},"13":{"start":{"line":24,"column":19},"end":{"line":32,"column":3}},"14":{"start":{"line":25,"column":4},"end":{"line":29,"column":5}},"15":{"start":{"line":25,"column":17},"end":{"line":25,"column":18}},"16":{"start":{"line":26,"column":6},"end":{"line":28,"column":7}},"17":{"start":{"line":27,"column":8},"end":{"line":27,"column":21}},"18":{"start":{"line":30,"column":4},"end":{"line":30,"column":29}},"19":{"start":{"line":31,"column":4},"end":{"line":31,"column":16}},"20":{"start":{"line":34,"column":2},"end":{"line":96,"column":3}},"21":{"start":{"line":35,"column":4},"end":{"line":55,"column":6}},"22":{"start":{"line":57,"column":4},"end":{"line":95,"column":6}},"23":{"start":{"line":85,"column":12},"end":{"line":91,"column":13}},"24":{"start":{"line":86,"column":14},"end":{"line":90,"column":16}},"25":{"start":{"line":87,"column":49},"end":{"line":87,"column":67}}},"fnMap":{"0":{"name":"(anonymous_0)","decl":{"start":{"line":5,"column":25},"end":{"line":5,"column":26}},"loc":{"start":{"line":5,"column":36},"end":{"line":97,"column":1}},"line":5},"1":{"name":"(anonymous_1)","decl":{"start":{"line":8,"column":22},"end":{"line":8,"column":23}},"loc":{"start":{"line":8,"column":33},"end":{"line":11,"column":3}},"line":8},"2":{"name":"(anonymous_2)","decl":{"start":{"line":12,"column":22},"end":{"line":12,"column":23}},"loc":{"start":{"line":12,"column":28},"end":{"line":14,"column":3}},"line":12},"3":{"name":"(anonymous_3)","decl":{"start":{"line":16,"column":23},"end":{"line":16,"column":24}},"loc":{"start":{"line":16,"column":33},"end":{"line":20,"column":3}},"line":16},"4":{"name":"(anonymous_4)","decl":{"start":{"line":24,"column":19},"end":{"line":24,"column":20}},"loc":{"start":{"line":24,"column":25},"end":{"line":32,"column":3}},"line":24},"5":{"name":"(anonymous_5)","decl":{"start":{"line":84,"column":21},"end":{"line":84,"column":22}},"loc":{"start":{"line":84,"column":34},"end":{"line":92,"column":11}},"line":84},"6":{"name":"(anonymous_6)","decl":{"start":{"line":87,"column":43},"end":{"line":87,"column":44}},"loc":{"start":{"line":87,"column":49},"end":{"line":87,"column":67}},"line":87}},"branchMap":{"0":{"loc":{"start":{"line":26,"column":6},"end":{"line":28,"column":7}},"type":"if","locations":[{"start":{"line":26,"column":6},"end":{"line":28,"column":7}},{"start":{},"end":{}}],"line":26},"1":{"loc":{"start":{"line":34,"column":2},"end":{"line":96,"column":3}},"type":"if","locations":[{"start":{"line":34,"column":2},"end":{"line":96,"column":3}},{"start":{"line":56,"column":9},"end":{"line":96,"column":3}}],"line":34},"2":{"loc":{"start":{"line":47,"column":25},"end":{"line":47,"column":56}},"type":"cond-expr","locations":[{"start":{"line":47,"column":32},"end":{"line":47,"column":44}},{"start":{"line":47,"column":47},"end":{"line":47,"column":56}}],"line":47},"3":{"loc":{"start":{"line":49,"column":25},"end":{"line":49,"column":50}},"type":"cond-expr","locations":[{"start":{"line":49,"column":32},"end":{"line":49,"column":38}},{"start":{"line":49,"column":41},"end":{"line":49,"column":50}}],"line":49},"4":{"loc":{"start":{"line":68,"column":25},"end":{"line":68,"column":56}},"type":"cond-expr","locations":[{"start":{"line":68,"column":32},"end":{"line":68,"column":44}},{"start":{"line":68,"column":47},"end":{"line":68,"column":56}}],"line":68},"5":{"loc":{"start":{"line":70,"column":25},"end":{"line":70,"column":50}},"type":"cond-expr","locations":[{"start":{"line":70,"column":32},"end":{"line":70,"column":38}},{"start":{"line":70,"column":41},"end":{"line":70,"column":50}}],"line":70},"6":{"loc":{"start":{"line":85,"column":12},"end":{"line":91,"column":13}},"type":"if","locations":[{"start":{"line":85,"column":12},"end":{"line":91,"column":13}},{"start":{},"end":{}}],"line":85}},"s":{"0":2,"1":1,"2":1,"3":1,"4":0,"5":0,"6":1,"7":0,"8":1,"9":0,"10":0,"11":0,"12":1,"13":1,"14":1,"15":1,"16":1,"17":1,"18":0,"19":0,"20":1,"21":0,"22":1,"23":6,"24":6,"25":0},"f":{"0":1,"1":0,"2":0,"3":0,"4":1,"5":6,"6":0},"b":{"0":[1,0],"1":[0,1],"2":[0,0],"3":[0,0],"4":[0,1],"5":[0,1],"6":[6,0]},"_coverageSchema":"1a1c01bbd47fc00a2c39e90264f33305004495a9","hash":"71d4e46971676545ab8c026ad53c825e15e83159"}
,"/Users/jremedyy/hackreactor/Senior Phase/LLFEC/src/Components/QuestionsAnswers/AddAnswer.jsx": {"path":"/Users/jremedyy/hackreactor/Senior Phase/LLFEC/src/Components/QuestionsAnswers/AddAnswer.jsx","statementMap":{"0":{"start":{"line":5,"column":18},"end":{"line":22,"column":1}},"1":{"start":{"line":6,"column":2},"end":{"line":21,"column":3}}},"fnMap":{"0":{"name":"(anonymous_0)","decl":{"start":{"line":5,"column":18},"end":{"line":5,"column":19}},"loc":{"start":{"line":5,"column":98},"end":{"line":22,"column":1}},"line":5}},"branchMap":{},"s":{"0":2,"1":0},"f":{"0":0},"b":{},"_coverageSchema":"1a1c01bbd47fc00a2c39e90264f33305004495a9","hash":"5f6d7b1fe68e4b5bab0edf22c600686808e6bb91"}
,"/Users/jremedyy/hackreactor/Senior Phase/LLFEC/src/Components/QuestionsAnswers/AddQuestions.jsx": {"path":"/Users/jremedyy/hackreactor/Senior Phase/LLFEC/src/Components/QuestionsAnswers/AddQuestions.jsx","statementMap":{"0":{"start":{"line":5,"column":21},"end":{"line":22,"column":1}},"1":{"start":{"line":6,"column":2},"end":{"line":21,"column":3}}},"fnMap":{"0":{"name":"(anonymous_0)","decl":{"start":{"line":5,"column":21},"end":{"line":5,"column":22}},"loc":{"start":{"line":5,"column":101},"end":{"line":22,"column":1}},"line":5}},"branchMap":{},"s":{"0":2,"1":0},"f":{"0":0},"b":{},"_coverageSchema":"1a1c01bbd47fc00a2c39e90264f33305004495a9","hash":"c592713dcdf41880b1c03e9be87b51cb0b5ad583"}
,"/Users/jremedyy/hackreactor/Senior Phase/LLFEC/src/Components/QuestionsAnswers/AnswerList.jsx": {"path":"/Users/jremedyy/hackreactor/Senior Phase/LLFEC/src/Components/QuestionsAnswers/AnswerList.jsx","statementMap":{"0":{"start":{"line":8,"column":19},"end":{"line":34,"column":1}},"1":{"start":{"line":10,"column":0},"end":{"line":33,"column":3}},"2":{"start":{"line":11,"column":4},"end":{"line":24,"column":5}},"3":{"start":{"line":14,"column":51},"end":{"line":14,"column":288}},"4":{"start":{"line":26,"column":4},"end":{"line":32,"column":5}},"5":{"start":{"line":29,"column":51},"end":{"line":29,"column":288}}},"fnMap":{"0":{"name":"(anonymous_0)","decl":{"start":{"line":8,"column":19},"end":{"line":8,"column":20}},"loc":{"start":{"line":8,"column":230},"end":{"line":34,"column":1}},"line":8},"1":{"name":"(anonymous_1)","decl":{"start":{"line":14,"column":39},"end":{"line":14,"column":40}},"loc":{"start":{"line":14,"column":51},"end":{"line":14,"column":288}},"line":14},"2":{"name":"(anonymous_2)","decl":{"start":{"line":29,"column":39},"end":{"line":29,"column":40}},"loc":{"start":{"line":29,"column":51},"end":{"line":29,"column":288}},"line":29}},"branchMap":{"0":{"loc":{"start":{"line":10,"column":0},"end":{"line":33,"column":3}},"type":"if","locations":[{"start":{"line":10,"column":0},"end":{"line":33,"column":3}},{"start":{"line":25,"column":9},"end":{"line":33,"column":3}}],"line":10}},"s":{"0":2,"1":0,"2":0,"3":0,"4":0,"5":0},"f":{"0":0,"1":0,"2":0},"b":{"0":[0,0]},"_coverageSchema":"1a1c01bbd47fc00a2c39e90264f33305004495a9","hash":"4a1a75aade5a7d238ffa19cf43ada3b97d06fcad"}
,"/Users/jremedyy/hackreactor/Senior Phase/LLFEC/src/Components/QuestionsAnswers/AnswerListItem.jsx": {"path":"/Users/jremedyy/hackreactor/Senior Phase/LLFEC/src/Components/QuestionsAnswers/AnswerListItem.jsx","statementMap":{"0":{"start":{"line":5,"column":23},"end":{"line":45,"column":1}},"1":{"start":{"line":6,"column":16},"end":{"line":6,"column":32}},"2":{"start":{"line":7,"column":2},"end":{"line":44,"column":3}},"3":{"start":{"line":8,"column":4},"end":{"line":26,"column":5}},"4":{"start":{"line":16,"column":37},"end":{"line":16,"column":114}},"5":{"start":{"line":28,"column":4},"end":{"line":43,"column":5}}},"fnMap":{"0":{"name":"(anonymous_0)","decl":{"start":{"line":5,"column":23},"end":{"line":5,"column":24}},"loc":{"start":{"line":5,"column":101},"end":{"line":45,"column":1}},"line":5},"1":{"name":"(anonymous_1)","decl":{"start":{"line":16,"column":26},"end":{"line":16,"column":27}},"loc":{"start":{"line":16,"column":37},"end":{"line":16,"column":114}},"line":16}},"branchMap":{"0":{"loc":{"start":{"line":7,"column":2},"end":{"line":44,"column":3}},"type":"if","locations":[{"start":{"line":7,"column":2},"end":{"line":44,"column":3}},{"start":{"line":27,"column":9},"end":{"line":44,"column":3}}],"line":7}},"s":{"0":2,"1":0,"2":0,"3":0,"4":0,"5":0},"f":{"0":0,"1":0},"b":{"0":[0,0]},"_coverageSchema":"1a1c01bbd47fc00a2c39e90264f33305004495a9","hash":"40f87bb7610c140e86adf78092dd477e37a595ce"}
,"/Users/jremedyy/hackreactor/Senior Phase/LLFEC/src/Components/QuestionsAnswers/AnswerModal.jsx": {"path":"/Users/jremedyy/hackreactor/Senior Phase/LLFEC/src/Components/QuestionsAnswers/AnswerModal.jsx","statementMap":{"0":{"start":{"line":8,"column":14},"end":{"line":18,"column":1}},"1":{"start":{"line":20,"column":20},"end":{"line":75,"column":1}},"2":{"start":{"line":21,"column":26},"end":{"line":21,"column":47}},"3":{"start":{"line":23,"column":21},"end":{"line":25,"column":3}},"4":{"start":{"line":24,"column":4},"end":{"line":24,"column":18}},"5":{"start":{"line":27,"column":22},"end":{"line":29,"column":3}},"6":{"start":{"line":28,"column":4},"end":{"line":28,"column":19}},"7":{"start":{"line":31,"column":29},"end":{"line":34,"column":3}},"8":{"start":{"line":32,"column":4},"end":{"line":32,"column":21}},"9":{"start":{"line":33,"column":4},"end":{"line":33,"column":18}},"10":{"start":{"line":36,"column":2},"end":{"line":74,"column":4}},"11":{"start":{"line":61,"column":44},"end":{"line":61,"column":117}}},"fnMap":{"0":{"name":"(anonymous_0)","decl":{"start":{"line":20,"column":20},"end":{"line":20,"column":21}},"loc":{"start":{"line":20,"column":164},"end":{"line":75,"column":1}},"line":20},"1":{"name":"(anonymous_1)","decl":{"start":{"line":23,"column":21},"end":{"line":23,"column":22}},"loc":{"start":{"line":23,"column":27},"end":{"line":25,"column":3}},"line":23},"2":{"name":"(anonymous_2)","decl":{"start":{"line":27,"column":22},"end":{"line":27,"column":23}},"loc":{"start":{"line":27,"column":28},"end":{"line":29,"column":3}},"line":27},"3":{"name":"(anonymous_3)","decl":{"start":{"line":31,"column":29},"end":{"line":31,"column":30}},"loc":{"start":{"line":31,"column":35},"end":{"line":34,"column":3}},"line":31},"4":{"name":"(anonymous_4)","decl":{"start":{"line":61,"column":33},"end":{"line":61,"column":34}},"loc":{"start":{"line":61,"column":44},"end":{"line":61,"column":117}},"line":61}},"branchMap":{},"s":{"0":2,"1":2,"2":0,"3":0,"4":0,"5":0,"6":0,"7":0,"8":0,"9":0,"10":0,"11":0},"f":{"0":0,"1":0,"2":0,"3":0,"4":0},"b":{},"_coverageSchema":"1a1c01bbd47fc00a2c39e90264f33305004495a9","hash":"ac353bf4f3f12c17db015e1997e7440945ee065a"}
,"/Users/jremedyy/hackreactor/Senior Phase/LLFEC/src/Components/QuestionsAnswers/AnswerModalPhotos.jsx": {"path":"/Users/jremedyy/hackreactor/Senior Phase/LLFEC/src/Components/QuestionsAnswers/AnswerModalPhotos.jsx","statementMap":{"0":{"start":{"line":9,"column":14},"end":{"line":19,"column":1}},"1":{"start":{"line":21,"column":26},"end":{"line":146,"column":1}},"2":{"start":{"line":22,"column":26},"end":{"line":22,"column":47}},"3":{"start":{"line":23,"column":21},"end":{"line":25,"column":3}},"4":{"start":{"line":24,"column":4},"end":{"line":24,"column":18}},"5":{"start":{"line":26,"column":22},"end":{"line":28,"column":3}},"6":{"start":{"line":27,"column":4},"end":{"line":27,"column":19}},"7":{"start":{"line":30,"column":2},"end":{"line":145,"column":3}},"8":{"start":{"line":31,"column":4},"end":{"line":57,"column":6}},"9":{"start":{"line":47,"column":44},"end":{"line":47,"column":117}},"10":{"start":{"line":58,"column":9},"end":{"line":145,"column":3}},"11":{"start":{"line":59,"column":4},"end":{"line":102,"column":6}},"12":{"start":{"line":82,"column":83},"end":{"line":82,"column":104}},"13":{"start":{"line":86,"column":44},"end":{"line":86,"column":117}},"14":{"start":{"line":104,"column":4},"end":{"line":144,"column":6}},"15":{"start":{"line":127,"column":83},"end":{"line":127,"column":104}}},"fnMap":{"0":{"name":"(anonymous_0)","decl":{"start":{"line":21,"column":26},"end":{"line":21,"column":27}},"loc":{"start":{"line":21,"column":98},"end":{"line":146,"column":1}},"line":21},"1":{"name":"(anonymous_1)","decl":{"start":{"line":23,"column":21},"end":{"line":23,"column":22}},"loc":{"start":{"line":23,"column":27},"end":{"line":25,"column":3}},"line":23},"2":{"name":"(anonymous_2)","decl":{"start":{"line":26,"column":22},"end":{"line":26,"column":23}},"loc":{"start":{"line":26,"column":28},"end":{"line":28,"column":3}},"line":26},"3":{"name":"(anonymous_3)","decl":{"start":{"line":47,"column":33},"end":{"line":47,"column":34}},"loc":{"start":{"line":47,"column":44},"end":{"line":47,"column":117}},"line":47},"4":{"name":"(anonymous_4)","decl":{"start":{"line":82,"column":77},"end":{"line":82,"column":78}},"loc":{"start":{"line":82,"column":83},"end":{"line":82,"column":104}},"line":82},"5":{"name":"(anonymous_5)","decl":{"start":{"line":86,"column":33},"end":{"line":86,"column":34}},"loc":{"start":{"line":86,"column":44},"end":{"line":86,"column":117}},"line":86},"6":{"name":"(anonymous_6)","decl":{"start":{"line":127,"column":77},"end":{"line":127,"column":78}},"loc":{"start":{"line":127,"column":83},"end":{"line":127,"column":104}},"line":127}},"branchMap":{"0":{"loc":{"start":{"line":30,"column":2},"end":{"line":145,"column":3}},"type":"if","locations":[{"start":{"line":30,"column":2},"end":{"line":145,"column":3}},{"start":{"line":58,"column":9},"end":{"line":145,"column":3}}],"line":30},"1":{"loc":{"start":{"line":58,"column":9},"end":{"line":145,"column":3}},"type":"if","locations":[{"start":{"line":58,"column":9},"end":{"line":145,"column":3}},{"start":{"line":103,"column":9},"end":{"line":145,"column":3}}],"line":58}},"s":{"0":2,"1":2,"2":0,"3":0,"4":0,"5":0,"6":0,"7":0,"8":0,"9":0,"10":0,"11":0,"12":0,"13":0,"14":0,"15":0},"f":{"0":0,"1":0,"2":0,"3":0,"4":0,"5":0,"6":0},"b":{"0":[0,0],"1":[0,0]},"_coverageSchema":"1a1c01bbd47fc00a2c39e90264f33305004495a9","hash":"e69aad79f69781c5fc2b0244782966e682a03143"}
,"/Users/jremedyy/hackreactor/Senior Phase/LLFEC/src/Components/QuestionsAnswers/AnswerModalText.jsx": {"path":"/Users/jremedyy/hackreactor/Senior Phase/LLFEC/src/Components/QuestionsAnswers/AnswerModalText.jsx","statementMap":{"0":{"start":{"line":8,"column":14},"end":{"line":18,"column":1}},"1":{"start":{"line":20,"column":24},"end":{"line":75,"column":1}},"2":{"start":{"line":21,"column":26},"end":{"line":21,"column":47}},"3":{"start":{"line":23,"column":21},"end":{"line":25,"column":3}},"4":{"start":{"line":24,"column":4},"end":{"line":24,"column":18}},"5":{"start":{"line":27,"column":22},"end":{"line":29,"column":3}},"6":{"start":{"line":28,"column":4},"end":{"line":28,"column":19}},"7":{"start":{"line":31,"column":29},"end":{"line":34,"column":3}},"8":{"start":{"line":32,"column":4},"end":{"line":32,"column":21}},"9":{"start":{"line":33,"column":4},"end":{"line":33,"column":18}},"10":{"start":{"line":36,"column":2},"end":{"line":74,"column":4}},"11":{"start":{"line":61,"column":44},"end":{"line":61,"column":117}}},"fnMap":{"0":{"name":"(anonymous_0)","decl":{"start":{"line":20,"column":24},"end":{"line":20,"column":25}},"loc":{"start":{"line":20,"column":168},"end":{"line":75,"column":1}},"line":20},"1":{"name":"(anonymous_1)","decl":{"start":{"line":23,"column":21},"end":{"line":23,"column":22}},"loc":{"start":{"line":23,"column":27},"end":{"line":25,"column":3}},"line":23},"2":{"name":"(anonymous_2)","decl":{"start":{"line":27,"column":22},"end":{"line":27,"column":23}},"loc":{"start":{"line":27,"column":28},"end":{"line":29,"column":3}},"line":27},"3":{"name":"(anonymous_3)","decl":{"start":{"line":31,"column":29},"end":{"line":31,"column":30}},"loc":{"start":{"line":31,"column":35},"end":{"line":34,"column":3}},"line":31},"4":{"name":"(anonymous_4)","decl":{"start":{"line":61,"column":33},"end":{"line":61,"column":34}},"loc":{"start":{"line":61,"column":44},"end":{"line":61,"column":117}},"line":61}},"branchMap":{},"s":{"0":2,"1":2,"2":0,"3":0,"4":0,"5":0,"6":0,"7":0,"8":0,"9":0,"10":0,"11":0},"f":{"0":0,"1":0,"2":0,"3":0,"4":0},"b":{},"_coverageSchema":"1a1c01bbd47fc00a2c39e90264f33305004495a9","hash":"7c9b63fd0280670c12fa4e0dcae026ebd7a31160"}
,"/Users/jremedyy/hackreactor/Senior Phase/LLFEC/src/Components/QuestionsAnswers/QuestionList.jsx": {"path":"/Users/jremedyy/hackreactor/Senior Phase/LLFEC/src/Components/QuestionsAnswers/QuestionList.jsx","statementMap":{"0":{"start":{"line":7,"column":21},"end":{"line":31,"column":1}},"1":{"start":{"line":9,"column":2},"end":{"line":30,"column":3}},"2":{"start":{"line":12,"column":47},"end":{"line":12,"column":350}}},"fnMap":{"0":{"name":"(anonymous_0)","decl":{"start":{"line":7,"column":21},"end":{"line":7,"column":22}},"loc":{"start":{"line":7,"column":167},"end":{"line":31,"column":1}},"line":7},"1":{"name":"(anonymous_1)","decl":{"start":{"line":12,"column":33},"end":{"line":12,"column":34}},"loc":{"start":{"line":12,"column":47},"end":{"line":12,"column":350}},"line":12}},"branchMap":{},"s":{"0":2,"1":0,"2":0},"f":{"0":0,"1":0},"b":{},"_coverageSchema":"1a1c01bbd47fc00a2c39e90264f33305004495a9","hash":"77acf994f4ae14d18a9b40f8060588de719d3bf1"}
,"/Users/jremedyy/hackreactor/Senior Phase/LLFEC/src/Components/QuestionsAnswers/QuestionListItem.jsx": {"path":"/Users/jremedyy/hackreactor/Senior Phase/LLFEC/src/Components/QuestionsAnswers/QuestionListItem.jsx","statementMap":{"0":{"start":{"line":8,"column":25},"end":{"line":218,"column":1}},"1":{"start":{"line":9,"column":38},"end":{"line":9,"column":50}},"2":{"start":{"line":10,"column":36},"end":{"line":10,"column":51}},"3":{"start":{"line":11,"column":44},"end":{"line":11,"column":56}},"4":{"start":{"line":12,"column":40},"end":{"line":12,"column":52}},"5":{"start":{"line":13,"column":34},"end":{"line":13,"column":46}},"6":{"start":{"line":14,"column":46},"end":{"line":14,"column":57}},"7":{"start":{"line":15,"column":48},"end":{"line":15,"column":60}},"8":{"start":{"line":16,"column":58},"end":{"line":16,"column":69}},"9":{"start":{"line":17,"column":32},"end":{"line":17,"column":43}},"10":{"start":{"line":18,"column":36},"end":{"line":18,"column":48}},"11":{"start":{"line":19,"column":34},"end":{"line":19,"column":46}},"12":{"start":{"line":21,"column":16},"end":{"line":21,"column":41}},"13":{"start":{"line":23,"column":27},"end":{"line":25,"column":3}},"14":{"start":{"line":24,"column":4},"end":{"line":24,"column":29}},"15":{"start":{"line":27,"column":25},"end":{"line":62,"column":3}},"16":{"start":{"line":28,"column":4},"end":{"line":28,"column":29}},"17":{"start":{"line":29,"column":4},"end":{"line":61,"column":9}},"18":{"start":{"line":37,"column":22},"end":{"line":43,"column":9}},"19":{"start":{"line":44,"column":8},"end":{"line":57,"column":13}},"20":{"start":{"line":46,"column":23},"end":{"line":46,"column":39}},"21":{"start":{"line":47,"column":24},"end":{"line":47,"column":106}},"22":{"start":{"line":47,"column":56},"end":{"line":47,"column":105}},"23":{"start":{"line":48,"column":12},"end":{"line":48,"column":32}},"24":{"start":{"line":49,"column":12},"end":{"line":49,"column":63}},"25":{"start":{"line":50,"column":12},"end":{"line":50,"column":33}},"26":{"start":{"line":51,"column":12},"end":{"line":51,"column":31}},"27":{"start":{"line":52,"column":12},"end":{"line":52,"column":28}},"28":{"start":{"line":53,"column":12},"end":{"line":53,"column":29}},"29":{"start":{"line":56,"column":12},"end":{"line":56,"column":29}},"30":{"start":{"line":60,"column":8},"end":{"line":60,"column":34}},"31":{"start":{"line":64,"column":28},"end":{"line":66,"column":3}},"32":{"start":{"line":65,"column":4},"end":{"line":65,"column":37}},"33":{"start":{"line":68,"column":30},"end":{"line":70,"column":3}},"34":{"start":{"line":69,"column":4},"end":{"line":69,"column":35}},"35":{"start":{"line":72,"column":27},"end":{"line":74,"column":3}},"36":{"start":{"line":73,"column":4},"end":{"line":73,"column":32}},"37":{"start":{"line":76,"column":22},"end":{"line":78,"column":3}},"38":{"start":{"line":77,"column":4},"end":{"line":77,"column":32}},"39":{"start":{"line":80,"column":25},"end":{"line":83,"column":3}},"40":{"start":{"line":81,"column":4},"end":{"line":81,"column":42}},"41":{"start":{"line":82,"column":4},"end":{"line":82,"column":20}},"42":{"start":{"line":85,"column":23},"end":{"line":89,"column":3}},"43":{"start":{"line":86,"column":4},"end":{"line":86,"column":32}},"44":{"start":{"line":87,"column":15},"end":{"line":87,"column":32}},"45":{"start":{"line":88,"column":4},"end":{"line":88,"column":43}},"46":{"start":{"line":91,"column":22},"end":{"line":111,"column":3}},"47":{"start":{"line":92,"column":20},"end":{"line":92,"column":31}},"48":{"start":{"line":93,"column":4},"end":{"line":110,"column":8}},"49":{"start":{"line":95,"column":22},"end":{"line":101,"column":9}},"50":{"start":{"line":102,"column":8},"end":{"line":109,"column":13}},"51":{"start":{"line":104,"column":12},"end":{"line":104,"column":80}},"52":{"start":{"line":105,"column":12},"end":{"line":105,"column":44}},"53":{"start":{"line":108,"column":12},"end":{"line":108,"column":29}},"54":{"start":{"line":113,"column":25},"end":{"line":133,"column":3}},"55":{"start":{"line":114,"column":20},"end":{"line":114,"column":31}},"56":{"start":{"line":115,"column":4},"end":{"line":132,"column":8}},"57":{"start":{"line":117,"column":22},"end":{"line":123,"column":9}},"58":{"start":{"line":124,"column":8},"end":{"line":131,"column":13}},"59":{"start":{"line":126,"column":12},"end":{"line":126,"column":80}},"60":{"start":{"line":127,"column":12},"end":{"line":127,"column":44}},"61":{"start":{"line":130,"column":12},"end":{"line":130,"column":29}},"62":{"start":{"line":135,"column":33},"end":{"line":137,"column":3}},"63":{"start":{"line":136,"column":4},"end":{"line":136,"column":54}},"64":{"start":{"line":139,"column":33},"end":{"line":141,"column":3}},"65":{"start":{"line":140,"column":4},"end":{"line":140,"column":54}},"66":{"start":{"line":143,"column":2},"end":{"line":159,"column":38}},"67":{"start":{"line":144,"column":18},"end":{"line":150,"column":5}},"68":{"start":{"line":151,"column":4},"end":{"line":158,"column":9}},"69":{"start":{"line":153,"column":8},"end":{"line":153,"column":76}},"70":{"start":{"line":154,"column":8},"end":{"line":154,"column":40}},"71":{"start":{"line":157,"column":8},"end":{"line":157,"column":25}},"72":{"start":{"line":161,"column":2},"end":{"line":217,"column":3}},"73":{"start":{"line":162,"column":4},"end":{"line":187,"column":5}},"74":{"start":{"line":189,"column":6},"end":{"line":216,"column":7}}},"fnMap":{"0":{"name":"(anonymous_0)","decl":{"start":{"line":8,"column":25},"end":{"line":8,"column":26}},"loc":{"start":{"line":8,"column":129},"end":{"line":218,"column":1}},"line":8},"1":{"name":"(anonymous_1)","decl":{"start":{"line":23,"column":27},"end":{"line":23,"column":28}},"loc":{"start":{"line":23,"column":33},"end":{"line":25,"column":3}},"line":23},"2":{"name":"(anonymous_2)","decl":{"start":{"line":27,"column":25},"end":{"line":27,"column":26}},"loc":{"start":{"line":27,"column":31},"end":{"line":62,"column":3}},"line":27},"3":{"name":"(anonymous_3)","decl":{"start":{"line":36,"column":12},"end":{"line":36,"column":13}},"loc":{"start":{"line":36,"column":18},"end":{"line":58,"column":7}},"line":36},"4":{"name":"(anonymous_4)","decl":{"start":{"line":45,"column":16},"end":{"line":45,"column":17}},"loc":{"start":{"line":45,"column":25},"end":{"line":54,"column":11}},"line":45},"5":{"name":"(anonymous_5)","decl":{"start":{"line":47,"column":46},"end":{"line":47,"column":47}},"loc":{"start":{"line":47,"column":56},"end":{"line":47,"column":105}},"line":47},"6":{"name":"(anonymous_6)","decl":{"start":{"line":55,"column":17},"end":{"line":55,"column":18}},"loc":{"start":{"line":55,"column":26},"end":{"line":57,"column":11}},"line":55},"7":{"name":"(anonymous_7)","decl":{"start":{"line":59,"column":13},"end":{"line":59,"column":14}},"loc":{"start":{"line":59,"column":22},"end":{"line":61,"column":7}},"line":59},"8":{"name":"(anonymous_8)","decl":{"start":{"line":64,"column":28},"end":{"line":64,"column":29}},"loc":{"start":{"line":64,"column":35},"end":{"line":66,"column":3}},"line":64},"9":{"name":"(anonymous_9)","decl":{"start":{"line":68,"column":30},"end":{"line":68,"column":31}},"loc":{"start":{"line":68,"column":37},"end":{"line":70,"column":3}},"line":68},"10":{"name":"(anonymous_10)","decl":{"start":{"line":72,"column":27},"end":{"line":72,"column":28}},"loc":{"start":{"line":72,"column":34},"end":{"line":74,"column":3}},"line":72},"11":{"name":"(anonymous_11)","decl":{"start":{"line":76,"column":22},"end":{"line":76,"column":23}},"loc":{"start":{"line":76,"column":29},"end":{"line":78,"column":3}},"line":76},"12":{"name":"(anonymous_12)","decl":{"start":{"line":80,"column":25},"end":{"line":80,"column":26}},"loc":{"start":{"line":80,"column":32},"end":{"line":83,"column":3}},"line":80},"13":{"name":"(anonymous_13)","decl":{"start":{"line":85,"column":23},"end":{"line":85,"column":24}},"loc":{"start":{"line":85,"column":30},"end":{"line":89,"column":3}},"line":85},"14":{"name":"(anonymous_14)","decl":{"start":{"line":91,"column":22},"end":{"line":91,"column":23}},"loc":{"start":{"line":91,"column":29},"end":{"line":111,"column":3}},"line":91},"15":{"name":"(anonymous_15)","decl":{"start":{"line":94,"column":12},"end":{"line":94,"column":13}},"loc":{"start":{"line":94,"column":18},"end":{"line":110,"column":7}},"line":94},"16":{"name":"(anonymous_16)","decl":{"start":{"line":103,"column":16},"end":{"line":103,"column":17}},"loc":{"start":{"line":103,"column":25},"end":{"line":106,"column":11}},"line":103},"17":{"name":"(anonymous_17)","decl":{"start":{"line":107,"column":17},"end":{"line":107,"column":18}},"loc":{"start":{"line":107,"column":26},"end":{"line":109,"column":11}},"line":107},"18":{"name":"(anonymous_18)","decl":{"start":{"line":113,"column":25},"end":{"line":113,"column":26}},"loc":{"start":{"line":113,"column":32},"end":{"line":133,"column":3}},"line":113},"19":{"name":"(anonymous_19)","decl":{"start":{"line":116,"column":12},"end":{"line":116,"column":13}},"loc":{"start":{"line":116,"column":18},"end":{"line":132,"column":7}},"line":116},"20":{"name":"(anonymous_20)","decl":{"start":{"line":125,"column":16},"end":{"line":125,"column":17}},"loc":{"start":{"line":125,"column":25},"end":{"line":128,"column":11}},"line":125},"21":{"name":"(anonymous_21)","decl":{"start":{"line":129,"column":17},"end":{"line":129,"column":18}},"loc":{"start":{"line":129,"column":26},"end":{"line":131,"column":11}},"line":129},"22":{"name":"(anonymous_22)","decl":{"start":{"line":135,"column":33},"end":{"line":135,"column":34}},"loc":{"start":{"line":135,"column":39},"end":{"line":137,"column":3}},"line":135},"23":{"name":"(anonymous_23)","decl":{"start":{"line":139,"column":33},"end":{"line":139,"column":34}},"loc":{"start":{"line":139,"column":39},"end":{"line":141,"column":3}},"line":139},"24":{"name":"(anonymous_24)","decl":{"start":{"line":143,"column":12},"end":{"line":143,"column":13}},"loc":{"start":{"line":143,"column":18},"end":{"line":159,"column":3}},"line":143},"25":{"name":"(anonymous_25)","decl":{"start":{"line":152,"column":12},"end":{"line":152,"column":13}},"loc":{"start":{"line":152,"column":21},"end":{"line":155,"column":7}},"line":152},"26":{"name":"(anonymous_26)","decl":{"start":{"line":156,"column":13},"end":{"line":156,"column":14}},"loc":{"start":{"line":156,"column":22},"end":{"line":158,"column":7}},"line":156}},"branchMap":{"0":{"loc":{"start":{"line":161,"column":2},"end":{"line":217,"column":3}},"type":"if","locations":[{"start":{"line":161,"column":2},"end":{"line":217,"column":3}},{"start":{"line":188,"column":9},"end":{"line":217,"column":3}}],"line":161}},"s":{"0":2,"1":0,"2":0,"3":0,"4":0,"5":0,"6":0,"7":0,"8":0,"9":0,"10":0,"11":0,"12":0,"13":0,"14":0,"15":0,"16":0,"17":0,"18":0,"19":0,"20":0,"21":0,"22":0,"23":0,"24":0,"25":0,"26":0,"27":0,"28":0,"29":0,"30":0,"31":0,"32":0,"33":0,"34":0,"35":0,"36":0,"37":0,"38":0,"39":0,"40":0,"41":0,"42":0,"43":0,"44":0,"45":0,"46":0,"47":0,"48":0,"49":0,"50":0,"51":0,"52":0,"53":0,"54":0,"55":0,"56":0,"57":0,"58":0,"59":0,"60":0,"61":0,"62":0,"63":0,"64":0,"65":0,"66":0,"67":0,"68":0,"69":0,"70":0,"71":0,"72":0,"73":0,"74":0},"f":{"0":0,"1":0,"2":0,"3":0,"4":0,"5":0,"6":0,"7":0,"8":0,"9":0,"10":0,"11":0,"12":0,"13":0,"14":0,"15":0,"16":0,"17":0,"18":0,"19":0,"20":0,"21":0,"22":0,"23":0,"24":0,"25":0,"26":0},"b":{"0":[0,0]},"_coverageSchema":"1a1c01bbd47fc00a2c39e90264f33305004495a9","hash":"820261d4604709eaeee94e985dbb6287fec21604"}
,"/Users/jremedyy/hackreactor/Senior Phase/LLFEC/src/Components/QuestionsAnswers/QuestionModal.jsx": {"path":"/Users/jremedyy/hackreactor/Senior Phase/LLFEC/src/Components/QuestionsAnswers/QuestionModal.jsx","statementMap":{"0":{"start":{"line":7,"column":14},"end":{"line":17,"column":1}},"1":{"start":{"line":19,"column":22},"end":{"line":69,"column":1}},"2":{"start":{"line":20,"column":26},"end":{"line":20,"column":47}},"3":{"start":{"line":22,"column":21},"end":{"line":24,"column":3}},"4":{"start":{"line":23,"column":4},"end":{"line":23,"column":18}},"5":{"start":{"line":26,"column":22},"end":{"line":28,"column":3}},"6":{"start":{"line":27,"column":4},"end":{"line":27,"column":19}},"7":{"start":{"line":30,"column":29},"end":{"line":34,"column":3}},"8":{"start":{"line":31,"column":4},"end":{"line":31,"column":25}},"9":{"start":{"line":32,"column":4},"end":{"line":32,"column":20}},"10":{"start":{"line":33,"column":4},"end":{"line":33,"column":18}},"11":{"start":{"line":36,"column":2},"end":{"line":68,"column":4}}},"fnMap":{"0":{"name":"(anonymous_0)","decl":{"start":{"line":19,"column":22},"end":{"line":19,"column":23}},"loc":{"start":{"line":19,"column":102},"end":{"line":69,"column":1}},"line":19},"1":{"name":"(anonymous_1)","decl":{"start":{"line":22,"column":21},"end":{"line":22,"column":22}},"loc":{"start":{"line":22,"column":27},"end":{"line":24,"column":3}},"line":22},"2":{"name":"(anonymous_2)","decl":{"start":{"line":26,"column":22},"end":{"line":26,"column":23}},"loc":{"start":{"line":26,"column":28},"end":{"line":28,"column":3}},"line":26},"3":{"name":"(anonymous_3)","decl":{"start":{"line":30,"column":29},"end":{"line":30,"column":30}},"loc":{"start":{"line":30,"column":35},"end":{"line":34,"column":3}},"line":30}},"branchMap":{},"s":{"0":2,"1":2,"2":0,"3":0,"4":0,"5":0,"6":0,"7":0,"8":0,"9":0,"10":0,"11":0},"f":{"0":0,"1":0,"2":0,"3":0},"b":{},"_coverageSchema":"1a1c01bbd47fc00a2c39e90264f33305004495a9","hash":"9f6c86dd7cbdc6aa5b65feedcde12e2d74161252"}
,"/Users/jremedyy/hackreactor/Senior Phase/LLFEC/src/Components/QuestionsAnswers/Questions.jsx": {"path":"/Users/jremedyy/hackreactor/Senior Phase/LLFEC/src/Components/QuestionsAnswers/Questions.jsx","statementMap":{"0":{"start":{"line":18,"column":18},"end":{"line":263,"column":1}},"1":{"start":{"line":19,"column":36},"end":{"line":19,"column":48}},"2":{"start":{"line":20,"column":48},"end":{"line":20,"column":60}},"3":{"start":{"line":21,"column":28},"end":{"line":21,"column":40}},"4":{"start":{"line":22,"column":34},"end":{"line":22,"column":46}},"5":{"start":{"line":23,"column":46},"end":{"line":23,"column":57}},"6":{"start":{"line":24,"column":52},"end":{"line":24,"column":64}},"7":{"start":{"line":25,"column":34},"end":{"line":25,"column":46}},"8":{"start":{"line":27,"column":27},"end":{"line":29,"column":3}},"9":{"start":{"line":28,"column":4},"end":{"line":28,"column":39}},"10":{"start":{"line":31,"column":24},"end":{"line":33,"column":3}},"11":{"start":{"line":32,"column":4},"end":{"line":32,"column":29}},"12":{"start":{"line":35,"column":23},"end":{"line":37,"column":3}},"13":{"start":{"line":36,"column":4},"end":{"line":36,"column":32}},"14":{"start":{"line":39,"column":16},"end":{"line":68,"column":3}},"15":{"start":{"line":40,"column":22},"end":{"line":40,"column":33}},"16":{"start":{"line":41,"column":4},"end":{"line":67,"column":9}},"17":{"start":{"line":44,"column":22},"end":{"line":53,"column":9}},"18":{"start":{"line":54,"column":8},"end":{"line":66,"column":13}},"19":{"start":{"line":56,"column":23},"end":{"line":60,"column":13}},"20":{"start":{"line":58,"column":16},"end":{"line":59,"column":50}},"21":{"start":{"line":61,"column":12},"end":{"line":61,"column":31}},"22":{"start":{"line":62,"column":12},"end":{"line":62,"column":64}},"23":{"start":{"line":65,"column":12},"end":{"line":65,"column":29}},"24":{"start":{"line":70,"column":19},"end":{"line":100,"column":3}},"25":{"start":{"line":71,"column":22},"end":{"line":71,"column":33}},"26":{"start":{"line":72,"column":4},"end":{"line":99,"column":9}},"27":{"start":{"line":75,"column":22},"end":{"line":84,"column":9}},"28":{"start":{"line":85,"column":8},"end":{"line":98,"column":13}},"29":{"start":{"line":87,"column":23},"end":{"line":91,"column":13}},"30":{"start":{"line":89,"column":16},"end":{"line":90,"column":50}},"31":{"start":{"line":93,"column":12},"end":{"line":93,"column":31}},"32":{"start":{"line":94,"column":12},"end":{"line":94,"column":64}},"33":{"start":{"line":97,"column":12},"end":{"line":97,"column":29}},"34":{"start":{"line":102,"column":24},"end":{"line":139,"column":3}},"35":{"start":{"line":103,"column":4},"end":{"line":138,"column":9}},"36":{"start":{"line":111,"column":22},"end":{"line":121,"column":9}},"37":{"start":{"line":122,"column":8},"end":{"line":137,"column":13}},"38":{"start":{"line":124,"column":23},"end":{"line":128,"column":13}},"39":{"start":{"line":126,"column":16},"end":{"line":127,"column":50}},"40":{"start":{"line":129,"column":24},"end":{"line":131,"column":13}},"41":{"start":{"line":130,"column":24},"end":{"line":130,"column":77}},"42":{"start":{"line":132,"column":12},"end":{"line":132,"column":31}},"43":{"start":{"line":133,"column":12},"end":{"line":133,"column":67}},"44":{"start":{"line":136,"column":12},"end":{"line":136,"column":29}},"45":{"start":{"line":141,"column":25},"end":{"line":143,"column":3}},"46":{"start":{"line":142,"column":4},"end":{"line":142,"column":32}},"47":{"start":{"line":145,"column":28},"end":{"line":147,"column":3}},"48":{"start":{"line":146,"column":4},"end":{"line":146,"column":42}},"49":{"start":{"line":149,"column":2},"end":{"line":173,"column":9}},"50":{"start":{"line":150,"column":18},"end":{"line":159,"column":5}},"51":{"start":{"line":160,"column":4},"end":{"line":172,"column":9}},"52":{"start":{"line":162,"column":19},"end":{"line":166,"column":9}},"53":{"start":{"line":164,"column":12},"end":{"line":165,"column":46}},"54":{"start":{"line":167,"column":8},"end":{"line":167,"column":27}},"55":{"start":{"line":168,"column":8},"end":{"line":168,"column":60}},"56":{"start":{"line":171,"column":8},"end":{"line":171,"column":25}},"57":{"start":{"line":175,"column":2},"end":{"line":199,"column":23}},"58":{"start":{"line":176,"column":18},"end":{"line":185,"column":5}},"59":{"start":{"line":186,"column":4},"end":{"line":198,"column":9}},"60":{"start":{"line":188,"column":19},"end":{"line":192,"column":9}},"61":{"start":{"line":190,"column":12},"end":{"line":191,"column":46}},"62":{"start":{"line":193,"column":8},"end":{"line":193,"column":27}},"63":{"start":{"line":194,"column":8},"end":{"line":194,"column":60}},"64":{"start":{"line":197,"column":8},"end":{"line":197,"column":25}},"65":{"start":{"line":201,"column":2},"end":{"line":238,"column":17}},"66":{"start":{"line":202,"column":15},"end":{"line":202,"column":17}},"67":{"start":{"line":203,"column":4},"end":{"line":237,"column":5}},"68":{"start":{"line":204,"column":6},"end":{"line":210,"column":7}},"69":{"start":{"line":205,"column":8},"end":{"line":209,"column":9}},"70":{"start":{"line":208,"column":10},"end":{"line":208,"column":29}},"71":{"start":{"line":211,"column":6},"end":{"line":211,"column":33}},"72":{"start":{"line":213,"column":20},"end":{"line":223,"column":7}},"73":{"start":{"line":224,"column":6},"end":{"line":236,"column":11}},"74":{"start":{"line":226,"column":21},"end":{"line":230,"column":11}},"75":{"start":{"line":228,"column":14},"end":{"line":229,"column":48}},"76":{"start":{"line":231,"column":10},"end":{"line":231,"column":29}},"77":{"start":{"line":232,"column":10},"end":{"line":232,"column":62}},"78":{"start":{"line":235,"column":10},"end":{"line":235,"column":27}},"79":{"start":{"line":240,"column":2},"end":{"line":262,"column":4}}},"fnMap":{"0":{"name":"(anonymous_0)","decl":{"start":{"line":18,"column":18},"end":{"line":18,"column":19}},"loc":{"start":{"line":18,"column":39},"end":{"line":263,"column":1}},"line":18},"1":{"name":"(anonymous_1)","decl":{"start":{"line":27,"column":27},"end":{"line":27,"column":28}},"loc":{"start":{"line":27,"column":34},"end":{"line":29,"column":3}},"line":27},"2":{"name":"(anonymous_2)","decl":{"start":{"line":31,"column":24},"end":{"line":31,"column":25}},"loc":{"start":{"line":31,"column":31},"end":{"line":33,"column":3}},"line":31},"3":{"name":"(anonymous_3)","decl":{"start":{"line":35,"column":23},"end":{"line":35,"column":24}},"loc":{"start":{"line":35,"column":30},"end":{"line":37,"column":3}},"line":35},"4":{"name":"(anonymous_4)","decl":{"start":{"line":39,"column":16},"end":{"line":39,"column":17}},"loc":{"start":{"line":39,"column":23},"end":{"line":68,"column":3}},"line":39},"5":{"name":"(anonymous_5)","decl":{"start":{"line":43,"column":12},"end":{"line":43,"column":13}},"loc":{"start":{"line":43,"column":18},"end":{"line":67,"column":7}},"line":43},"6":{"name":"(anonymous_6)","decl":{"start":{"line":55,"column":16},"end":{"line":55,"column":17}},"loc":{"start":{"line":55,"column":25},"end":{"line":63,"column":11}},"line":55},"7":{"name":"(anonymous_7)","decl":{"start":{"line":57,"column":14},"end":{"line":57,"column":15}},"loc":{"start":{"line":58,"column":16},"end":{"line":59,"column":50}},"line":58},"8":{"name":"(anonymous_8)","decl":{"start":{"line":64,"column":17},"end":{"line":64,"column":18}},"loc":{"start":{"line":64,"column":26},"end":{"line":66,"column":11}},"line":64},"9":{"name":"(anonymous_9)","decl":{"start":{"line":70,"column":19},"end":{"line":70,"column":20}},"loc":{"start":{"line":70,"column":26},"end":{"line":100,"column":3}},"line":70},"10":{"name":"(anonymous_10)","decl":{"start":{"line":74,"column":12},"end":{"line":74,"column":13}},"loc":{"start":{"line":74,"column":18},"end":{"line":99,"column":7}},"line":74},"11":{"name":"(anonymous_11)","decl":{"start":{"line":86,"column":16},"end":{"line":86,"column":17}},"loc":{"start":{"line":86,"column":25},"end":{"line":95,"column":11}},"line":86},"12":{"name":"(anonymous_12)","decl":{"start":{"line":88,"column":14},"end":{"line":88,"column":15}},"loc":{"start":{"line":89,"column":16},"end":{"line":90,"column":50}},"line":89},"13":{"name":"(anonymous_13)","decl":{"start":{"line":96,"column":17},"end":{"line":96,"column":18}},"loc":{"start":{"line":96,"column":26},"end":{"line":98,"column":11}},"line":96},"14":{"name":"(anonymous_14)","decl":{"start":{"line":102,"column":24},"end":{"line":102,"column":25}},"loc":{"start":{"line":102,"column":30},"end":{"line":139,"column":3}},"line":102},"15":{"name":"(anonymous_15)","decl":{"start":{"line":110,"column":12},"end":{"line":110,"column":13}},"loc":{"start":{"line":110,"column":18},"end":{"line":138,"column":7}},"line":110},"16":{"name":"(anonymous_16)","decl":{"start":{"line":123,"column":16},"end":{"line":123,"column":17}},"loc":{"start":{"line":123,"column":25},"end":{"line":134,"column":11}},"line":123},"17":{"name":"(anonymous_17)","decl":{"start":{"line":125,"column":14},"end":{"line":125,"column":15}},"loc":{"start":{"line":126,"column":16},"end":{"line":127,"column":50}},"line":126},"18":{"name":"(anonymous_18)","decl":{"start":{"line":130,"column":14},"end":{"line":130,"column":15}},"loc":{"start":{"line":130,"column":24},"end":{"line":130,"column":77}},"line":130},"19":{"name":"(anonymous_19)","decl":{"start":{"line":135,"column":17},"end":{"line":135,"column":18}},"loc":{"start":{"line":135,"column":26},"end":{"line":137,"column":11}},"line":135},"20":{"name":"(anonymous_20)","decl":{"start":{"line":141,"column":25},"end":{"line":141,"column":26}},"loc":{"start":{"line":141,"column":32},"end":{"line":143,"column":3}},"line":141},"21":{"name":"(anonymous_21)","decl":{"start":{"line":145,"column":28},"end":{"line":145,"column":29}},"loc":{"start":{"line":145,"column":34},"end":{"line":147,"column":3}},"line":145},"22":{"name":"(anonymous_22)","decl":{"start":{"line":149,"column":12},"end":{"line":149,"column":13}},"loc":{"start":{"line":149,"column":18},"end":{"line":173,"column":3}},"line":149},"23":{"name":"(anonymous_23)","decl":{"start":{"line":161,"column":12},"end":{"line":161,"column":13}},"loc":{"start":{"line":161,"column":21},"end":{"line":169,"column":7}},"line":161},"24":{"name":"(anonymous_24)","decl":{"start":{"line":163,"column":10},"end":{"line":163,"column":11}},"loc":{"start":{"line":164,"column":12},"end":{"line":165,"column":46}},"line":164},"25":{"name":"(anonymous_25)","decl":{"start":{"line":170,"column":13},"end":{"line":170,"column":14}},"loc":{"start":{"line":170,"column":22},"end":{"line":172,"column":7}},"line":170},"26":{"name":"(anonymous_26)","decl":{"start":{"line":175,"column":12},"end":{"line":175,"column":13}},"loc":{"start":{"line":175,"column":18},"end":{"line":199,"column":3}},"line":175},"27":{"name":"(anonymous_27)","decl":{"start":{"line":187,"column":12},"end":{"line":187,"column":13}},"loc":{"start":{"line":187,"column":21},"end":{"line":195,"column":7}},"line":187},"28":{"name":"(anonymous_28)","decl":{"start":{"line":189,"column":10},"end":{"line":189,"column":11}},"loc":{"start":{"line":190,"column":12},"end":{"line":191,"column":46}},"line":190},"29":{"name":"(anonymous_29)","decl":{"start":{"line":196,"column":13},"end":{"line":196,"column":14}},"loc":{"start":{"line":196,"column":22},"end":{"line":198,"column":7}},"line":196},"30":{"name":"(anonymous_30)","decl":{"start":{"line":201,"column":12},"end":{"line":201,"column":13}},"loc":{"start":{"line":201,"column":18},"end":{"line":238,"column":3}},"line":201},"31":{"name":"(anonymous_31)","decl":{"start":{"line":225,"column":14},"end":{"line":225,"column":15}},"loc":{"start":{"line":225,"column":23},"end":{"line":233,"column":9}},"line":225},"32":{"name":"(anonymous_32)","decl":{"start":{"line":227,"column":12},"end":{"line":227,"column":13}},"loc":{"start":{"line":228,"column":14},"end":{"line":229,"column":48}},"line":228},"33":{"name":"(anonymous_33)","decl":{"start":{"line":234,"column":15},"end":{"line":234,"column":16}},"loc":{"start":{"line":234,"column":24},"end":{"line":236,"column":9}},"line":234}},"branchMap":{"0":{"loc":{"start":{"line":203,"column":4},"end":{"line":237,"column":5}},"type":"if","locations":[{"start":{"line":203,"column":4},"end":{"line":237,"column":5}},{"start":{"line":212,"column":11},"end":{"line":237,"column":5}}],"line":203},"1":{"loc":{"start":{"line":205,"column":8},"end":{"line":209,"column":9}},"type":"if","locations":[{"start":{"line":205,"column":8},"end":{"line":209,"column":9}},{"start":{},"end":{}}],"line":205}},"s":{"0":2,"1":0,"2":0,"3":0,"4":0,"5":0,"6":0,"7":0,"8":0,"9":0,"10":0,"11":0,"12":0,"13":0,"14":0,"15":0,"16":0,"17":0,"18":0,"19":0,"20":0,"21":0,"22":0,"23":0,"24":0,"25":0,"26":0,"27":0,"28":0,"29":0,"30":0,"31":0,"32":0,"33":0,"34":0,"35":0,"36":0,"37":0,"38":0,"39":0,"40":0,"41":0,"42":0,"43":0,"44":0,"45":0,"46":0,"47":0,"48":0,"49":0,"50":0,"51":0,"52":0,"53":0,"54":0,"55":0,"56":0,"57":0,"58":0,"59":0,"60":0,"61":0,"62":0,"63":0,"64":0,"65":0,"66":0,"67":0,"68":0,"69":0,"70":0,"71":0,"72":0,"73":0,"74":0,"75":0,"76":0,"77":0,"78":0,"79":0},"f":{"0":0,"1":0,"2":0,"3":0,"4":0,"5":0,"6":0,"7":0,"8":0,"9":0,"10":0,"11":0,"12":0,"13":0,"14":0,"15":0,"16":0,"17":0,"18":0,"19":0,"20":0,"21":0,"22":0,"23":0,"24":0,"25":0,"26":0,"27":0,"28":0,"29":0,"30":0,"31":0,"32":0,"33":0},"b":{"0":[0,0],"1":[0,0]},"_coverageSchema":"1a1c01bbd47fc00a2c39e90264f33305004495a9","hash":"6000ee955215a3d2eed190f3c94921140f5cac85"}
[...]
,"/Users/jremedyy/hackreactor/Senior Phase/LLFEC/src/Components/Reviews/stars.jsx": {"path":"/Users/jremedyy/hackreactor/Senior Phase/LLFEC/src/Components/Reviews/stars.jsx","statementMap":{"0":{"start":{"line":8,"column":14},"end":{"line":51,"column":1}},"1":{"start":{"line":9,"column":30},"end":{"line":9,"column":50}},"2":{"start":{"line":12,"column":2},"end":{"line":39,"column":8}},"3":{"start":{"line":13,"column":18},"end":{"line":22,"column":5}},"4":{"start":{"line":23,"column":4},"end":{"line":38,"column":8}},"5":{"start":{"line":26,"column":26},"end":{"line":26,"column":27}},"6":{"start":{"line":27,"column":27},"end":{"line":27,"column":28}},"7":{"start":{"line":28,"column":8},"end":{"line":31,"column":9}},"8":{"start":{"line":29,"column":10},"end":{"line":29,"column":76}},"9":{"start":{"line":30,"column":10},"end":{"line":30,"column":61}},"10":{"start":{"line":32,"column":24},"end":{"line":32,"column":50}},"11":{"start":{"line":34,"column":8},"end":{"line":34,"column":28}},"12":{"start":{"line":37,"column":8},"end":{"line":37,"column":24}},"13":{"start":{"line":41,"column":2},"end":{"line":50,"column":4}}},"fnMap":{"0":{"name":"(anonymous_0)","decl":{"start":{"line":8,"column":14},"end":{"line":8,"column":15}},"loc":{"start":{"line":8,"column":48},"end":{"line":51,"column":1}},"line":8},"1":{"name":"(anonymous_1)","decl":{"start":{"line":12,"column":18},"end":{"line":12,"column":19}},"loc":{"start":{"line":12,"column":24},"end":{"line":39,"column":3}},"line":12},"2":{"name":"(anonymous_2)","decl":{"start":{"line":24,"column":12},"end":{"line":24,"column":13}},"loc":{"start":{"line":24,"column":25},"end":{"line":35,"column":7}},"line":24},"3":{"name":"(anonymous_3)","decl":{"start":{"line":36,"column":13},"end":{"line":36,"column":14}},"loc":{"start":{"line":36,"column":20},"end":{"line":38,"column":7}},"line":36}},"branchMap":{"0":{"loc":{"start":{"line":8,"column":29},"end":{"line":8,"column":41}},"type":"default-arg","locations":[{"start":{"line":8,"column":34},"end":{"line":8,"column":41}}],"line":8},"1":{"loc":{"start":{"line":47,"column":7},"end":{"line":48,"column":87}},"type":"binary-expr","locations":[{"start":{"line":47,"column":7},"end":{"line":47,"column":13}},{"start":{"line":48,"column":8},"end":{"line":48,"column":87}}],"line":47}},"s":{"0":2,"1":0,"2":0,"3":0,"4":0,"5":0,"6":0,"7":0,"8":0,"9":0,"10":0,"11":0,"12":0,"13":0},"f":{"0":0,"1":0,"2":0,"3":0},"b":{"0":[0],"1":[0,0]},"_coverageSchema":"1a1c01bbd47fc00a2c39e90264f33305004495a9","hash":"7a92d4648ea5592536ae4f8fcc4d023c1d023e1e"}
,"/Users/jremedyy/hackreactor/Senior Phase/LLFEC/src/Components/Reviews/FormComponents/formBodyInput.jsx": {"path":"/Users/jremedyy/hackreactor/Senior Phase/LLFEC/src/Components/Reviews/FormComponents/formBodyInput.jsx","statementMap":{"0":{"start":{"line":4,"column":22},"end":{"line":34,"column":1}},"1":{"start":{"line":6,"column":38},"end":{"line":6,"column":50}},"2":{"start":{"line":8,"column":27},"end":{"line":13,"column":3}},"3":{"start":{"line":9,"column":4},"end":{"line":9,"column":22}},"4":{"start":{"line":10,"column":21},"end":{"line":10,"column":35}},"5":{"start":{"line":11,"column":28},"end":{"line":11,"column":50}},"6":{"start":{"line":12,"column":4},"end":{"line":12,"column":36}},"7":{"start":{"line":15,"column":2},"end":{"line":33,"column":9}},"8":{"start":{"line":29,"column":27},"end":{"line":29,"column":46}}},"fnMap":{"0":{"name":"(anonymous_0)","decl":{"start":{"line":4,"column":22},"end":{"line":4,"column":23}},"loc":{"start":{"line":4,"column":28},"end":{"line":34,"column":1}},"line":4},"1":{"name":"(anonymous_1)","decl":{"start":{"line":8,"column":27},"end":{"line":8,"column":28}},"loc":{"start":{"line":8,"column":34},"end":{"line":13,"column":3}},"line":8},"2":{"name":"(anonymous_2)","decl":{"start":{"line":29,"column":18},"end":{"line":29,"column":19}},"loc":{"start":{"line":29,"column":25},"end":{"line":29,"column":48}},"line":29}},"branchMap":{"0":{"loc":{"start":{"line":31,"column":35},"end":{"line":31,"column":123}},"type":"cond-expr","locations":[{"start":{"line":31,"column":53},"end":{"line":31,"column":102}},{"start":{"line":31,"column":105},"end":{"line":31,"column":123}}],"line":31}},"s":{"0":2,"1":0,"2":0,"3":0,"4":0,"5":0,"6":0,"7":0,"8":0},"f":{"0":0,"1":0,"2":0},"b":{"0":[0,0]},"_coverageSchema":"1a1c01bbd47fc00a2c39e90264f33305004495a9","hash":"e2604232c0b7d16ec28f4db979add65c0460b304"}
,"/Users/jremedyy/hackreactor/Senior Phase/LLFEC/src/Components/Reviews/FormComponents/formCharInput.jsx": {"path":"/Users/jremedyy/hackreactor/Senior Phase/LLFEC/src/Components/Reviews/FormComponents/formCharInput.jsx","statementMap":{"0":{"start":{"line":11,"column":22},"end":{"line":50,"column":1}},"1":{"start":{"line":12,"column":48},"end":{"line":12,"column":87}},"2":{"start":{"line":13,"column":36},"end":{"line":13,"column":50}},"3":{"start":{"line":16,"column":2},"end":{"line":19,"column":8}},"4":{"start":{"line":17,"column":22},"end":{"line":17,"column":62}},"5":{"start":{"line":18,"column":4},"end":{"line":18,"column":27}},"6":{"start":{"line":21,"column":2},"end":{"line":49,"column":4}},"7":{"start":{"line":24,"column":8},"end":{"line":45,"column":16}},"8":{"start":{"line":34,"column":28},"end":{"line":37,"column":14}}},"fnMap":{"0":{"name":"(anonymous_0)","decl":{"start":{"line":11,"column":22},"end":{"line":11,"column":23}},"loc":{"start":{"line":11,"column":40},"end":{"line":50,"column":1}},"line":11},"1":{"name":"(anonymous_1)","decl":{"start":{"line":16,"column":12},"end":{"line":16,"column":13}},"loc":{"start":{"line":16,"column":18},"end":{"line":19,"column":3}},"line":16},"2":{"name":"(anonymous_2)","decl":{"start":{"line":23,"column":34},"end":{"line":23,"column":35}},"loc":{"start":{"line":24,"column":8},"end":{"line":45,"column":16}},"line":24},"3":{"name":"(anonymous_3)","decl":{"start":{"line":34,"column":21},"end":{"line":34,"column":22}},"loc":{"start":{"line":34,"column":28},"end":{"line":37,"column":14}},"line":34}},"branchMap":{"0":{"loc":{"start":{"line":23,"column":7},"end":{"line":46,"column":8}},"type":"binary-expr","locations":[{"start":{"line":23,"column":7},"end":{"line":23,"column":16}},{"start":{"line":23,"column":20},"end":{"line":46,"column":8}}],"line":23},"1":{"loc":{"start":{"line":25,"column":11},"end":{"line":29,"column":15}},"type":"binary-expr","locations":[{"start":{"line":25,"column":11},"end":{"line":25,"column":26}},{"start":{"line":26,"column":12},"end":{"line":29,"column":15}}],"line":25},"2":{"loc":{"start":{"line":28,"column":46},"end":{"line":28,"column":137}},"type":"cond-expr","locations":[{"start":{"line":28,"column":80},"end":{"line":28,"column":111}},{"start":{"line":28,"column":114},"end":{"line":28,"column":137}}],"line":28}},"s":{"0":2,"1":0,"2":0,"3":0,"4":0,"5":0,"6":0,"7":0,"8":0},"f":{"0":0,"1":0,"2":0,"3":0},"b":{"0":[0,0],"1":[0,0],"2":[0,0]},"_coverageSchema":"1a1c01bbd47fc00a2c39e90264f33305004495a9","hash":"52cf51a5403fbd17930be76df1c92f1758456816"}
,"/Users/jremedyy/hackreactor/Senior Phase/LLFEC/src/Components/Reviews/FormComponents/formEmailInput.jsx": {"path":"/Users/jremedyy/hackreactor/Senior Phase/LLFEC/src/Components/Reviews/FormComponents/formEmailInput.jsx","statementMap":{"0":{"start":{"line":5,"column":23},"end":{"line":24,"column":1}},"1":{"start":{"line":6,"column":34},"end":{"line":6,"column":49}},"2":{"start":{"line":9,"column":2},"end":{"line":23,"column":9}},"3":{"start":{"line":20,"column":23},"end":{"line":20,"column":41}}},"fnMap":{"0":{"name":"(anonymous_0)","decl":{"start":{"line":5,"column":23},"end":{"line":5,"column":24}},"loc":{"start":{"line":5,"column":29},"end":{"line":24,"column":1}},"line":5},"1":{"name":"(anonymous_1)","decl":{"start":{"line":20,"column":18},"end":{"line":20,"column":19}},"loc":{"start":{"line":20,"column":22},"end":{"line":20,"column":42}},"line":20}},"branchMap":{"0":{"loc":{"start":{"line":22,"column":3},"end":{"line":22,"column":105}},"type":"binary-expr","locations":[{"start":{"line":22,"column":3},"end":{"line":22,"column":12}},{"start":{"line":22,"column":16},"end":{"line":22,"column":105}}],"line":22}},"s":{"0":2,"1":0,"2":0,"3":0},"f":{"0":0,"1":0},"b":{"0":[0,0]},"_coverageSchema":"1a1c01bbd47fc00a2c39e90264f33305004495a9","hash":"59536c1513b19db740b8fb004e518cc3860e27e5"}
,"/Users/jremedyy/hackreactor/Senior Phase/LLFEC/src/Components/Reviews/FormComponents/formNicknameInput.jsx": {"path":"/Users/jremedyy/hackreactor/Senior Phase/LLFEC/src/Components/Reviews/FormComponents/formNicknameInput.jsx","statementMap":{"0":{"start":{"line":4,"column":26},"end":{"line":27,"column":1}},"1":{"start":{"line":5,"column":40},"end":{"line":5,"column":55}},"2":{"start":{"line":8,"column":2},"end":{"line":26,"column":9}},"3":{"start":{"line":22,"column":10},"end":{"line":22,"column":31}}},"fnMap":{"0":{"name":"(anonymous_0)","decl":{"start":{"line":4,"column":26},"end":{"line":4,"column":27}},"loc":{"start":{"line":4,"column":32},"end":{"line":27,"column":1}},"line":4},"1":{"name":"(anonymous_1)","decl":{"start":{"line":21,"column":18},"end":{"line":21,"column":19}},"loc":{"start":{"line":21,"column":23},"end":{"line":23,"column":9}},"line":21}},"branchMap":{"0":{"loc":{"start":{"line":25,"column":1},"end":{"line":25,"column":121}},"type":"binary-expr","locations":[{"start":{"line":25,"column":1},"end":{"line":25,"column":13}},{"start":{"line":25,"column":17},"end":{"line":25,"column":121}}],"line":25}},"s":{"0":2,"1":0,"2":0,"3":0},"f":{"0":0,"1":0},"b":{"0":[0,0]},"_coverageSchema":"1a1c01bbd47fc00a2c39e90264f33305004495a9","hash":"d43d2663ada2bc18b85c76ff22fe85321aae1293"}
,"/Users/jremedyy/hackreactor/Senior Phase/LLFEC/src/Components/Reviews/FormComponents/formPhotoInput.jsx": {"path":"/Users/jremedyy/hackreactor/Senior Phase/LLFEC/src/Components/Reviews/FormComponents/formPhotoInput.jsx","statementMap":{"0":{"start":{"line":10,"column":23},"end":{"line":101,"column":1}},"1":{"start":{"line":11,"column":30},"end":{"line":11,"column":42}},"2":{"start":{"line":12,"column":42},"end":{"line":12,"column":54}},"3":{"start":{"line":13,"column":26},"end":{"line":13,"column":41}},"4":{"start":{"line":14,"column":21},"end":{"line":14,"column":40}},"5":{"start":{"line":14,"column":27},"end":{"line":14,"column":40}},"6":{"start":{"line":15,"column":22},"end":{"line":15,"column":42}},"7":{"start":{"line":15,"column":28},"end":{"line":15,"column":42}},"8":{"start":{"line":17,"column":32},"end":{"line":17,"column":47}},"9":{"start":{"line":19,"column":28},"end":{"line":27,"column":3}},"10":{"start":{"line":20,"column":4},"end":{"line":20,"column":55}},"11":{"start":{"line":21,"column":21},"end":{"line":21,"column":35}},"12":{"start":{"line":22,"column":27},"end":{"line":22,"column":39}},"13":{"start":{"line":23,"column":4},"end":{"line":23,"column":52}},"14":{"start":{"line":24,"column":4},"end":{"line":24,"column":69}},"15":{"start":{"line":25,"column":4},"end":{"line":25,"column":30}},"16":{"start":{"line":26,"column":4},"end":{"line":26,"column":42}},"17":{"start":{"line":29,"column":28},"end":{"line":36,"column":3}},"18":{"start":{"line":30,"column":21},"end":{"line":30,"column":27}},"19":{"start":{"line":31,"column":27},"end":{"line":31,"column":39}},"20":{"start":{"line":32,"column":4},"end":{"line":32,"column":31}},"21":{"start":{"line":33,"column":4},"end":{"line":33,"column":37}},"22":{"start":{"line":34,"column":4},"end":{"line":34,"column":30}},"23":{"start":{"line":35,"column":4},"end":{"line":35,"column":42}},"24":{"start":{"line":41,"column":15},"end":{"line":47,"column":5}},"25":{"start":{"line":41,"column":45},"end":{"line":47,"column":3}},"26":{"start":{"line":48,"column":16},"end":{"line":61,"column":3}},"27":{"start":{"line":64,"column":2},"end":{"line":100,"column":4}},"28":{"start":{"line":69,"column":10},"end":{"line":69,"column":22}},"29":{"start":{"line":93,"column":12},"end":{"line":93,"column":145}},"30":{"start":{"line":93,"column":111},"end":{"line":93,"column":135}}},"fnMap":{"0":{"name":"(anonymous_0)","decl":{"start":{"line":10,"column":23},"end":{"line":10,"column":24}},"loc":{"start":{"line":10,"column":32},"end":{"line":101,"column":1}},"line":10},"1":{"name":"(anonymous_1)","decl":{"start":{"line":14,"column":21},"end":{"line":14,"column":22}},"loc":{"start":{"line":14,"column":27},"end":{"line":14,"column":40}},"line":14},"2":{"name":"(anonymous_2)","decl":{"start":{"line":15,"column":22},"end":{"line":15,"column":23}},"loc":{"start":{"line":15,"column":28},"end":{"line":15,"column":42}},"line":15},"3":{"name":"(anonymous_3)","decl":{"start":{"line":19,"column":28},"end":{"line":19,"column":29}},"loc":{"start":{"line":19,"column":35},"end":{"line":27,"column":3}},"line":19},"4":{"name":"(anonymous_4)","decl":{"start":{"line":29,"column":28},"end":{"line":29,"column":29}},"loc":{"start":{"line":29,"column":39},"end":{"line":36,"column":3}},"line":29},"5":{"name":"(anonymous_5)","decl":{"start":{"line":41,"column":29},"end":{"line":41,"column":30}},"loc":{"start":{"line":41,"column":45},"end":{"line":47,"column":3}},"line":41},"6":{"name":"(anonymous_6)","decl":{"start":{"line":68,"column":83},"end":{"line":68,"column":84}},"loc":{"start":{"line":68,"column":89},"end":{"line":70,"column":9}},"line":68},"7":{"name":"(anonymous_7)","decl":{"start":{"line":92,"column":21},"end":{"line":92,"column":22}},"loc":{"start":{"line":93,"column":12},"end":{"line":93,"column":145}},"line":93},"8":{"name":"(anonymous_8)","decl":{"start":{"line":93,"column":98},"end":{"line":93,"column":99}},"loc":{"start":{"line":93,"column":109},"end":{"line":93,"column":137}},"line":93}},"branchMap":{"0":{"loc":{"start":{"line":68,"column":9},"end":{"line":72,"column":17}},"type":"binary-expr","locations":[{"start":{"line":68,"column":9},"end":{"line":68,"column":26}},{"start":{"line":68,"column":30},"end":{"line":72,"column":17}}],"line":68},"1":{"loc":{"start":{"line":91,"column":9},"end":{"line":94,"column":12}},"type":"binary-expr","locations":[{"start":{"line":91,"column":9},"end":{"line":91,"column":26}},{"start":{"line":92,"column":10},"end":{"line":94,"column":12}}],"line":91}},"s":{"0":2,"1":0,"2":0,"3":0,"4":0,"5":0,"6":0,"7":0,"8":0,"9":0,"10":0,"11":0,"12":0,"13":0,"14":0,"15":0,"16":0,"17":0,"18":0,"19":0,"20":0,"21":0,"22":0,"23":0,"24":0,"25":0,"26":0,"27":0,"28":0,"29":0,"30":0},"f":{"0":0,"1":0,"2":0,"3":0,"4":0,"5":0,"6":0,"7":0,"8":0},"b":{"0":[0,0],"1":[0,0]},"_coverageSchema":"1a1c01bbd47fc00a2c39e90264f33305004495a9","hash":"fe48266d4ce5cc3b29d8f226f7fcbef9f4384791"}
,"/Users/jremedyy/hackreactor/Senior Phase/LLFEC/src/Components/Reviews/FormComponents/formPhotoModal.jsx": {"path":"/Users/jremedyy/hackreactor/Senior Phase/LLFEC/src/Components/Reviews/FormComponents/formPhotoModal.jsx","statementMap":{"0":{"start":{"line":9,"column":23},"end":{"line":85,"column":1}},"1":{"start":{"line":11,"column":15},"end":{"line":17,"column":5}},"2":{"start":{"line":11,"column":45},"end":{"line":17,"column":3}},"3":{"start":{"line":18,"column":16},"end":{"line":32,"column":3}},"4":{"start":{"line":35,"column":2},"end":{"line":84,"column":4}},"5":{"start":{"line":41,"column":8},"end":{"line":41,"column":34}},"6":{"start":{"line":42,"column":8},"end":{"line":42,"column":28}},"7":{"start":{"line":43,"column":8},"end":{"line":43,"column":21}},"8":{"start":{"line":75,"column":14},"end":{"line":75,"column":147}},"9":{"start":{"line":75,"column":113},"end":{"line":75,"column":137}}},"fnMap":{"0":{"name":"(anonymous_0)","decl":{"start":{"line":9,"column":23},"end":{"line":9,"column":24}},"loc":{"start":{"line":9,"column":90},"end":{"line":85,"column":1}},"line":9},"1":{"name":"(anonymous_1)","decl":{"start":{"line":11,"column":29},"end":{"line":11,"column":30}},"loc":{"start":{"line":11,"column":45},"end":{"line":17,"column":3}},"line":11},"2":{"name":"(anonymous_2)","decl":{"start":{"line":40,"column":16},"end":{"line":40,"column":17}},"loc":{"start":{"line":40,"column":23},"end":{"line":44,"column":7}},"line":40},"3":{"name":"(anonymous_3)","decl":{"start":{"line":74,"column":23},"end":{"line":74,"column":24}},"loc":{"start":{"line":75,"column":14},"end":{"line":75,"column":147}},"line":75},"4":{"name":"(anonymous_4)","decl":{"start":{"line":75,"column":100},"end":{"line":75,"column":101}},"loc":{"start":{"line":75,"column":111},"end":{"line":75,"column":139}},"line":75}},"branchMap":{"0":{"loc":{"start":{"line":73,"column":11},"end":{"line":76,"column":14}},"type":"binary-expr","locations":[{"start":{"line":73,"column":11},"end":{"line":73,"column":28}},{"start":{"line":74,"column":12},"end":{"line":76,"column":14}}],"line":73}},"s":{"0":2,"1":0,"2":0,"3":0,"4":0,"5":0,"6":0,"7":0,"8":0,"9":0},"f":{"0":0,"1":0,"2":0,"3":0,"4":0},"b":{"0":[0,0]},"_coverageSchema":"1a1c01bbd47fc00a2c39e90264f33305004495a9","hash":"a18773f9e862325385f040dee847b7391de9f0d8"}
,"/Users/jremedyy/hackreactor/Senior Phase/LLFEC/src/Components/Reviews/FormComponents/formRatingInput.jsx": {"path":"/Users/jremedyy/hackreactor/Senior Phase/LLFEC/src/Components/Reviews/FormComponents/formRatingInput.jsx","statementMap":{"0":{"start":{"line":7,"column":24},"end":{"line":36,"column":1}},"1":{"start":{"line":8,"column":38},"end":{"line":8,"column":53}},"2":{"start":{"line":9,"column":28},"end":{"line":9,"column":39}},"3":{"start":{"line":12,"column":18},"end":{"line":18,"column":1}},"4":{"start":{"line":19,"column":2},"end":{"line":35,"column":6}},"5":{"start":{"line":28,"column":12},"end":{"line":28,"column":32}},"6":{"start":{"line":29,"column":12},"end":{"line":29,"column":31}}},"fnMap":{"0":{"name":"(anonymous_0)","decl":{"start":{"line":7,"column":24},"end":{"line":7,"column":25}},"loc":{"start":{"line":7,"column":30},"end":{"line":36,"column":1}},"line":7},"1":{"name":"(anonymous_1)","decl":{"start":{"line":27,"column":20},"end":{"line":27,"column":21}},"loc":{"start":{"line":27,"column":40},"end":{"line":30,"column":11}},"line":27}},"branchMap":{"0":{"loc":{"start":{"line":32,"column":9},"end":{"line":32,"column":80}},"type":"binary-expr","locations":[{"start":{"line":32,"column":9},"end":{"line":32,"column":20}},{"start":{"line":32,"column":24},"end":{"line":32,"column":80}}],"line":32}},"s":{"0":2,"1":0,"2":0,"3":0,"4":0,"5":0,"6":0},"f":{"0":0,"1":0},"b":{"0":[0,0]},"_coverageSchema":"1a1c01bbd47fc00a2c39e90264f33305004495a9","hash":"5f069cbde2633637449e6620c4c58462a4147fda"}
,"/Users/jremedyy/hackreactor/Senior Phase/LLFEC/src/Components/Reviews/FormComponents/formValidate.jsx": {"path":"/Users/jremedyy/hackreactor/Senior Phase/LLFEC/src/Components/Reviews/FormComponents/formValidate.jsx","statementMap":{"0":{"start":{"line":6,"column":21},"end":{"line":18,"column":1}},"1":{"start":{"line":9,"column":2},"end":{"line":16,"column":4}}},"fnMap":{"0":{"name":"(anonymous_0)","decl":{"start":{"line":6,"column":21},"end":{"line":6,"column":22}},"loc":{"start":{"line":6,"column":39},"end":{"line":18,"column":1}},"line":6}},"branchMap":{"0":{"loc":{"start":{"line":11,"column":7},"end":{"line":14,"column":14}},"type":"binary-expr","locations":[{"start":{"line":11,"column":7},"end":{"line":11,"column":15}},{"start":{"line":11,"column":19},"end":{"line":14,"column":14}}],"line":11}},"s":{"0":2,"1":0},"f":{"0":0},"b":{"0":[0,0]},"_coverageSchema":"1a1c01bbd47fc00a2c39e90264f33305004495a9","hash":"1131561ca626aa562219ad9fd3ef64fba931e507"}
}
