TN:
SF:config.js
FNF:0
FNH:0
DA:1,2
LF:1
LH:1
BRF:0
BRH:0
end_of_record
TN:
SF:src/Components/App.jsx
FN:9,(anonymous_0)
FN:14,(anonymous_1)
FN:27,(anonymous_2)
FN:33,(anonymous_3)
FNF:4
FNH:0
FNDA:0,(anonymous_0)
FNDA:0,(anonymous_1)
FNDA:0,(anonymous_2)
FNDA:0,(anonymous_3)
DA:9,2
DA:11,0
DA:12,0
DA:14,0
DA:15,0
DA:26,0
DA:28,0
DA:29,0
DA:30,0
DA:31,0
DA:34,0
DA:37,0
LF:12
LH:1
BRDA:39,0,0,0
BRDA:39,0,1,0
BRF:2
BRH:0
end_of_record
TN:
SF:src/Components/Navbar.jsx
FN:5,(anonymous_0)
FNF:1
FNH:0
FNDA:0,(anonymous_0)
DA:5,2
DA:6,0
LF:2
LH:1
BRF:0
BRH:0
end_of_record
TN:
SF:src/Components/NavbarSearch.jsx
FN:7,(anonymous_0)
FN:23,(anonymous_1)
FN:33,(anonymous_2)
FN:47,(anonymous_3)
FNF:4
FNH:0
FNDA:0,(anonymous_0)
FNDA:0,(anonymous_1)
FNDA:0,(anonymous_2)
FNDA:0,(anonymous_3)
DA:7,2
DA:23,2
DA:33,2
DA:47,2
DA:48,0
LF:5
LH:4
BRF:0
BRH:0
end_of_record
TN:
SF:src/Components/CommonComponents/axiosRequest.jsx
FN:4,(anonymous_0)
FN:8,(anonymous_1)
FN:9,(anonymous_2)
FNF:3
FNH:0
FNDA:0,(anonymous_0)
FNDA:0,(anonymous_1)
FNDA:0,(anonymous_2)
DA:4,2
DA:5,0
DA:6,0
DA:7,0
DA:8,0
DA:9,0
DA:10,0
DA:11,0
DA:12,0
DA:14,0
DA:16,0
DA:20,0
LF:12
LH:1
BRF:0
BRH:0
end_of_record
TN:
SF:src/Components/Product_Overview/AddToCart.jsx
FN:8,(anonymous_0)
FNF:1
FNH:0
FNDA:0,(anonymous_0)
DA:8,2
DA:9,0
DA:10,0
DA:11,0
DA:12,0
LF:5
LH:1
BRF:0
BRH:0
end_of_record
TN:
SF:src/Components/Product_Overview/ImgGallery.jsx
FN:7,(anonymous_0)
FN:8,(anonymous_1)
FN:17,(anonymous_2)
FN:21,(anonymous_3)
FN:68,(anonymous_4)
FN:77,(anonymous_5)
FN:87,(anonymous_6)
FN:90,(anonymous_7)
FNF:8
FNH:0
FNDA:0,(anonymous_0)
FNDA:0,(anonymous_1)
FNDA:0,(anonymous_2)
FNDA:0,(anonymous_3)
FNDA:0,(anonymous_4)
FNDA:0,(anonymous_5)
FNDA:0,(anonymous_6)
FNDA:0,(anonymous_7)
DA:7,2
DA:8,0
DA:9,0
DA:10,0
DA:12,0
DA:15,0
DA:17,0
DA:18,0
DA:21,0
DA:22,0
DA:23,0
DA:24,0
DA:25,0
DA:26,0
DA:27,0
DA:28,0
DA:29,0
DA:30,0
DA:31,0
DA:33,0
DA:34,0
DA:35,0
DA:37,0
DA:38,0
DA:39,0
DA:40,0
DA:42,0
DA:43,0
DA:44,0
DA:49,0
DA:69,0
DA:77,0
DA:87,0
DA:90,0
LF:34
LH:1
BRDA:23,0,0,0
BRDA:23,0,1,0
BRDA:23,1,0,0
BRDA:23,1,1,0
BRDA:27,2,0,0
BRDA:27,2,1,0
BRDA:28,3,0,0
BRDA:28,3,1,0
BRDA:37,4,0,0
BRDA:37,4,1,0
BRDA:38,5,0,0
BRDA:38,5,1,0
BRF:12
BRH:0
end_of_record
TN:
SF:src/Components/Product_Overview/Overview.jsx
FN:12,(anonymous_0)
FN:17,(anonymous_1)
FN:28,(anonymous_2)
FN:32,(anonymous_3)
FNF:4
FNH:0
FNDA:0,(anonymous_0)
FNDA:0,(anonymous_1)
FNDA:0,(anonymous_2)
FNDA:0,(anonymous_3)
DA:10,2
DA:12,2
DA:13,0
DA:14,0
DA:15,0
DA:17,0
DA:18,0
DA:27,0
DA:29,0
DA:30,0
DA:33,0
DA:36,0
LF:12
LH:2
BRF:0
BRH:0
end_of_record
TN:
SF:src/Components/Product_Overview/PhotoModal.jsx
FN:25,(anonymous_0)
FN:27,(anonymous_1)
FN:28,(anonymous_2)
FN:42,(anonymous_3)
FNF:4
FNH:0
FNDA:0,(anonymous_0)
FNDA:0,(anonymous_1)
FNDA:0,(anonymous_2)
FNDA:0,(anonymous_3)
DA:8,2
DA:25,2
DA:26,0
DA:27,0
DA:28,0
DA:29,0
DA:31,0
DA:42,0
LF:8
LH:2
BRF:0
BRH:0
end_of_record
TN:
SF:src/Components/Product_Overview/ProductDescription.jsx
FN:8,(anonymous_0)
FNF:1
FNH:0
FNDA:0,(anonymous_0)
DA:8,2
DA:10,0
DA:18,0
DA:33,0
LF:4
LH:1
BRF:0
BRH:0
end_of_record
TN:
SF:src/Components/Product_Overview/ProductInfo.jsx
FN:11,(anonymous_0)
FN:14,(anonymous_1)
FN:26,(anonymous_2)
FN:31,(anonymous_3)
FN:38,(anonymous_4)
FNF:5
FNH:0
FNDA:0,(anonymous_0)
FNDA:0,(anonymous_1)
FNDA:0,(anonymous_2)
FNDA:0,(anonymous_3)
FNDA:0,(anonymous_4)
DA:11,2
DA:12,0
DA:14,0
DA:15,0
DA:26,0
DA:27,0
DA:31,0
DA:32,0
DA:33,0
DA:35,0
DA:38,0
DA:39,0
DA:40,0
DA:51,0
DA:56,0
LF:15
LH:1
BRDA:32,0,0,0
BRDA:32,0,1,0
BRDA:39,1,0,0
BRDA:39,1,1,0
BRF:4
BRH:0
end_of_record
TN:
SF:src/Components/Product_Overview/StyleSelector.jsx
FN:8,(anonymous_0)
FN:32,(anonymous_1)
FN:35,(anonymous_2)
FNF:3
FNH:0
FNDA:0,(anonymous_0)
FNDA:0,(anonymous_1)
FNDA:0,(anonymous_2)
DA:8,2
DA:9,0
DA:33,0
DA:35,0
LF:4
LH:1
BRF:0
BRH:0
end_of_record
TN:
SF:src/Components/Product_Overview/dummydata.js
FNF:0
FNH:0
DA:1,2
DA:397,2
LF:2
LH:2
BRF:0
BRH:0
end_of_record
TN:
SF:src/Components/Product_Overview/addToCartButtons/AddToBag.jsx
FN:4,(anonymous_0)
FNF:1
FNH:0
FNDA:0,(anonymous_0)
DA:4,2
DA:5,0
DA:6,0
DA:20,0
LF:4
LH:1
BRDA:5,0,0,0
BRDA:5,0,1,0
BRF:2
BRH:0
end_of_record
TN:
SF:src/Components/Product_Overview/addToCartButtons/Favorite.jsx
FN:7,(anonymous_0)
FN:20,(anonymous_1)
FN:37,(anonymous_2)
FNF:3
FNH:0
FNDA:0,(anonymous_0)
FNDA:0,(anonymous_1)
FNDA:0,(anonymous_2)
DA:8,0
DA:10,0
DA:11,0
DA:21,0
DA:28,0
DA:38,0
LF:6
LH:0
BRDA:10,0,0,0
BRDA:10,0,1,0
BRF:2
BRH:0
end_of_record
TN:
SF:src/Components/Product_Overview/addToCartButtons/SelectQuantity.jsx
FN:4,(anonymous_0)
FN:8,(anonymous_1)
FN:11,(anonymous_2)
FN:15,(anonymous_3)
FN:81,(anonymous_4)
FN:85,(anonymous_5)
FNF:6
FNH:0
FNDA:0,(anonymous_0)
FNDA:0,(anonymous_1)
FNDA:0,(anonymous_2)
FNDA:0,(anonymous_3)
FNDA:0,(anonymous_4)
FNDA:0,(anonymous_5)
DA:4,2
DA:5,0
DA:7,0
DA:8,0
DA:9,0
DA:11,0
DA:12,0
DA:15,0
DA:16,0
DA:17,0
DA:20,0
DA:22,0
DA:24,0
DA:25,0
DA:26,0
DA:27,0
DA:30,0
DA:32,0
DA:53,0
DA:82,0
DA:85,0
LF:21
LH:1
BRDA:24,0,0,0
BRDA:24,0,1,0
BRDA:26,1,0,0
BRDA:26,1,1,0
BRDA:30,2,0,0
BRDA:30,2,1,0
BRDA:44,3,0,0
BRDA:44,3,1,0
BRDA:46,4,0,0
BRDA:46,4,1,0
BRDA:65,5,0,0
BRDA:65,5,1,0
BRDA:67,6,0,0
BRDA:67,6,1,0
BRF:14
BRH:0
end_of_record
TN:
SF:src/Components/Product_Overview/addToCartButtons/SelectSize.jsx
FN:4,(anonymous_0)
FN:7,(anonymous_1)
FN:10,(anonymous_2)
FN:14,(anonymous_3)
FN:21,(anonymous_4)
FN:80,(anonymous_5)
FN:83,(anonymous_6)
FNF:7
FNH:0
FNDA:0,(anonymous_0)
FNDA:0,(anonymous_1)
FNDA:0,(anonymous_2)
FNDA:0,(anonymous_3)
FNDA:0,(anonymous_4)
FNDA:0,(anonymous_5)
FNDA:0,(anonymous_6)
DA:4,2
DA:5,0
DA:6,0
DA:7,0
DA:8,0
DA:10,0
DA:11,0
DA:14,0
DA:15,0
DA:16,0
DA:17,0
DA:19,0
DA:21,0
DA:22,0
DA:23,0
DA:24,0
DA:27,0
DA:28,0
DA:31,0
DA:32,0
DA:53,0
DA:81,0
DA:82,0
DA:83,0
LF:24
LH:1
BRDA:23,0,0,0
BRDA:23,0,1,0
BRDA:31,1,0,0
BRDA:31,1,1,0
BRDA:43,2,0,0
BRDA:43,2,1,0
BRDA:45,3,0,0
BRDA:45,3,1,0
BRDA:64,4,0,0
BRDA:64,4,1,0
BRDA:66,5,0,0
BRDA:66,5,1,0
BRDA:81,6,0,0
BRDA:81,6,1,0
BRF:14
BRH:0
end_of_record
TN:
SF:src/Components/QuestionsAnswers/AnswerList.jsx
FN:7,(anonymous_0)
FN:13,(anonymous_1)
FN:28,(anonymous_2)
FNF:3
FNH:3
FNDA:2,(anonymous_0)
FNDA:2,(anonymous_1)
FNDA:2,(anonymous_2)
DA:7,7
DA:9,2
DA:10,1
DA:13,2
DA:25,1
DA:28,2
LF:6
LH:6
BRDA:9,0,0,1
BRDA:9,0,1,1
BRF:2
BRH:2
end_of_record
TN:
SF:src/Components/QuestionsAnswers/AnswerListItem.jsx
FN:5,(anonymous_0)
FN:10,(anonymous_1)
FN:26,(anonymous_2)
FNF:3
FNH:2
FNDA:5,(anonymous_0)
FNDA:0,(anonymous_1)
FNDA:1,(anonymous_2)
DA:5,7
DA:6,5
DA:8,5
DA:10,5
DA:11,0
DA:12,0
DA:13,0
DA:17,5
DA:18,1
DA:26,1
DA:38,4
LF:11
LH:8
BRDA:11,0,0,0
BRDA:11,0,1,0
BRDA:17,1,0,1
BRDA:17,1,1,4
BRF:4
BRH:2
end_of_record
TN:
SF:src/Components/QuestionsAnswers/AnswerModal.jsx
FN:20,(anonymous_0)
FN:23,(anonymous_1)
FN:27,(anonymous_2)
FN:31,(anonymous_3)
FN:61,(anonymous_4)
FNF:5
FNH:5
FNDA:9,(anonymous_0)
FNDA:1,(anonymous_1)
FNDA:1,(anonymous_2)
FNDA:1,(anonymous_3)
FNDA:3,(anonymous_4)
DA:8,8
DA:20,8
DA:21,9
DA:23,9
DA:24,1
DA:27,9
DA:28,1
DA:31,9
DA:32,1
DA:33,1
DA:36,9
DA:61,3
LF:12
LH:12
BRF:0
BRH:0
end_of_record
TN:
SF:src/Components/QuestionsAnswers/AnswerModalPhotos.jsx
FN:21,(anonymous_0)
FN:23,(anonymous_1)
FN:26,(anonymous_2)
FN:47,(anonymous_3)
FN:82,(anonymous_4)
FN:86,(anonymous_5)
FN:127,(anonymous_6)
FNF:7
FNH:3
FNDA:5,(anonymous_0)
FNDA:0,(anonymous_1)
FNDA:0,(anonymous_2)
FNDA:5,(anonymous_3)
FNDA:0,(anonymous_4)
FNDA:3,(anonymous_5)
FNDA:0,(anonymous_6)
DA:9,10
DA:21,10
DA:22,5
DA:23,5
DA:24,0
DA:26,5
DA:27,0
DA:30,5
DA:31,1
DA:47,5
DA:58,4
DA:59,3
DA:82,0
DA:86,3
DA:104,1
DA:127,0
LF:16
LH:12
BRDA:30,0,0,1
BRDA:30,0,1,4
BRDA:58,1,0,3
BRDA:58,1,1,1
BRF:4
BRH:4
end_of_record
TN:
SF:src/Components/QuestionsAnswers/AnswerModalText.jsx
FN:20,(anonymous_0)
FN:23,(anonymous_1)
FN:27,(anonymous_2)
FN:31,(anonymous_3)
FN:61,(anonymous_4)
FNF:5
FNH:5
FNDA:9,(anonymous_0)
FNDA:1,(anonymous_1)
FNDA:1,(anonymous_2)
FNDA:1,(anonymous_3)
FNDA:3,(anonymous_4)
DA:8,6
DA:20,6
DA:21,9
DA:23,9
DA:24,1
DA:27,9
DA:28,1
DA:31,9
DA:32,1
DA:33,1
DA:36,9
DA:61,3
LF:12
LH:12
BRF:0
BRH:0
end_of_record
TN:
SF:src/Components/QuestionsAnswers/QuestionList.jsx
FN:7,(anonymous_0)
FN:12,(anonymous_1)
FNF:2
FNH:2
FNDA:2,(anonymous_0)
FNDA:4,(anonymous_1)
DA:7,4
DA:8,2
DA:9,2
DA:12,4
LF:4
LH:4
BRF:0
BRH:0
end_of_record
TN:
SF:src/Components/QuestionsAnswers/QuestionListItem.jsx
FN:8,(anonymous_0)
FN:31,(anonymous_1)
FN:38,(anonymous_2)
FN:42,(anonymous_3)
FN:51,(anonymous_4)
FN:60,(anonymous_5)
FN:62,(anonymous_6)
FN:70,(anonymous_7)
FN:74,(anonymous_8)
FN:79,(anonymous_9)
FN:83,(anonymous_10)
FN:87,(anonymous_11)
FN:91,(anonymous_12)
FN:95,(anonymous_13)
FN:100,(anonymous_14)
FN:106,(anonymous_15)
FN:109,(anonymous_16)
FN:118,(anonymous_17)
FN:122,(anonymous_18)
FN:128,(anonymous_19)
FN:131,(anonymous_20)
FN:140,(anonymous_21)
FN:144,(anonymous_22)
FN:150,(anonymous_23)
FN:154,(anonymous_24)
FN:158,(anonymous_25)
FN:167,(anonymous_26)
FN:171,(anonymous_27)
FNF:28
FNH:2
FNDA:6,(anonymous_0)
FNDA:0,(anonymous_1)
FNDA:0,(anonymous_2)
FNDA:0,(anonymous_3)
FNDA:0,(anonymous_4)
FNDA:0,(anonymous_5)
FNDA:0,(anonymous_6)
FNDA:0,(anonymous_7)
FNDA:0,(anonymous_8)
FNDA:0,(anonymous_9)
FNDA:0,(anonymous_10)
FNDA:0,(anonymous_11)
FNDA:0,(anonymous_12)
FNDA:0,(anonymous_13)
FNDA:0,(anonymous_14)
FNDA:0,(anonymous_15)
FNDA:0,(anonymous_16)
FNDA:0,(anonymous_17)
FNDA:0,(anonymous_18)
FNDA:0,(anonymous_19)
FNDA:0,(anonymous_20)
FNDA:0,(anonymous_21)
FNDA:0,(anonymous_22)
FNDA:0,(anonymous_23)
FNDA:0,(anonymous_24)
FNDA:6,(anonymous_25)
FNDA:0,(anonymous_26)
FNDA:0,(anonymous_27)
DA:8,5
DA:9,6
DA:10,6
DA:11,6
DA:12,6
DA:13,6
DA:14,6
DA:15,6
DA:16,6
DA:17,6
DA:18,6
DA:19,6
DA:20,6
DA:22,6
DA:25,6
DA:26,5
DA:28,1
DA:31,6
DA:32,0
DA:33,0
DA:34,0
DA:38,6
DA:39,0
DA:42,6
DA:43,0
DA:44,0
DA:52,0
DA:59,0
DA:61,0
DA:62,0
DA:63,0
DA:64,0
DA:65,0
DA:66,0
DA:67,0
DA:68,0
DA:71,0
DA:75,0
DA:79,6
DA:80,0
DA:83,6
DA:84,0
DA:87,6
DA:88,0
DA:91,6
DA:92,0
DA:95,6
DA:96,0
DA:97,0
DA:100,6
DA:101,0
DA:102,0
DA:103,0
DA:106,6
DA:107,0
DA:108,0
DA:110,0
DA:117,0
DA:119,0
DA:120,0
DA:123,0
DA:128,6
DA:129,0
DA:130,0
DA:132,0
DA:139,0
DA:141,0
DA:142,0
DA:145,0
DA:150,6
DA:151,0
DA:154,6
DA:155,0
DA:158,6
DA:159,6
DA:166,6
DA:168,0
DA:169,0
DA:172,0
DA:176,6
DA:177,0
DA:204,6
LF:82
LH:35
BRDA:25,0,0,5
BRDA:25,0,1,1
BRDA:32,1,0,0
BRDA:32,1,1,0
BRDA:176,2,0,0
BRDA:176,2,1,6
BRF:6
BRH:3
end_of_record
TN:
SF:src/Components/QuestionsAnswers/QuestionModal.jsx
FN:19,(anonymous_0)
FN:22,(anonymous_1)
FN:26,(anonymous_2)
FN:30,(anonymous_3)
FNF:4
FNH:2
FNDA:4,(anonymous_0)
FNDA:1,(anonymous_1)
FNDA:0,(anonymous_2)
FNDA:0,(anonymous_3)
DA:7,5
DA:19,5
DA:20,4
DA:22,4
DA:23,1
DA:26,4
DA:27,0
DA:30,4
DA:31,0
DA:32,0
DA:35,4
LF:11
LH:8
BRF:0
BRH:0
end_of_record
TN:
SF:src/Components/QuestionsAnswers/Questions.jsx
FN:17,(anonymous_0)
FN:26,(anonymous_1)
FN:30,(anonymous_2)
FN:34,(anonymous_3)
FN:38,(anonymous_4)
FN:42,(anonymous_5)
FN:54,(anonymous_6)
FN:56,(anonymous_7)
FN:63,(anonymous_8)
FN:69,(anonymous_9)
FN:73,(anonymous_10)
FN:85,(anonymous_11)
FN:86,(anonymous_12)
FN:91,(anonymous_13)
FN:97,(anonymous_14)
FN:105,(anonymous_15)
FN:117,(anonymous_16)
FN:119,(anonymous_17)
FN:124,(anonymous_18)
FN:132,(anonymous_19)
FN:138,(anonymous_20)
FN:142,(anonymous_21)
FN:146,(anonymous_22)
FN:158,(anonymous_23)
FN:161,(anonymous_24)
FN:168,(anonymous_25)
FN:173,(anonymous_26)
FN:196,(anonymous_27)
FN:198,(anonymous_28)
FN:205,(anonymous_29)
FNF:30
FNH:7
FNDA:1,(anonymous_0)
FNDA:0,(anonymous_1)
FNDA:0,(anonymous_2)
FNDA:0,(anonymous_3)
FNDA:0,(anonymous_4)
FNDA:0,(anonymous_5)
FNDA:0,(anonymous_6)
FNDA:0,(anonymous_7)
FNDA:0,(anonymous_8)
FNDA:0,(anonymous_9)
FNDA:0,(anonymous_10)
FNDA:0,(anonymous_11)
FNDA:0,(anonymous_12)
FNDA:0,(anonymous_13)
FNDA:0,(anonymous_14)
FNDA:0,(anonymous_15)
FNDA:0,(anonymous_16)
FNDA:0,(anonymous_17)
FNDA:0,(anonymous_18)
FNDA:0,(anonymous_19)
FNDA:0,(anonymous_20)
FNDA:0,(anonymous_21)
FNDA:1,(anonymous_22)
FNDA:1,(anonymous_23)
FNDA:1,(anonymous_24)
FNDA:0,(anonymous_25)
FNDA:1,(anonymous_26)
FNDA:1,(anonymous_27)
FNDA:1,(anonymous_28)
FNDA:0,(anonymous_29)
DA:17,3
DA:18,1
DA:19,1
DA:20,1
DA:21,1
DA:22,1
DA:23,1
DA:24,1
DA:26,1
DA:27,0
DA:30,1
DA:31,0
DA:34,1
DA:35,0
DA:38,1
DA:39,0
DA:40,0
DA:43,0
DA:53,0
DA:55,0
DA:57,0
DA:60,0
DA:61,0
DA:64,0
DA:69,1
DA:70,0
DA:71,0
DA:74,0
DA:84,0
DA:86,0
DA:88,0
DA:89,0
DA:92,0
DA:97,1
DA:98,0
DA:106,0
DA:116,0
DA:118,0
DA:120,0
DA:123,0
DA:124,0
DA:126,0
DA:127,0
DA:128,0
DA:129,0
DA:130,0
DA:133,0
DA:138,1
DA:139,0
DA:142,1
DA:143,0
DA:146,1
DA:147,1
DA:157,1
DA:159,1
DA:160,1
DA:162,1
DA:165,1
DA:166,1
DA:169,0
DA:173,1
DA:174,1
DA:175,1
DA:176,0
DA:177,0
DA:180,0
DA:183,0
DA:185,1
DA:195,1
DA:197,1
DA:199,1
DA:202,1
DA:203,1
DA:206,0
DA:211,1
LF:75
LH:34
BRDA:175,0,0,0
BRDA:175,0,1,1
BRDA:177,1,0,0
BRDA:177,1,1,0
BRF:4
BRH:1
end_of_record
TN:
SF:src/Components/QuestionsAnswers/Search.jsx
FN:6,(anonymous_0)
FNF:1
FNH:1
FNDA:1,(anonymous_0)
DA:6,3
DA:7,1
LF:2
LH:2
BRF:0
BRH:0
end_of_record
TN:
SF:src/Components/Reviews/reviewApp.jsx
FN:11,(anonymous_0)
FN:18,(anonymous_1)
FN:33,(anonymous_2)
FN:47,(anonymous_3)
FN:59,(anonymous_4)
FN:62,(anonymous_5)
FNF:6
FNH:0
FNDA:0,(anonymous_0)
FNDA:0,(anonymous_1)
FNDA:0,(anonymous_2)
FNDA:0,(anonymous_3)
FNDA:0,(anonymous_4)
FNDA:0,(anonymous_5)
DA:11,2
DA:12,0
DA:13,0
DA:14,0
DA:15,0
DA:18,0
DA:26,0
DA:27,0
DA:28,0
DA:29,0
DA:33,0
DA:34,0
DA:35,0
DA:36,0
DA:37,0
DA:39,0
DA:40,0
DA:42,0
DA:43,0
DA:47,0
DA:48,0
DA:58,0
DA:60,0
DA:63,0
DA:67,0
LF:25
LH:1
BRDA:26,0,0,0
BRDA:26,0,1,0
BRDA:36,1,0,0
BRDA:36,1,1,0
BRDA:69,2,0,0
BRDA:69,2,1,0
BRF:6
BRH:0
end_of_record
TN:
SF:src/Components/Reviews/reviewData.jsx
FNF:0
FNH:0
DA:1,2
LF:1
LH:1
BRF:0
BRH:0
end_of_record
TN:
SF:src/Components/Reviews/reviewList.jsx
FN:22,(anonymous_0)
FN:37,(anonymous_1)
FN:47,(anonymous_2)
FN:48,(anonymous_3)
FN:54,(anonymous_4)
FN:60,(anonymous_5)
FN:69,(anonymous_6)
FN:73,(anonymous_7)
FN:89,(anonymous_8)
FN:104,(anonymous_9)
FN:105,(anonymous_10)
FN:119,(anonymous_11)
FN:120,(anonymous_12)
FN:134,(anonymous_13)
FN:165,(anonymous_14)
FN:176,(anonymous_15)
FN:188,(anonymous_16)
FNF:17
FNH:0
FNDA:0,(anonymous_0)
FNDA:0,(anonymous_1)
FNDA:0,(anonymous_2)
FNDA:0,(anonymous_3)
FNDA:0,(anonymous_4)
FNDA:0,(anonymous_5)
FNDA:0,(anonymous_6)
FNDA:0,(anonymous_7)
FNDA:0,(anonymous_8)
FNDA:0,(anonymous_9)
FNDA:0,(anonymous_10)
FNDA:0,(anonymous_11)
FNDA:0,(anonymous_12)
FNDA:0,(anonymous_13)
FNDA:0,(anonymous_14)
FNDA:0,(anonymous_15)
FNDA:0,(anonymous_16)
DA:22,2
DA:37,2
DA:38,0
DA:39,0
DA:40,0
DA:41,0
DA:42,0
DA:43,0
DA:44,0
DA:45,0
DA:46,0
DA:47,0
DA:48,0
DA:54,0
DA:55,0
DA:56,0
DA:60,0
DA:61,0
DA:62,0
DA:63,0
DA:65,0
DA:69,0
DA:70,0
DA:73,0
DA:74,0
DA:75,0
DA:88,0
DA:99,0
DA:101,0
DA:102,0
DA:103,0
DA:104,0
DA:105,0
DA:106,0
DA:107,0
DA:111,0
DA:112,0
DA:114,0
DA:115,0
DA:118,0
DA:119,0
DA:120,0
DA:121,0
DA:122,0
DA:126,0
DA:127,0
DA:129,0
DA:130,0
DA:135,0
DA:143,0
DA:165,0
DA:177,0
DA:188,0
LF:53
LH:2
BRDA:62,0,0,0
BRDA:62,0,1,0
BRDA:102,1,0,0
BRDA:102,1,1,0
BRDA:103,2,0,0
BRDA:103,2,1,0
BRDA:106,3,0,0
BRDA:106,3,1,0
BRDA:118,4,0,0
BRDA:118,4,1,0
BRDA:121,5,0,0
BRDA:121,5,1,0
BRDA:175,6,0,0
BRDA:175,6,1,0
BRDA:175,6,2,0
BRDA:186,7,0,0
BRDA:186,7,1,0
BRDA:186,7,2,0
BRF:18
BRH:0
end_of_record
TN:
SF:src/Components/Reviews/reviewModal.jsx
FN:14,(anonymous_0)
FN:17,(anonymous_1)
FN:24,(anonymous_2)
FN:27,(anonymous_3)
FN:38,(anonymous_4)
FN:52,(anonymous_5)
FN:97,(anonymous_6)
FN:101,(anonymous_7)
FN:113,(anonymous_8)
FNF:9
FNH:0
FNDA:0,(anonymous_0)
FNDA:0,(anonymous_1)
FNDA:0,(anonymous_2)
FNDA:0,(anonymous_3)
FNDA:0,(anonymous_4)
FNDA:0,(anonymous_5)
FNDA:0,(anonymous_6)
FNDA:0,(anonymous_7)
FNDA:0,(anonymous_8)
DA:14,2
DA:17,0
DA:24,0
DA:25,0
DA:27,0
DA:28,0
DA:34,0
DA:38,0
DA:40,0
DA:41,0
DA:42,0
DA:43,0
DA:44,0
DA:45,0
DA:47,0
DA:49,0
DA:50,0
DA:52,0
DA:53,0
DA:54,0
DA:57,0
DA:58,0
DA:59,0
DA:63,0
DA:64,0
DA:66,0
DA:67,0
DA:68,0
DA:69,0
DA:70,0
DA:73,0
DA:74,0
DA:75,0
DA:86,0
DA:87,0
DA:96,0
DA:98,0
DA:102,0
DA:108,0
DA:114,0
DA:115,0
LF:41
LH:1
BRDA:18,0,0,0
BRDA:18,0,1,0
BRDA:49,1,0,0
BRDA:49,1,1,0
BRDA:49,2,0,0
BRDA:49,2,1,0
BRDA:53,3,0,0
BRDA:53,3,1,0
BRDA:53,4,0,0
BRDA:53,4,1,0
BRDA:58,5,0,0
BRDA:58,5,1,0
BRDA:63,6,0,0
BRDA:63,6,1,0
BRDA:63,7,0,0
BRDA:63,7,1,0
BRDA:63,7,2,0
BRDA:66,8,0,0
BRDA:66,8,1,0
BRF:19
BRH:0
end_of_record
TN:
SF:src/Components/Reviews/reviewModalComponents.jsx
FN:23,(anonymous_0)
FN:27,(anonymous_1)
FNF:2
FNH:0
FNDA:0,(anonymous_0)
FNDA:0,(anonymous_1)
DA:23,2
DA:24,0
DA:25,0
DA:27,0
DA:35,0
DA:51,0
LF:6
LH:1
BRF:0
BRH:0
end_of_record
TN:
SF:src/Components/Reviews/reviewNumbers.jsx
FN:14,(anonymous_0)
FN:20,(anonymous_1)
FN:27,(anonymous_2)
FN:36,(anonymous_3)
FN:58,(anonymous_4)
FN:62,(anonymous_5)
FN:94,(anonymous_6)
FN:96,(anonymous_7)
FN:116,(anonymous_8)
FNF:9
FNH:0
FNDA:0,(anonymous_0)
FNDA:0,(anonymous_1)
FNDA:0,(anonymous_2)
FNDA:0,(anonymous_3)
FNDA:0,(anonymous_4)
FNDA:0,(anonymous_5)
FNDA:0,(anonymous_6)
FNDA:0,(anonymous_7)
FNDA:0,(anonymous_8)
DA:14,2
DA:15,0
DA:16,0
DA:17,0
DA:20,0
DA:27,0
DA:36,0
DA:50,0
DA:51,0
DA:52,0
DA:53,0
DA:54,0
DA:55,0
DA:57,0
DA:58,0
DA:59,0
DA:61,0
DA:62,0
DA:63,0
DA:64,0
DA:66,0
DA:71,0
DA:74,0
DA:76,0
DA:78,0
DA:95,0
DA:97,0
DA:117,0
LF:28
LH:1
BRDA:63,0,0,0
BRDA:63,0,1,0
BRDA:76,1,0,0
BRDA:76,1,1,0
BRDA:99,2,0,0
BRDA:99,2,1,0
BRDA:108,3,0,0
BRDA:108,3,1,0
BRF:8
BRH:0
end_of_record
TN:
SF:src/Components/Reviews/reviewTile.jsx
FN:18,(anonymous_0)
FN:40,(anonymous_1)
FN:49,(anonymous_2)
FN:54,(anonymous_3)
FN:56,(anonymous_4)
FN:65,(anonymous_5)
FN:79,(anonymous_6)
FN:82,(anonymous_7)
FN:88,(anonymous_8)
FN:102,(anonymous_9)
FN:105,(anonymous_10)
FN:112,(anonymous_11)
FN:149,(anonymous_12)
FN:158,(anonymous_13)
FN:161,(anonymous_14)
FN:162,(anonymous_15)
FN:191,(anonymous_16)
FN:194,(anonymous_17)
FNF:18
FNH:0
FNDA:0,(anonymous_0)
FNDA:0,(anonymous_1)
FNDA:0,(anonymous_2)
FNDA:0,(anonymous_3)
FNDA:0,(anonymous_4)
FNDA:0,(anonymous_5)
FNDA:0,(anonymous_6)
FNDA:0,(anonymous_7)
FNDA:0,(anonymous_8)
FNDA:0,(anonymous_9)
FNDA:0,(anonymous_10)
FNDA:0,(anonymous_11)
FNDA:0,(anonymous_12)
FNDA:0,(anonymous_13)
FNDA:0,(anonymous_14)
FNDA:0,(anonymous_15)
FNDA:0,(anonymous_16)
FNDA:0,(anonymous_17)
DA:18,2
DA:27,2
DA:40,2
DA:41,0
DA:42,0
DA:43,0
DA:44,0
DA:45,0
DA:46,0
DA:47,0
DA:49,0
DA:50,0
DA:51,0
DA:54,0
DA:56,0
DA:57,0
DA:58,0
DA:59,0
DA:61,0
DA:65,0
DA:66,0
DA:68,0
DA:78,0
DA:80,0
DA:83,0
DA:88,0
DA:89,0
DA:91,0
DA:101,0
DA:103,0
DA:106,0
DA:112,0
DA:114,0
DA:115,0
DA:117,0
DA:118,0
DA:123,0
DA:149,0
DA:158,0
DA:162,0
DA:191,0
DA:194,0
LF:42
LH:3
BRDA:19,0,0,0
BRDA:19,0,1,0
BRDA:58,1,0,0
BRDA:58,1,1,0
BRDA:114,2,0,0
BRDA:114,2,1,0
BRDA:114,3,0,0
BRDA:114,3,1,0
BRDA:117,4,0,0
BRDA:117,4,1,0
BRDA:117,5,0,0
BRDA:117,5,1,0
BRDA:125,6,0,0
BRDA:125,6,1,0
BRDA:143,7,0,0
BRDA:143,7,1,0
BRDA:147,8,0,0
BRDA:147,8,1,0
BRDA:150,9,0,0
BRDA:150,9,1,0
BRDA:153,10,0,0
BRDA:153,10,1,0
BRDA:156,11,0,0
BRDA:156,11,1,0
BRDA:159,12,0,0
BRDA:159,12,1,0
BRDA:160,13,0,0
BRDA:160,13,1,0
BRDA:172,14,0,0
BRDA:172,14,1,0
BRDA:189,15,0,0
BRDA:189,15,1,0
BRDA:192,16,0,0
BRDA:192,16,1,0
BRDA:193,17,0,0
BRDA:193,17,1,0
BRF:36
BRH:0
end_of_record
TN:
SF:src/Components/Reviews/stars.jsx
FN:8,(anonymous_0)
FN:12,(anonymous_1)
FN:24,(anonymous_2)
FN:36,(anonymous_3)
FNF:4
FNH:0
FNDA:0,(anonymous_0)
FNDA:0,(anonymous_1)
FNDA:0,(anonymous_2)
FNDA:0,(anonymous_3)
DA:8,2
DA:9,0
DA:12,0
DA:13,0
DA:23,0
DA:26,0
DA:27,0
DA:28,0
DA:29,0
DA:30,0
DA:32,0
DA:34,0
DA:37,0
DA:41,0
LF:14
LH:1
BRDA:8,0,0,0
BRDA:47,1,0,0
BRDA:47,1,1,0
BRF:3
BRH:0
end_of_record
TN:
SF:src/Components/Reviews/FormComponents/formBodyInput.jsx
FN:4,(anonymous_0)
FN:8,(anonymous_1)
FN:29,(anonymous_2)
FNF:3
FNH:0
FNDA:0,(anonymous_0)
FNDA:0,(anonymous_1)
FNDA:0,(anonymous_2)
DA:4,2
DA:6,0
DA:8,0
DA:9,0
DA:10,0
DA:11,0
DA:12,0
DA:15,0
DA:29,0
LF:9
LH:1
BRDA:31,0,0,0
BRDA:31,0,1,0
BRF:2
BRH:0
end_of_record
TN:
SF:src/Components/Reviews/FormComponents/formCharInput.jsx
FN:11,(anonymous_0)
FN:16,(anonymous_1)
FN:23,(anonymous_2)
FN:34,(anonymous_3)
FNF:4
FNH:0
FNDA:0,(anonymous_0)
FNDA:0,(anonymous_1)
FNDA:0,(anonymous_2)
FNDA:0,(anonymous_3)
DA:11,2
DA:12,0
DA:13,0
DA:16,0
DA:17,0
DA:18,0
DA:21,0
DA:24,0
DA:34,0
LF:9
LH:1
BRDA:23,0,0,0
BRDA:23,0,1,0
BRDA:25,1,0,0
BRDA:25,1,1,0
BRDA:28,2,0,0
BRDA:28,2,1,0
BRF:6
BRH:0
end_of_record
TN:
SF:src/Components/Reviews/FormComponents/formEmailInput.jsx
FN:5,(anonymous_0)
FN:20,(anonymous_1)
FNF:2
FNH:0
FNDA:0,(anonymous_0)
FNDA:0,(anonymous_1)
DA:5,2
DA:6,0
DA:9,0
DA:20,0
LF:4
LH:1
BRDA:22,0,0,0
BRDA:22,0,1,0
BRF:2
BRH:0
end_of_record
TN:
SF:src/Components/Reviews/FormComponents/formNicknameInput.jsx
FN:4,(anonymous_0)
FN:21,(anonymous_1)
FNF:2
FNH:0
FNDA:0,(anonymous_0)
FNDA:0,(anonymous_1)
DA:4,2
DA:5,0
DA:8,0
DA:22,0
LF:4
LH:1
BRDA:25,0,0,0
BRDA:25,0,1,0
BRF:2
BRH:0
end_of_record
TN:
SF:src/Components/Reviews/FormComponents/formPhotoInput.jsx
FN:10,(anonymous_0)
FN:14,(anonymous_1)
FN:15,(anonymous_2)
FN:19,(anonymous_3)
FN:29,(anonymous_4)
FN:41,(anonymous_5)
FN:68,(anonymous_6)
FN:92,(anonymous_7)
FN:93,(anonymous_8)
FNF:9
FNH:0
FNDA:0,(anonymous_0)
FNDA:0,(anonymous_1)
FNDA:0,(anonymous_2)
FNDA:0,(anonymous_3)
FNDA:0,(anonymous_4)
FNDA:0,(anonymous_5)
FNDA:0,(anonymous_6)
FNDA:0,(anonymous_7)
FNDA:0,(anonymous_8)
DA:10,2
DA:11,0
DA:12,0
DA:13,0
DA:14,0
DA:15,0
DA:17,0
DA:19,0
DA:20,0
DA:21,0
DA:22,0
DA:23,0
DA:24,0
DA:25,0
DA:26,0
DA:29,0
DA:30,0
DA:31,0
DA:32,0
DA:33,0
DA:34,0
DA:35,0
DA:41,0
DA:48,0
DA:64,0
DA:69,0
DA:93,0
LF:27
LH:1
BRDA:68,0,0,0
BRDA:68,0,1,0
BRDA:91,1,0,0
BRDA:91,1,1,0
BRF:4
BRH:0
end_of_record
TN:
SF:src/Components/Reviews/FormComponents/formPhotoModal.jsx
FN:9,(anonymous_0)
FN:11,(anonymous_1)
FN:40,(anonymous_2)
FN:74,(anonymous_3)
FN:75,(anonymous_4)
FNF:5
FNH:0
FNDA:0,(anonymous_0)
FNDA:0,(anonymous_1)
FNDA:0,(anonymous_2)
FNDA:0,(anonymous_3)
FNDA:0,(anonymous_4)
DA:9,2
DA:11,0
DA:18,0
DA:35,0
DA:41,0
DA:42,0
DA:43,0
DA:75,0
LF:8
LH:1
BRDA:73,0,0,0
BRDA:73,0,1,0
BRF:2
BRH:0
end_of_record
TN:
SF:src/Components/Reviews/FormComponents/formRatingInput.jsx
FN:7,(anonymous_0)
FN:27,(anonymous_1)
FNF:2
FNH:0
FNDA:0,(anonymous_0)
FNDA:0,(anonymous_1)
DA:7,2
DA:8,0
DA:9,0
DA:12,0
DA:19,0
DA:28,0
DA:29,0
LF:7
LH:1
BRDA:32,0,0,0
BRDA:32,0,1,0
BRF:2
BRH:0
end_of_record
TN:
SF:src/Components/Reviews/FormComponents/formValidate.jsx
FN:6,(anonymous_0)
FNF:1
FNH:0
FNDA:0,(anonymous_0)
DA:6,2
DA:9,0
LF:2
LH:1
BRDA:11,0,0,0
BRDA:11,0,1,0
BRF:2
BRH:0
end_of_record
